{"/Users/siete/Public/psi-manager/src/App.js": {"path":"/Users/siete/Public/psi-manager/src/App.js","statementMap":{"0":{"start":{"line":10,"column":27},"end":{"line":10,"column":46}},"1":{"start":{"line":13,"column":48},"end":{"line":13,"column":89}},"2":{"start":{"line":14,"column":28},"end":{"line":14,"column":67}},"3":{"start":{"line":16,"column":21},"end":{"line":25,"column":3}},"4":{"start":{"line":17,"column":4},"end":{"line":23,"column":5}},"5":{"start":{"line":18,"column":6},"end":{"line":18,"column":46}},"6":{"start":{"line":19,"column":6},"end":{"line":19,"column":25}},"7":{"start":{"line":21,"column":6},"end":{"line":21,"column":39}},"8":{"start":{"line":22,"column":6},"end":{"line":22,"column":21}},"9":{"start":{"line":24,"column":4},"end":{"line":24,"column":35}},"10":{"start":{"line":27,"column":2},"end":{"line":31,"column":9}},"11":{"start":{"line":28,"column":24},"end":{"line":28,"column":53}},"12":{"start":{"line":29,"column":4},"end":{"line":29,"column":26}},"13":{"start":{"line":30,"column":4},"end":{"line":30,"column":38}},"14":{"start":{"line":33,"column":2},"end":{"line":39,"column":9}},"15":{"start":{"line":34,"column":4},"end":{"line":37,"column":6}},"16":{"start":{"line":35,"column":6},"end":{"line":35,"column":41}},"17":{"start":{"line":36,"column":6},"end":{"line":36,"column":51}},"18":{"start":{"line":38,"column":4},"end":{"line":38,"column":54}},"19":{"start":{"line":38,"column":19},"end":{"line":38,"column":51}},"20":{"start":{"line":41,"column":2},"end":{"line":94,"column":4}}},"fnMap":{"0":{"name":"App","decl":{"start":{"line":12,"column":9},"end":{"line":12,"column":12}},"loc":{"start":{"line":12,"column":15},"end":{"line":95,"column":1}},"line":12},"1":{"name":"(anonymous_1)","decl":{"start":{"line":16,"column":21},"end":{"line":16,"column":22}},"loc":{"start":{"line":16,"column":35},"end":{"line":25,"column":3}},"line":16},"2":{"name":"(anonymous_2)","decl":{"start":{"line":27,"column":12},"end":{"line":27,"column":13}},"loc":{"start":{"line":27,"column":18},"end":{"line":31,"column":3}},"line":27},"3":{"name":"(anonymous_3)","decl":{"start":{"line":33,"column":12},"end":{"line":33,"column":13}},"loc":{"start":{"line":33,"column":18},"end":{"line":39,"column":3}},"line":33},"4":{"name":"(anonymous_4)","decl":{"start":{"line":34,"column":31},"end":{"line":34,"column":32}},"loc":{"start":{"line":34,"column":37},"end":{"line":37,"column":5}},"line":34},"5":{"name":"(anonymous_5)","decl":{"start":{"line":38,"column":11},"end":{"line":38,"column":12}},"loc":{"start":{"line":38,"column":17},"end":{"line":38,"column":53}},"line":38}},"branchMap":{"0":{"loc":{"start":{"line":17,"column":4},"end":{"line":23,"column":5}},"type":"if","locations":[{"start":{"line":17,"column":4},"end":{"line":23,"column":5}},{"start":{"line":20,"column":11},"end":{"line":23,"column":5}}],"line":17},"1":{"loc":{"start":{"line":47,"column":44},"end":{"line":47,"column":107}},"type":"cond-expr","locations":[{"start":{"line":47,"column":63},"end":{"line":47,"column":76}},{"start":{"line":47,"column":79},"end":{"line":47,"column":107}}],"line":47},"2":{"loc":{"start":{"line":48,"column":48},"end":{"line":48,"column":106}},"type":"cond-expr","locations":[{"start":{"line":48,"column":66},"end":{"line":48,"column":79}},{"start":{"line":48,"column":82},"end":{"line":48,"column":106}}],"line":48},"3":{"loc":{"start":{"line":49,"column":53},"end":{"line":49,"column":94}},"type":"cond-expr","locations":[{"start":{"line":49,"column":71},"end":{"line":49,"column":83}},{"start":{"line":49,"column":86},"end":{"line":49,"column":94}}],"line":49}},"s":{"0":1,"1":1,"2":1,"3":1,"4":0,"5":0,"6":0,"7":0,"8":0,"9":0,"10":1,"11":1,"12":1,"13":1,"14":1,"15":1,"16":0,"17":0,"18":1,"19":1,"20":1},"f":{"0":1,"1":0,"2":1,"3":1,"4":0,"5":1},"b":{"0":[0,0],"1":[1,0],"2":[0,1],"3":[0,1]},"_coverageSchema":"1a1c01bbd47fc00a2c39e90264f33305004495a9","hash":"1f8e674bb017e3a85a22ede86bcb81fac35a865e"}
,"/Users/siete/Public/psi-manager/src/index.js": {"path":"/Users/siete/Public/psi-manager/src/index.js","statementMap":{"0":{"start":{"line":7,"column":13},"end":{"line":7,"column":65}},"1":{"start":{"line":8,"column":0},"end":{"line":12,"column":2}},"2":{"start":{"line":17,"column":0},"end":{"line":17,"column":18}}},"fnMap":{},"branchMap":{},"s":{"0":0,"1":0,"2":0},"f":{},"b":{}}
,"/Users/siete/Public/psi-manager/src/reportWebVitals.js": {"path":"/Users/siete/Public/psi-manager/src/reportWebVitals.js","statementMap":{"0":{"start":{"line":1,"column":24},"end":{"line":11,"column":1}},"1":{"start":{"line":2,"column":2},"end":{"line":10,"column":3}},"2":{"start":{"line":3,"column":4},"end":{"line":9,"column":7}},"3":{"start":{"line":4,"column":6},"end":{"line":4,"column":26}},"4":{"start":{"line":5,"column":6},"end":{"line":5,"column":26}},"5":{"start":{"line":6,"column":6},"end":{"line":6,"column":26}},"6":{"start":{"line":7,"column":6},"end":{"line":7,"column":26}},"7":{"start":{"line":8,"column":6},"end":{"line":8,"column":27}}},"fnMap":{"0":{"name":"(anonymous_0)","decl":{"start":{"line":1,"column":24},"end":{"line":1,"column":25}},"loc":{"start":{"line":1,"column":39},"end":{"line":11,"column":1}},"line":1},"1":{"name":"(anonymous_1)","decl":{"start":{"line":3,"column":30},"end":{"line":3,"column":31}},"loc":{"start":{"line":3,"column":79},"end":{"line":9,"column":5}},"line":3}},"branchMap":{"0":{"loc":{"start":{"line":2,"column":2},"end":{"line":10,"column":3}},"type":"if","locations":[{"start":{"line":2,"column":2},"end":{"line":10,"column":3}},{"start":{},"end":{}}],"line":2},"1":{"loc":{"start":{"line":2,"column":6},"end":{"line":2,"column":52}},"type":"binary-expr","locations":[{"start":{"line":2,"column":6},"end":{"line":2,"column":17}},{"start":{"line":2,"column":21},"end":{"line":2,"column":52}}],"line":2}},"s":{"0":0,"1":0,"2":0,"3":0,"4":0,"5":0,"6":0,"7":0},"f":{"0":0,"1":0},"b":{"0":[0,0],"1":[0,0]}}
,"/Users/siete/Public/psi-manager/src/components/AppointmentForm/AppointmentForm.js": {"path":"/Users/siete/Public/psi-manager/src/components/AppointmentForm/AppointmentForm.js","statementMap":{"0":{"start":{"line":8,"column":15},"end":{"line":8,"column":89}},"1":{"start":{"line":9,"column":2},"end":{"line":9,"column":29}},"2":{"start":{"line":14,"column":16},"end":{"line":14,"column":18}},"3":{"start":{"line":15,"column":23},"end":{"line":15,"column":42}},"4":{"start":{"line":17,"column":2},"end":{"line":19,"column":3}},"5":{"start":{"line":18,"column":4},"end":{"line":18,"column":26}},"6":{"start":{"line":22,"column":23},"end":{"line":22,"column":45}},"7":{"start":{"line":23,"column":2},"end":{"line":23,"column":59}},"8":{"start":{"line":25,"column":20},"end":{"line":25,"column":42}},"9":{"start":{"line":26,"column":14},"end":{"line":26,"column":15}},"10":{"start":{"line":28,"column":2},"end":{"line":63,"column":3}},"11":{"start":{"line":29,"column":4},"end":{"line":29,"column":38}},"12":{"start":{"line":30,"column":4},"end":{"line":30,"column":12}},"13":{"start":{"line":33,"column":4},"end":{"line":62,"column":5}},"14":{"start":{"line":36,"column":8},"end":{"line":36,"column":55}},"15":{"start":{"line":37,"column":8},"end":{"line":37,"column":14}},"16":{"start":{"line":40,"column":8},"end":{"line":40,"column":56}},"17":{"start":{"line":41,"column":8},"end":{"line":41,"column":14}},"18":{"start":{"line":44,"column":26},"end":{"line":44,"column":47}},"19":{"start":{"line":45,"column":8},"end":{"line":45,"column":53}},"20":{"start":{"line":49,"column":28},"end":{"line":49,"column":50}},"21":{"start":{"line":50,"column":35},"end":{"line":50,"column":107}},"22":{"start":{"line":52,"column":8},"end":{"line":56,"column":9}},"23":{"start":{"line":53,"column":10},"end":{"line":53,"column":48}},"24":{"start":{"line":55,"column":10},"end":{"line":55,"column":41}},"25":{"start":{"line":58,"column":8},"end":{"line":58,"column":32}},"26":{"start":{"line":59,"column":8},"end":{"line":59,"column":14}},"27":{"start":{"line":61,"column":8},"end":{"line":61,"column":21}},"28":{"start":{"line":65,"column":2},"end":{"line":65,"column":15}},"29":{"start":{"line":80,"column":56},"end":{"line":80,"column":79}},"30":{"start":{"line":82,"column":4},"end":{"line":84,"column":24}},"31":{"start":{"line":83,"column":6},"end":{"line":83,"column":43}},"32":{"start":{"line":85,"column":34},"end":{"line":92,"column":4}},"33":{"start":{"line":94,"column":32},"end":{"line":94,"column":47}},"34":{"start":{"line":95,"column":56},"end":{"line":95,"column":72}},"35":{"start":{"line":96,"column":42},"end":{"line":101,"column":4}},"36":{"start":{"line":104,"column":2},"end":{"line":131,"column":45}},"37":{"start":{"line":105,"column":4},"end":{"line":130,"column":5}},"38":{"start":{"line":107,"column":6},"end":{"line":107,"column":69}},"39":{"start":{"line":109,"column":6},"end":{"line":129,"column":7}},"40":{"start":{"line":111,"column":8},"end":{"line":118,"column":11}},"41":{"start":{"line":121,"column":8},"end":{"line":128,"column":11}},"42":{"start":{"line":134,"column":2},"end":{"line":136,"column":15}},"43":{"start":{"line":135,"column":4},"end":{"line":135,"column":35}},"44":{"start":{"line":138,"column":23},"end":{"line":143,"column":3}},"45":{"start":{"line":139,"column":4},"end":{"line":142,"column":8}},"46":{"start":{"line":139,"column":25},"end":{"line":142,"column":5}},"47":{"start":{"line":145,"column":23},"end":{"line":226,"column":3}},"48":{"start":{"line":146,"column":4},"end":{"line":146,"column":23}},"49":{"start":{"line":148,"column":4},"end":{"line":154,"column":5}},"50":{"start":{"line":149,"column":6},"end":{"line":152,"column":9}},"51":{"start":{"line":153,"column":6},"end":{"line":153,"column":13}},"52":{"start":{"line":156,"column":4},"end":{"line":156,"column":21}},"53":{"start":{"line":157,"column":4},"end":{"line":225,"column":5}},"54":{"start":{"line":159,"column":6},"end":{"line":171,"column":7}},"55":{"start":{"line":160,"column":32},"end":{"line":165,"column":9}},"56":{"start":{"line":167,"column":37},"end":{"line":167,"column":90}},"57":{"start":{"line":168,"column":8},"end":{"line":168,"column":80}},"58":{"start":{"line":169,"column":8},"end":{"line":169,"column":18}},"59":{"start":{"line":170,"column":8},"end":{"line":170,"column":15}},"60":{"start":{"line":174,"column":6},"end":{"line":215,"column":7}},"61":{"start":{"line":176,"column":32},"end":{"line":181,"column":9}},"62":{"start":{"line":182,"column":8},"end":{"line":182,"column":65}},"63":{"start":{"line":185,"column":26},"end":{"line":185,"column":49}},"64":{"start":{"line":186,"column":29},"end":{"line":186,"column":82}},"65":{"start":{"line":188,"column":24},"end":{"line":188,"column":51}},"66":{"start":{"line":189,"column":33},"end":{"line":189,"column":35}},"67":{"start":{"line":190,"column":8},"end":{"line":197,"column":9}},"68":{"start":{"line":191,"column":10},"end":{"line":191,"column":55}},"69":{"start":{"line":192,"column":15},"end":{"line":197,"column":9}},"70":{"start":{"line":193,"column":10},"end":{"line":193,"column":64}},"71":{"start":{"line":194,"column":15},"end":{"line":197,"column":9}},"72":{"start":{"line":195,"column":28},"end":{"line":195,"column":47}},"73":{"start":{"line":196,"column":10},"end":{"line":196,"column":65}},"74":{"start":{"line":198,"column":31},"end":{"line":198,"column":228}},"75":{"start":{"line":200,"column":32},"end":{"line":205,"column":9}},"76":{"start":{"line":207,"column":8},"end":{"line":212,"column":11}},"77":{"start":{"line":213,"column":8},"end":{"line":213,"column":26}},"78":{"start":{"line":214,"column":8},"end":{"line":214,"column":15}},"79":{"start":{"line":216,"column":6},"end":{"line":216,"column":16}},"80":{"start":{"line":218,"column":6},"end":{"line":218,"column":56}},"81":{"start":{"line":219,"column":6},"end":{"line":222,"column":9}},"82":{"start":{"line":224,"column":6},"end":{"line":224,"column":24}},"83":{"start":{"line":229,"column":39},"end":{"line":245,"column":3}},"84":{"start":{"line":230,"column":4},"end":{"line":230,"column":95}},"85":{"start":{"line":231,"column":4},"end":{"line":231,"column":21}},"86":{"start":{"line":233,"column":4},"end":{"line":244,"column":5}},"87":{"start":{"line":234,"column":6},"end":{"line":234,"column":55}},"88":{"start":{"line":235,"column":6},"end":{"line":235,"column":16}},"89":{"start":{"line":237,"column":6},"end":{"line":237,"column":67}},"90":{"start":{"line":238,"column":6},"end":{"line":241,"column":9}},"91":{"start":{"line":243,"column":6},"end":{"line":243,"column":24}},"92":{"start":{"line":248,"column":29},"end":{"line":250,"column":3}},"93":{"start":{"line":249,"column":4},"end":{"line":249,"column":95}},"94":{"start":{"line":252,"column":23},"end":{"line":262,"column":3}},"95":{"start":{"line":253,"column":4},"end":{"line":260,"column":7}},"96":{"start":{"line":261,"column":4},"end":{"line":261,"column":14}},"97":{"start":{"line":264,"column":2},"end":{"line":264,"column":27}},"98":{"start":{"line":264,"column":15},"end":{"line":264,"column":27}},"99":{"start":{"line":266,"column":2},"end":{"line":520,"column":4}},"100":{"start":{"line":289,"column":33},"end":{"line":289,"column":69}},"101":{"start":{"line":300,"column":33},"end":{"line":300,"column":74}},"102":{"start":{"line":315,"column":40},"end":{"line":315,"column":63}},"103":{"start":{"line":316,"column":36},"end":{"line":316,"column":89}},"104":{"start":{"line":317,"column":38},"end":{"line":317,"column":96}},"105":{"start":{"line":319,"column":42},"end":{"line":319,"column":44}},"106":{"start":{"line":320,"column":22},"end":{"line":327,"column":23}},"107":{"start":{"line":321,"column":24},"end":{"line":321,"column":64}},"108":{"start":{"line":322,"column":29},"end":{"line":327,"column":23}},"109":{"start":{"line":323,"column":24},"end":{"line":323,"column":61}},"110":{"start":{"line":324,"column":29},"end":{"line":327,"column":23}},"111":{"start":{"line":325,"column":42},"end":{"line":325,"column":61}},"112":{"start":{"line":326,"column":24},"end":{"line":326,"column":74}},"113":{"start":{"line":329,"column":22},"end":{"line":334,"column":24}},"114":{"start":{"line":349,"column":33},"end":{"line":349,"column":71}},"115":{"start":{"line":361,"column":33},"end":{"line":361,"column":71}},"116":{"start":{"line":377,"column":31},"end":{"line":377,"column":74}},"117":{"start":{"line":403,"column":40},"end":{"line":403,"column":56}},"118":{"start":{"line":404,"column":22},"end":{"line":404,"column":56}},"119":{"start":{"line":408,"column":22},"end":{"line":410,"column":23}},"120":{"start":{"line":409,"column":24},"end":{"line":409,"column":81}},"121":{"start":{"line":409,"column":45},"end":{"line":409,"column":78}},"122":{"start":{"line":448,"column":20},"end":{"line":448,"column":60}},"123":{"start":{"line":449,"column":20},"end":{"line":449,"column":60}}},"fnMap":{"0":{"name":"getDayOfWeekName","decl":{"start":{"line":7,"column":9},"end":{"line":7,"column":25}},"loc":{"start":{"line":7,"column":32},"end":{"line":10,"column":1}},"line":7},"1":{"name":"generateRecurringDates","decl":{"start":{"line":13,"column":9},"end":{"line":13,"column":31}},"loc":{"start":{"line":13,"column":76},"end":{"line":66,"column":1}},"line":13},"2":{"name":"AppointmentForm","decl":{"start":{"line":68,"column":9},"end":{"line":68,"column":24}},"loc":{"start":{"line":78,"column":3},"end":{"line":521,"column":1}},"line":78},"3":{"name":"(anonymous_3)","decl":{"start":{"line":82,"column":14},"end":{"line":82,"column":15}},"loc":{"start":{"line":82,"column":20},"end":{"line":84,"column":5}},"line":82},"4":{"name":"(anonymous_4)","decl":{"start":{"line":104,"column":12},"end":{"line":104,"column":13}},"loc":{"start":{"line":104,"column":18},"end":{"line":131,"column":3}},"line":104},"5":{"name":"(anonymous_5)","decl":{"start":{"line":134,"column":12},"end":{"line":134,"column":13}},"loc":{"start":{"line":134,"column":18},"end":{"line":136,"column":3}},"line":134},"6":{"name":"(anonymous_6)","decl":{"start":{"line":138,"column":23},"end":{"line":138,"column":24}},"loc":{"start":{"line":138,"column":41},"end":{"line":143,"column":3}},"line":138},"7":{"name":"(anonymous_7)","decl":{"start":{"line":139,"column":16},"end":{"line":139,"column":17}},"loc":{"start":{"line":139,"column":25},"end":{"line":142,"column":5}},"line":139},"8":{"name":"(anonymous_8)","decl":{"start":{"line":145,"column":23},"end":{"line":145,"column":24}},"loc":{"start":{"line":145,"column":36},"end":{"line":226,"column":3}},"line":145},"9":{"name":"(anonymous_9)","decl":{"start":{"line":229,"column":39},"end":{"line":229,"column":40}},"loc":{"start":{"line":229,"column":51},"end":{"line":245,"column":3}},"line":229},"10":{"name":"(anonymous_10)","decl":{"start":{"line":248,"column":29},"end":{"line":248,"column":30}},"loc":{"start":{"line":248,"column":35},"end":{"line":250,"column":3}},"line":248},"11":{"name":"(anonymous_11)","decl":{"start":{"line":252,"column":23},"end":{"line":252,"column":24}},"loc":{"start":{"line":252,"column":29},"end":{"line":262,"column":3}},"line":252},"12":{"name":"(anonymous_12)","decl":{"start":{"line":289,"column":26},"end":{"line":289,"column":27}},"loc":{"start":{"line":289,"column":33},"end":{"line":289,"column":69}},"line":289},"13":{"name":"(anonymous_13)","decl":{"start":{"line":300,"column":26},"end":{"line":300,"column":27}},"loc":{"start":{"line":300,"column":33},"end":{"line":300,"column":74}},"line":300},"14":{"name":"(anonymous_14)","decl":{"start":{"line":314,"column":22},"end":{"line":314,"column":23}},"loc":{"start":{"line":314,"column":28},"end":{"line":335,"column":21}},"line":314},"15":{"name":"(anonymous_15)","decl":{"start":{"line":349,"column":26},"end":{"line":349,"column":27}},"loc":{"start":{"line":349,"column":33},"end":{"line":349,"column":71}},"line":349},"16":{"name":"(anonymous_16)","decl":{"start":{"line":361,"column":26},"end":{"line":361,"column":27}},"loc":{"start":{"line":361,"column":33},"end":{"line":361,"column":71}},"line":361},"17":{"name":"(anonymous_17)","decl":{"start":{"line":377,"column":24},"end":{"line":377,"column":25}},"loc":{"start":{"line":377,"column":31},"end":{"line":377,"column":74}},"line":377},"18":{"name":"(anonymous_18)","decl":{"start":{"line":402,"column":30},"end":{"line":402,"column":31}},"loc":{"start":{"line":402,"column":37},"end":{"line":411,"column":21}},"line":402},"19":{"name":"(anonymous_19)","decl":{"start":{"line":409,"column":36},"end":{"line":409,"column":37}},"loc":{"start":{"line":409,"column":45},"end":{"line":409,"column":78}},"line":409},"20":{"name":"(anonymous_20)","decl":{"start":{"line":447,"column":28},"end":{"line":447,"column":29}},"loc":{"start":{"line":447,"column":33},"end":{"line":450,"column":19}},"line":447}},"branchMap":{"0":{"loc":{"start":{"line":13,"column":54},"end":{"line":13,"column":74}},"type":"default-arg","locations":[{"start":{"line":13,"column":72},"end":{"line":13,"column":74}}],"line":13},"1":{"loc":{"start":{"line":17,"column":2},"end":{"line":19,"column":3}},"type":"if","locations":[{"start":{"line":17,"column":2},"end":{"line":19,"column":3}},{"start":{},"end":{}}],"line":17},"2":{"loc":{"start":{"line":28,"column":9},"end":{"line":28,"column":63}},"type":"binary-expr","locations":[{"start":{"line":28,"column":9},"end":{"line":28,"column":36}},{"start":{"line":28,"column":40},"end":{"line":28,"column":63}}],"line":28},"3":{"loc":{"start":{"line":33,"column":4},"end":{"line":62,"column":5}},"type":"switch","locations":[{"start":{"line":34,"column":6},"end":{"line":37,"column":14}},{"start":{"line":38,"column":6},"end":{"line":41,"column":14}},{"start":{"line":42,"column":6},"end":{"line":59,"column":14}},{"start":{"line":60,"column":6},"end":{"line":61,"column":21}}],"line":33},"4":{"loc":{"start":{"line":52,"column":8},"end":{"line":56,"column":9}},"type":"if","locations":[{"start":{"line":52,"column":8},"end":{"line":56,"column":9}},{"start":{"line":54,"column":15},"end":{"line":56,"column":9}}],"line":52},"5":{"loc":{"start":{"line":73,"column":2},"end":{"line":73,"column":28}},"type":"default-arg","locations":[{"start":{"line":73,"column":24},"end":{"line":73,"column":28}}],"line":73},"6":{"loc":{"start":{"line":74,"column":2},"end":{"line":74,"column":16}},"type":"default-arg","locations":[{"start":{"line":74,"column":11},"end":{"line":74,"column":16}}],"line":74},"7":{"loc":{"start":{"line":75,"column":2},"end":{"line":75,"column":24}},"type":"default-arg","locations":[{"start":{"line":75,"column":20},"end":{"line":75,"column":24}}],"line":75},"8":{"loc":{"start":{"line":76,"column":2},"end":{"line":76,"column":22}},"type":"default-arg","locations":[{"start":{"line":76,"column":18},"end":{"line":76,"column":22}}],"line":76},"9":{"loc":{"start":{"line":77,"column":2},"end":{"line":77,"column":30}},"type":"default-arg","locations":[{"start":{"line":77,"column":26},"end":{"line":77,"column":30}}],"line":77},"10":{"loc":{"start":{"line":86,"column":16},"end":{"line":86,"column":33}},"type":"binary-expr","locations":[{"start":{"line":86,"column":16},"end":{"line":86,"column":27}},{"start":{"line":86,"column":31},"end":{"line":86,"column":33}}],"line":86},"11":{"loc":{"start":{"line":105,"column":4},"end":{"line":130,"column":5}},"type":"if","locations":[{"start":{"line":105,"column":4},"end":{"line":130,"column":5}},{"start":{},"end":{}}],"line":105},"12":{"loc":{"start":{"line":109,"column":6},"end":{"line":129,"column":7}},"type":"if","locations":[{"start":{"line":109,"column":6},"end":{"line":129,"column":7}},{"start":{"line":119,"column":13},"end":{"line":129,"column":7}}],"line":109},"13":{"loc":{"start":{"line":112,"column":22},"end":{"line":112,"column":67}},"type":"binary-expr","locations":[{"start":{"line":112,"column":22},"end":{"line":112,"column":33}},{"start":{"line":112,"column":37},"end":{"line":112,"column":67}}],"line":112},"14":{"loc":{"start":{"line":113,"column":16},"end":{"line":113,"column":89}},"type":"cond-expr","locations":[{"start":{"line":113,"column":43},"end":{"line":113,"column":84}},{"start":{"line":113,"column":87},"end":{"line":113,"column":89}}],"line":113},"15":{"loc":{"start":{"line":114,"column":21},"end":{"line":114,"column":61}},"type":"binary-expr","locations":[{"start":{"line":114,"column":21},"end":{"line":114,"column":50}},{"start":{"line":114,"column":54},"end":{"line":114,"column":61}}],"line":114},"16":{"loc":{"start":{"line":115,"column":23},"end":{"line":115,"column":60}},"type":"binary-expr","locations":[{"start":{"line":115,"column":23},"end":{"line":115,"column":54}},{"start":{"line":115,"column":58},"end":{"line":115,"column":60}}],"line":115},"17":{"loc":{"start":{"line":116,"column":18},"end":{"line":116,"column":59}},"type":"binary-expr","locations":[{"start":{"line":116,"column":18},"end":{"line":116,"column":44}},{"start":{"line":116,"column":48},"end":{"line":116,"column":59}}],"line":116},"18":{"loc":{"start":{"line":117,"column":18},"end":{"line":117,"column":50}},"type":"binary-expr","locations":[{"start":{"line":117,"column":18},"end":{"line":117,"column":44}},{"start":{"line":117,"column":48},"end":{"line":117,"column":50}}],"line":117},"19":{"loc":{"start":{"line":122,"column":22},"end":{"line":122,"column":39}},"type":"binary-expr","locations":[{"start":{"line":122,"column":22},"end":{"line":122,"column":33}},{"start":{"line":122,"column":37},"end":{"line":122,"column":39}}],"line":122},"20":{"loc":{"start":{"line":148,"column":4},"end":{"line":154,"column":5}},"type":"if","locations":[{"start":{"line":148,"column":4},"end":{"line":154,"column":5}},{"start":{},"end":{}}],"line":148},"21":{"loc":{"start":{"line":148,"column":8},"end":{"line":148,"column":42}},"type":"binary-expr","locations":[{"start":{"line":148,"column":8},"end":{"line":148,"column":22}},{"start":{"line":148,"column":26},"end":{"line":148,"column":42}}],"line":148},"22":{"loc":{"start":{"line":159,"column":6},"end":{"line":171,"column":7}},"type":"if","locations":[{"start":{"line":159,"column":6},"end":{"line":171,"column":7}},{"start":{},"end":{}}],"line":159},"23":{"loc":{"start":{"line":167,"column":37},"end":{"line":167,"column":90}},"type":"binary-expr","locations":[{"start":{"line":167,"column":37},"end":{"line":167,"column":56}},{"start":{"line":167,"column":60},"end":{"line":167,"column":67}},{"start":{"line":167,"column":71},"end":{"line":167,"column":90}}],"line":167},"24":{"loc":{"start":{"line":174,"column":6},"end":{"line":215,"column":7}},"type":"if","locations":[{"start":{"line":174,"column":6},"end":{"line":215,"column":7}},{"start":{"line":183,"column":13},"end":{"line":215,"column":7}}],"line":174},"25":{"loc":{"start":{"line":190,"column":8},"end":{"line":197,"column":9}},"type":"if","locations":[{"start":{"line":190,"column":8},"end":{"line":197,"column":9}},{"start":{"line":192,"column":15},"end":{"line":197,"column":9}}],"line":190},"26":{"loc":{"start":{"line":192,"column":15},"end":{"line":197,"column":9}},"type":"if","locations":[{"start":{"line":192,"column":15},"end":{"line":197,"column":9}},{"start":{"line":194,"column":15},"end":{"line":197,"column":9}}],"line":192},"27":{"loc":{"start":{"line":194,"column":15},"end":{"line":197,"column":9}},"type":"if","locations":[{"start":{"line":194,"column":15},"end":{"line":197,"column":9}},{"start":{},"end":{}}],"line":194},"28":{"loc":{"start":{"line":219,"column":48},"end":{"line":219,"column":84}},"type":"binary-expr","locations":[{"start":{"line":219,"column":48},"end":{"line":219,"column":61}},{"start":{"line":219,"column":65},"end":{"line":219,"column":84}}],"line":219},"29":{"loc":{"start":{"line":238,"column":50},"end":{"line":238,"column":86}},"type":"binary-expr","locations":[{"start":{"line":238,"column":50},"end":{"line":238,"column":63}},{"start":{"line":238,"column":67},"end":{"line":238,"column":86}}],"line":238},"30":{"loc":{"start":{"line":254,"column":18},"end":{"line":254,"column":35}},"type":"binary-expr","locations":[{"start":{"line":254,"column":18},"end":{"line":254,"column":29}},{"start":{"line":254,"column":33},"end":{"line":254,"column":35}}],"line":254},"31":{"loc":{"start":{"line":264,"column":2},"end":{"line":264,"column":27}},"type":"if","locations":[{"start":{"line":264,"column":2},"end":{"line":264,"column":27}},{"start":{},"end":{}}],"line":264},"32":{"loc":{"start":{"line":271,"column":13},"end":{"line":271,"column":65}},"type":"cond-expr","locations":[{"start":{"line":271,"column":35},"end":{"line":271,"column":49}},{"start":{"line":271,"column":52},"end":{"line":271,"column":65}}],"line":271},"33":{"loc":{"start":{"line":310,"column":15},"end":{"line":338,"column":15}},"type":"binary-expr","locations":[{"start":{"line":310,"column":15},"end":{"line":310,"column":45}},{"start":{"line":310,"column":49},"end":{"line":310,"column":62}},{"start":{"line":311,"column":16},"end":{"line":337,"column":22}}],"line":310},"34":{"loc":{"start":{"line":320,"column":22},"end":{"line":327,"column":23}},"type":"if","locations":[{"start":{"line":320,"column":22},"end":{"line":327,"column":23}},{"start":{"line":322,"column":29},"end":{"line":327,"column":23}}],"line":320},"35":{"loc":{"start":{"line":322,"column":29},"end":{"line":327,"column":23}},"type":"if","locations":[{"start":{"line":322,"column":29},"end":{"line":327,"column":23}},{"start":{"line":324,"column":29},"end":{"line":327,"column":23}}],"line":322},"36":{"loc":{"start":{"line":324,"column":29},"end":{"line":327,"column":23}},"type":"if","locations":[{"start":{"line":324,"column":29},"end":{"line":327,"column":23}},{"start":{},"end":{}}],"line":324},"37":{"loc":{"start":{"line":385,"column":11},"end":{"line":438,"column":11}},"type":"binary-expr","locations":[{"start":{"line":385,"column":11},"end":{"line":385,"column":30}},{"start":{"line":386,"column":12},"end":{"line":386,"column":44}},{"start":{"line":386,"column":48},"end":{"line":386,"column":79}},{"start":{"line":387,"column":11},"end":{"line":387,"column":30}},{"start":{"line":388,"column":11},"end":{"line":388,"column":26}},{"start":{"line":389,"column":12},"end":{"line":437,"column":18}}],"line":385},"38":{"loc":{"start":{"line":408,"column":22},"end":{"line":410,"column":23}},"type":"if","locations":[{"start":{"line":408,"column":22},"end":{"line":410,"column":23}},{"start":{},"end":{}}],"line":408},"39":{"loc":{"start":{"line":408,"column":26},"end":{"line":408,"column":106}},"type":"binary-expr","locations":[{"start":{"line":408,"column":26},"end":{"line":408,"column":35}},{"start":{"line":408,"column":39},"end":{"line":408,"column":71}},{"start":{"line":408,"column":75},"end":{"line":408,"column":106}}],"line":408},"40":{"loc":{"start":{"line":416,"column":21},"end":{"line":420,"column":57}},"type":"cond-expr","locations":[{"start":{"line":417,"column":24},"end":{"line":417,"column":49}},{"start":{"line":418,"column":24},"end":{"line":420,"column":57}}],"line":416},"41":{"loc":{"start":{"line":418,"column":24},"end":{"line":420,"column":57}},"type":"cond-expr","locations":[{"start":{"line":419,"column":26},"end":{"line":419,"column":59}},{"start":{"line":420,"column":26},"end":{"line":420,"column":57}}],"line":418},"42":{"loc":{"start":{"line":425,"column":17},"end":{"line":429,"column":17}},"type":"binary-expr","locations":[{"start":{"line":425,"column":17},"end":{"line":425,"column":23}},{"start":{"line":426,"column":18},"end":{"line":428,"column":24}}],"line":425},"43":{"loc":{"start":{"line":431,"column":17},"end":{"line":435,"column":17}},"type":"binary-expr","locations":[{"start":{"line":431,"column":17},"end":{"line":431,"column":24}},{"start":{"line":431,"column":28},"end":{"line":431,"column":47}},{"start":{"line":432,"column":18},"end":{"line":434,"column":24}}],"line":431},"44":{"loc":{"start":{"line":441,"column":11},"end":{"line":456,"column":11}},"type":"binary-expr","locations":[{"start":{"line":441,"column":11},"end":{"line":441,"column":47}},{"start":{"line":441,"column":51},"end":{"line":441,"column":94}},{"start":{"line":442,"column":12},"end":{"line":455,"column":18}}],"line":441},"45":{"loc":{"start":{"line":472,"column":15},"end":{"line":472,"column":90}},"type":"cond-expr","locations":[{"start":{"line":472,"column":25},"end":{"line":472,"column":39}},{"start":{"line":472,"column":43},"end":{"line":472,"column":89}}],"line":472},"46":{"loc":{"start":{"line":472,"column":43},"end":{"line":472,"column":89}},"type":"cond-expr","locations":[{"start":{"line":472,"column":65},"end":{"line":472,"column":77}},{"start":{"line":472,"column":80},"end":{"line":472,"column":89}}],"line":472},"47":{"loc":{"start":{"line":479,"column":7},"end":{"line":509,"column":7}},"type":"binary-expr","locations":[{"start":{"line":479,"column":7},"end":{"line":479,"column":26}},{"start":{"line":480,"column":8},"end":{"line":508,"column":14}}],"line":479},"48":{"loc":{"start":{"line":504,"column":17},"end":{"line":504,"column":56}},"type":"cond-expr","locations":[{"start":{"line":504,"column":27},"end":{"line":504,"column":39}},{"start":{"line":504,"column":42},"end":{"line":504,"column":56}}],"line":504},"49":{"loc":{"start":{"line":512,"column":7},"end":{"line":518,"column":7}},"type":"binary-expr","locations":[{"start":{"line":512,"column":7},"end":{"line":512,"column":14}},{"start":{"line":513,"column":8},"end":{"line":517,"column":10}}],"line":512}},"s":{"0":0,"1":0,"2":0,"3":0,"4":0,"5":0,"6":0,"7":0,"8":0,"9":0,"10":0,"11":0,"12":0,"13":0,"14":0,"15":0,"16":0,"17":0,"18":0,"19":0,"20":0,"21":0,"22":0,"23":0,"24":0,"25":0,"26":0,"27":0,"28":0,"29":0,"30":0,"31":0,"32":0,"33":0,"34":0,"35":0,"36":0,"37":0,"38":0,"39":0,"40":0,"41":0,"42":0,"43":0,"44":0,"45":0,"46":0,"47":0,"48":0,"49":0,"50":0,"51":0,"52":0,"53":0,"54":0,"55":0,"56":0,"57":0,"58":0,"59":0,"60":0,"61":0,"62":0,"63":0,"64":0,"65":0,"66":0,"67":0,"68":0,"69":0,"70":0,"71":0,"72":0,"73":0,"74":0,"75":0,"76":0,"77":0,"78":0,"79":0,"80":0,"81":0,"82":0,"83":0,"84":0,"85":0,"86":0,"87":0,"88":0,"89":0,"90":0,"91":0,"92":0,"93":0,"94":0,"95":0,"96":0,"97":0,"98":0,"99":0,"100":0,"101":0,"102":0,"103":0,"104":0,"105":0,"106":0,"107":0,"108":0,"109":0,"110":0,"111":0,"112":0,"113":0,"114":0,"115":0,"116":0,"117":0,"118":0,"119":0,"120":0,"121":0,"122":0,"123":0},"f":{"0":0,"1":0,"2":0,"3":0,"4":0,"5":0,"6":0,"7":0,"8":0,"9":0,"10":0,"11":0,"12":0,"13":0,"14":0,"15":0,"16":0,"17":0,"18":0,"19":0,"20":0},"b":{"0":[0],"1":[0,0],"2":[0,0],"3":[0,0,0,0],"4":[0,0],"5":[0],"6":[0],"7":[0],"8":[0],"9":[0],"10":[0,0],"11":[0,0],"12":[0,0],"13":[0,0],"14":[0,0],"15":[0,0],"16":[0,0],"17":[0,0],"18":[0,0],"19":[0,0],"20":[0,0],"21":[0,0],"22":[0,0],"23":[0,0,0],"24":[0,0],"25":[0,0],"26":[0,0],"27":[0,0],"28":[0,0],"29":[0,0],"30":[0,0],"31":[0,0],"32":[0,0],"33":[0,0,0],"34":[0,0],"35":[0,0],"36":[0,0],"37":[0,0,0,0,0,0],"38":[0,0],"39":[0,0,0],"40":[0,0],"41":[0,0],"42":[0,0],"43":[0,0,0],"44":[0,0,0],"45":[0,0],"46":[0,0],"47":[0,0],"48":[0,0],"49":[0,0]},"_coverageSchema":"1a1c01bbd47fc00a2c39e90264f33305004495a9","hash":"912cbb6618b49f599a6386067ab39370fa8eae21"}
,"/Users/siete/Public/psi-manager/src/components/Appointments/Appointments.js": {"path":"/Users/siete/Public/psi-manager/src/components/Appointments/Appointments.js","statementMap":{"0":{"start":{"line":15,"column":2},"end":{"line":15,"column":26}},"1":{"start":{"line":15,"column":14},"end":{"line":15,"column":26}},"2":{"start":{"line":17,"column":16},"end":{"line":17,"column":32}},"3":{"start":{"line":18,"column":2},"end":{"line":21,"column":3}},"4":{"start":{"line":19,"column":19},"end":{"line":19,"column":41}},"5":{"start":{"line":20,"column":4},"end":{"line":20,"column":41}},"6":{"start":{"line":22,"column":2},"end":{"line":22,"column":14}},"7":{"start":{"line":25,"column":34},"end":{"line":25,"column":50}},"8":{"start":{"line":25,"column":46},"end":{"line":25,"column":50}},"9":{"start":{"line":26,"column":19},"end":{"line":26,"column":30}},"10":{"start":{"line":26,"column":25},"end":{"line":26,"column":30}},"11":{"start":{"line":31,"column":2},"end":{"line":35,"column":12}},"12":{"start":{"line":40,"column":48},"end":{"line":40,"column":63}},"13":{"start":{"line":42,"column":54},"end":{"line":42,"column":69}},"14":{"start":{"line":44,"column":60},"end":{"line":49,"column":4}},"15":{"start":{"line":51,"column":30},"end":{"line":51,"column":44}},"16":{"start":{"line":52,"column":42},"end":{"line":52,"column":54}},"17":{"start":{"line":55,"column":2},"end":{"line":67,"column":15}},"18":{"start":{"line":57,"column":6},"end":{"line":57,"column":26}},"19":{"start":{"line":57,"column":19},"end":{"line":57,"column":26}},"20":{"start":{"line":58,"column":6},"end":{"line":64,"column":7}},"21":{"start":{"line":59,"column":25},"end":{"line":59,"column":71}},"22":{"start":{"line":60,"column":8},"end":{"line":60,"column":65}},"23":{"start":{"line":62,"column":8},"end":{"line":62,"column":59}},"24":{"start":{"line":63,"column":8},"end":{"line":63,"column":28}},"25":{"start":{"line":66,"column":4},"end":{"line":66,"column":19}},"26":{"start":{"line":68,"column":37},"end":{"line":68,"column":60}},"27":{"start":{"line":69,"column":29},"end":{"line":69,"column":52}},"28":{"start":{"line":70,"column":42},"end":{"line":70,"column":54}},"29":{"start":{"line":71,"column":32},"end":{"line":71,"column":46}},"30":{"start":{"line":72,"column":46},"end":{"line":72,"column":76}},"31":{"start":{"line":73,"column":48},"end":{"line":73,"column":63}},"32":{"start":{"line":74,"column":28},"end":{"line":74,"column":42}},"33":{"start":{"line":75,"column":28},"end":{"line":75,"column":43}},"34":{"start":{"line":76,"column":38},"end":{"line":76,"column":50}},"35":{"start":{"line":77,"column":42},"end":{"line":77,"column":57}},"36":{"start":{"line":78,"column":48},"end":{"line":78,"column":62}},"37":{"start":{"line":79,"column":36},"end":{"line":79,"column":47}},"38":{"start":{"line":80,"column":42},"end":{"line":83,"column":4}},"39":{"start":{"line":84,"column":48},"end":{"line":88,"column":4}},"40":{"start":{"line":89,"column":54},"end":{"line":93,"column":4}},"41":{"start":{"line":94,"column":42},"end":{"line":94,"column":61}},"42":{"start":{"line":96,"column":2},"end":{"line":150,"column":31}},"43":{"start":{"line":98,"column":6},"end":{"line":102,"column":7}},"44":{"start":{"line":99,"column":8},"end":{"line":99,"column":41}},"45":{"start":{"line":100,"column":8},"end":{"line":100,"column":26}},"46":{"start":{"line":101,"column":8},"end":{"line":101,"column":15}},"47":{"start":{"line":104,"column":6},"end":{"line":104,"column":23}},"48":{"start":{"line":105,"column":6},"end":{"line":105,"column":21}},"49":{"start":{"line":106,"column":6},"end":{"line":106,"column":56}},"50":{"start":{"line":108,"column":6},"end":{"line":146,"column":7}},"51":{"start":{"line":110,"column":8},"end":{"line":110,"column":67}},"52":{"start":{"line":111,"column":32},"end":{"line":111,"column":61}},"53":{"start":{"line":112,"column":8},"end":{"line":114,"column":9}},"54":{"start":{"line":113,"column":10},"end":{"line":113,"column":76}},"55":{"start":{"line":116,"column":8},"end":{"line":116,"column":35}},"56":{"start":{"line":119,"column":8},"end":{"line":119,"column":48}},"57":{"start":{"line":120,"column":33},"end":{"line":120,"column":92}},"58":{"start":{"line":121,"column":8},"end":{"line":121,"column":90}},"59":{"start":{"line":123,"column":8},"end":{"line":123,"column":48}},"60":{"start":{"line":126,"column":8},"end":{"line":126,"column":62}},"61":{"start":{"line":127,"column":8},"end":{"line":138,"column":9}},"62":{"start":{"line":128,"column":27},"end":{"line":128,"column":82}},"63":{"start":{"line":129,"column":33},"end":{"line":133,"column":11}},"64":{"start":{"line":131,"column":33},"end":{"line":131,"column":55}},"65":{"start":{"line":132,"column":30},"end":{"line":132,"column":52}},"66":{"start":{"line":134,"column":10},"end":{"line":134,"column":42}},"67":{"start":{"line":136,"column":10},"end":{"line":136,"column":63}},"68":{"start":{"line":141,"column":8},"end":{"line":141,"column":58}},"69":{"start":{"line":142,"column":8},"end":{"line":142,"column":62}},"70":{"start":{"line":144,"column":8},"end":{"line":144,"column":26}},"71":{"start":{"line":145,"column":8},"end":{"line":145,"column":30}},"72":{"start":{"line":149,"column":4},"end":{"line":149,"column":23}},"73":{"start":{"line":153,"column":30},"end":{"line":212,"column":14}},"74":{"start":{"line":154,"column":4},"end":{"line":157,"column":5}},"75":{"start":{"line":155,"column":6},"end":{"line":155,"column":48}},"76":{"start":{"line":156,"column":6},"end":{"line":156,"column":13}},"77":{"start":{"line":160,"column":4},"end":{"line":163,"column":7}},"78":{"start":{"line":161,"column":6},"end":{"line":161,"column":34}},"79":{"start":{"line":161,"column":19},"end":{"line":161,"column":34}},"80":{"start":{"line":162,"column":6},"end":{"line":162,"column":18}},"81":{"start":{"line":165,"column":27},"end":{"line":197,"column":5}},"82":{"start":{"line":166,"column":6},"end":{"line":196,"column":7}},"83":{"start":{"line":167,"column":8},"end":{"line":167,"column":61}},"84":{"start":{"line":168,"column":38},"end":{"line":168,"column":88}},"85":{"start":{"line":169,"column":8},"end":{"line":169,"column":53}},"86":{"start":{"line":172,"column":8},"end":{"line":182,"column":9}},"87":{"start":{"line":173,"column":27},"end":{"line":173,"column":73}},"88":{"start":{"line":174,"column":33},"end":{"line":178,"column":11}},"89":{"start":{"line":176,"column":33},"end":{"line":176,"column":55}},"90":{"start":{"line":177,"column":30},"end":{"line":177,"column":52}},"91":{"start":{"line":179,"column":10},"end":{"line":179,"column":42}},"92":{"start":{"line":181,"column":10},"end":{"line":181,"column":65}},"93":{"start":{"line":185,"column":8},"end":{"line":185,"column":39}},"94":{"start":{"line":185,"column":29},"end":{"line":185,"column":37}},"95":{"start":{"line":187,"column":8},"end":{"line":187,"column":95}},"96":{"start":{"line":190,"column":27},"end":{"line":190,"column":83}},"97":{"start":{"line":191,"column":29},"end":{"line":191,"column":127}},"98":{"start":{"line":191,"column":89},"end":{"line":191,"column":115}},"99":{"start":{"line":193,"column":8},"end":{"line":193,"column":44}},"100":{"start":{"line":195,"column":8},"end":{"line":195,"column":29}},"101":{"start":{"line":199,"column":4},"end":{"line":211,"column":6}},"102":{"start":{"line":203,"column":27},"end":{"line":203,"column":99}},"103":{"start":{"line":204,"column":24},"end":{"line":204,"column":63}},"104":{"start":{"line":215,"column":2},"end":{"line":220,"column":21}},"105":{"start":{"line":216,"column":4},"end":{"line":219,"column":7}},"106":{"start":{"line":218,"column":47},"end":{"line":218,"column":73}},"107":{"start":{"line":223,"column":2},"end":{"line":235,"column":49}},"108":{"start":{"line":224,"column":4},"end":{"line":233,"column":5}},"109":{"start":{"line":225,"column":6},"end":{"line":225,"column":129}},"110":{"start":{"line":228,"column":24},"end":{"line":230,"column":13}},"111":{"start":{"line":229,"column":8},"end":{"line":229,"column":30}},"112":{"start":{"line":232,"column":6},"end":{"line":232,"column":43}},"113":{"start":{"line":232,"column":19},"end":{"line":232,"column":42}},"114":{"start":{"line":238,"column":31},"end":{"line":273,"column":3}},"115":{"start":{"line":241,"column":4},"end":{"line":244,"column":5}},"116":{"start":{"line":242,"column":6},"end":{"line":242,"column":67}},"117":{"start":{"line":243,"column":6},"end":{"line":243,"column":13}},"118":{"start":{"line":246,"column":4},"end":{"line":272,"column":5}},"119":{"start":{"line":248,"column":26},"end":{"line":256,"column":7}},"120":{"start":{"line":258,"column":21},"end":{"line":258,"column":66}},"121":{"start":{"line":260,"column":6},"end":{"line":268,"column":7}},"122":{"start":{"line":261,"column":8},"end":{"line":261,"column":127}},"123":{"start":{"line":264,"column":8},"end":{"line":264,"column":68}},"124":{"start":{"line":264,"column":32},"end":{"line":264,"column":66}},"125":{"start":{"line":267,"column":8},"end":{"line":267,"column":30}},"126":{"start":{"line":270,"column":6},"end":{"line":270,"column":58}},"127":{"start":{"line":271,"column":6},"end":{"line":271,"column":61}},"128":{"start":{"line":276,"column":32},"end":{"line":288,"column":3}},"129":{"start":{"line":277,"column":4},"end":{"line":287,"column":7}},"130":{"start":{"line":286,"column":42},"end":{"line":286,"column":75}},"131":{"start":{"line":291,"column":26},"end":{"line":297,"column":3}},"132":{"start":{"line":292,"column":4},"end":{"line":296,"column":7}},"133":{"start":{"line":300,"column":25},"end":{"line":329,"column":3}},"134":{"start":{"line":301,"column":4},"end":{"line":328,"column":5}},"135":{"start":{"line":303,"column":29},"end":{"line":303,"column":130}},"136":{"start":{"line":304,"column":6},"end":{"line":321,"column":7}},"137":{"start":{"line":306,"column":32},"end":{"line":310,"column":9}},"138":{"start":{"line":307,"column":10},"end":{"line":309,"column":52}},"139":{"start":{"line":311,"column":8},"end":{"line":320,"column":9}},"140":{"start":{"line":313,"column":10},"end":{"line":318,"column":13}},"141":{"start":{"line":319,"column":10},"end":{"line":319,"column":17}},"142":{"start":{"line":323,"column":6},"end":{"line":323,"column":89}},"143":{"start":{"line":325,"column":6},"end":{"line":325,"column":67}},"144":{"start":{"line":326,"column":6},"end":{"line":326,"column":49}},"145":{"start":{"line":327,"column":6},"end":{"line":327,"column":18}},"146":{"start":{"line":332,"column":26},"end":{"line":438,"column":3}},"147":{"start":{"line":333,"column":29},"end":{"line":333,"column":33}},"148":{"start":{"line":334,"column":20},"end":{"line":334,"column":79}},"149":{"start":{"line":335,"column":4},"end":{"line":338,"column":5}},"150":{"start":{"line":336,"column":6},"end":{"line":336,"column":70}},"151":{"start":{"line":337,"column":6},"end":{"line":337,"column":13}},"152":{"start":{"line":339,"column":4},"end":{"line":436,"column":5}},"153":{"start":{"line":341,"column":6},"end":{"line":345,"column":8}},"154":{"start":{"line":346,"column":6},"end":{"line":348,"column":7}},"155":{"start":{"line":347,"column":8},"end":{"line":347,"column":67}},"156":{"start":{"line":349,"column":6},"end":{"line":353,"column":9}},"157":{"start":{"line":350,"column":8},"end":{"line":352,"column":15}},"158":{"start":{"line":354,"column":29},"end":{"line":354,"column":77}},"159":{"start":{"line":355,"column":6},"end":{"line":355,"column":81}},"160":{"start":{"line":356,"column":6},"end":{"line":377,"column":7}},"161":{"start":{"line":357,"column":8},"end":{"line":376,"column":9}},"162":{"start":{"line":358,"column":10},"end":{"line":358,"column":89}},"163":{"start":{"line":359,"column":10},"end":{"line":359,"column":64}},"164":{"start":{"line":361,"column":10},"end":{"line":375,"column":11}},"165":{"start":{"line":362,"column":32},"end":{"line":362,"column":63}},"166":{"start":{"line":363,"column":12},"end":{"line":372,"column":13}},"167":{"start":{"line":364,"column":14},"end":{"line":369,"column":15}},"168":{"start":{"line":365,"column":16},"end":{"line":365,"column":95}},"169":{"start":{"line":366,"column":16},"end":{"line":366,"column":88}},"170":{"start":{"line":368,"column":16},"end":{"line":368,"column":88}},"171":{"start":{"line":371,"column":14},"end":{"line":371,"column":67}},"172":{"start":{"line":374,"column":12},"end":{"line":374,"column":68}},"173":{"start":{"line":380,"column":6},"end":{"line":435,"column":7}},"174":{"start":{"line":381,"column":8},"end":{"line":381,"column":36}},"175":{"start":{"line":382,"column":23},"end":{"line":389,"column":9}},"176":{"start":{"line":390,"column":8},"end":{"line":390,"column":77}},"177":{"start":{"line":390,"column":21},"end":{"line":390,"column":77}},"178":{"start":{"line":391,"column":29},"end":{"line":391,"column":53}},"179":{"start":{"line":392,"column":29},"end":{"line":392,"column":53}},"180":{"start":{"line":393,"column":26},"end":{"line":393,"column":69}},"181":{"start":{"line":394,"column":22},"end":{"line":394,"column":97}},"182":{"start":{"line":395,"column":8},"end":{"line":397,"column":9}},"183":{"start":{"line":396,"column":10},"end":{"line":396,"column":73}},"184":{"start":{"line":398,"column":8},"end":{"line":398,"column":31}},"185":{"start":{"line":400,"column":38},"end":{"line":400,"column":88}},"186":{"start":{"line":401,"column":8},"end":{"line":401,"column":53}},"187":{"start":{"line":403,"column":8},"end":{"line":429,"column":9}},"188":{"start":{"line":405,"column":10},"end":{"line":414,"column":11}},"189":{"start":{"line":406,"column":12},"end":{"line":413,"column":13}},"190":{"start":{"line":407,"column":14},"end":{"line":410,"column":15}},"191":{"start":{"line":408,"column":16},"end":{"line":408,"column":59}},"192":{"start":{"line":409,"column":16},"end":{"line":409,"column":78}},"193":{"start":{"line":412,"column":14},"end":{"line":412,"column":91}},"194":{"start":{"line":415,"column":10},"end":{"line":428,"column":11}},"195":{"start":{"line":416,"column":54},"end":{"line":416,"column":94}},"196":{"start":{"line":417,"column":24},"end":{"line":420,"column":13}},"197":{"start":{"line":418,"column":46},"end":{"line":418,"column":73}},"198":{"start":{"line":421,"column":12},"end":{"line":425,"column":13}},"199":{"start":{"line":422,"column":14},"end":{"line":422,"column":141}},"200":{"start":{"line":424,"column":14},"end":{"line":424,"column":80}},"201":{"start":{"line":427,"column":12},"end":{"line":427,"column":73}},"202":{"start":{"line":431,"column":8},"end":{"line":431,"column":66}},"203":{"start":{"line":432,"column":8},"end":{"line":432,"column":74}},"204":{"start":{"line":434,"column":8},"end":{"line":434,"column":37}},"205":{"start":{"line":437,"column":4},"end":{"line":437,"column":22}},"206":{"start":{"line":441,"column":39},"end":{"line":451,"column":3}},"207":{"start":{"line":442,"column":4},"end":{"line":442,"column":32}},"208":{"start":{"line":443,"column":4},"end":{"line":448,"column":6}},"209":{"start":{"line":449,"column":4},"end":{"line":449,"column":33}},"210":{"start":{"line":450,"column":4},"end":{"line":450,"column":107}},"211":{"start":{"line":452,"column":38},"end":{"line":454,"column":3}},"212":{"start":{"line":453,"column":4},"end":{"line":453,"column":107}},"213":{"start":{"line":457,"column":34},"end":{"line":462,"column":3}},"214":{"start":{"line":458,"column":4},"end":{"line":461,"column":7}},"215":{"start":{"line":465,"column":35},"end":{"line":532,"column":3}},"216":{"start":{"line":466,"column":24},"end":{"line":466,"column":48}},"217":{"start":{"line":467,"column":4},"end":{"line":467,"column":58}},"218":{"start":{"line":469,"column":26},"end":{"line":508,"column":5}},"219":{"start":{"line":470,"column":6},"end":{"line":507,"column":7}},"220":{"start":{"line":471,"column":8},"end":{"line":471,"column":33}},"221":{"start":{"line":472,"column":29},"end":{"line":472,"column":33}},"222":{"start":{"line":475,"column":8},"end":{"line":492,"column":9}},"223":{"start":{"line":476,"column":68},"end":{"line":476,"column":108}},"224":{"start":{"line":478,"column":10},"end":{"line":488,"column":11}},"225":{"start":{"line":479,"column":32},"end":{"line":482,"column":13}},"226":{"start":{"line":484,"column":12},"end":{"line":484,"column":87}},"227":{"start":{"line":485,"column":12},"end":{"line":485,"column":95}},"228":{"start":{"line":487,"column":12},"end":{"line":487,"column":96}},"229":{"start":{"line":490,"column":10},"end":{"line":490,"column":90}},"230":{"start":{"line":495,"column":8},"end":{"line":495,"column":69}},"231":{"start":{"line":498,"column":36},"end":{"line":498,"column":89}},"232":{"start":{"line":498,"column":63},"end":{"line":498,"column":88}},"233":{"start":{"line":499,"column":8},"end":{"line":499,"column":45}},"234":{"start":{"line":501,"column":8},"end":{"line":501,"column":47}},"235":{"start":{"line":503,"column":8},"end":{"line":503,"column":57}},"236":{"start":{"line":504,"column":8},"end":{"line":504,"column":20}},"237":{"start":{"line":506,"column":8},"end":{"line":506,"column":34}},"238":{"start":{"line":510,"column":4},"end":{"line":531,"column":6}},"239":{"start":{"line":515,"column":50},"end":{"line":515,"column":54}},"240":{"start":{"line":516,"column":24},"end":{"line":516,"column":109}},"241":{"start":{"line":518,"column":10},"end":{"line":520,"column":11}},"242":{"start":{"line":519,"column":12},"end":{"line":519,"column":60}},"243":{"start":{"line":522,"column":10},"end":{"line":522,"column":25}},"244":{"start":{"line":524,"column":24},"end":{"line":524,"column":61}},"245":{"start":{"line":535,"column":46},"end":{"line":541,"column":3}},"246":{"start":{"line":536,"column":4},"end":{"line":540,"column":7}},"247":{"start":{"line":544,"column":47},"end":{"line":625,"column":3}},"248":{"start":{"line":545,"column":39},"end":{"line":545,"column":54}},"249":{"start":{"line":546,"column":4},"end":{"line":546,"column":76}},"250":{"start":{"line":548,"column":26},"end":{"line":601,"column":5}},"251":{"start":{"line":549,"column":6},"end":{"line":600,"column":7}},"252":{"start":{"line":550,"column":8},"end":{"line":550,"column":33}},"253":{"start":{"line":551,"column":29},"end":{"line":551,"column":33}},"254":{"start":{"line":553,"column":8},"end":{"line":572,"column":9}},"255":{"start":{"line":554,"column":64},"end":{"line":554,"column":104}},"256":{"start":{"line":555,"column":10},"end":{"line":568,"column":11}},"257":{"start":{"line":557,"column":35},"end":{"line":557,"column":103}},"258":{"start":{"line":557,"column":60},"end":{"line":557,"column":102}},"259":{"start":{"line":558,"column":12},"end":{"line":565,"column":13}},"260":{"start":{"line":559,"column":34},"end":{"line":562,"column":15}},"261":{"start":{"line":563,"column":14},"end":{"line":563,"column":100}},"262":{"start":{"line":564,"column":14},"end":{"line":564,"column":82}},"263":{"start":{"line":567,"column":12},"end":{"line":567,"column":97}},"264":{"start":{"line":570,"column":10},"end":{"line":570,"column":91}},"265":{"start":{"line":574,"column":23},"end":{"line":574,"column":95}},"266":{"start":{"line":576,"column":36},"end":{"line":578,"column":9}},"267":{"start":{"line":577,"column":10},"end":{"line":577,"column":85}},"268":{"start":{"line":579,"column":8},"end":{"line":579,"column":45}},"269":{"start":{"line":581,"column":8},"end":{"line":581,"column":39}},"270":{"start":{"line":581,"column":29},"end":{"line":581,"column":37}},"271":{"start":{"line":583,"column":8},"end":{"line":592,"column":16}},"272":{"start":{"line":584,"column":10},"end":{"line":591,"column":11}},"273":{"start":{"line":585,"column":42},"end":{"line":585,"column":92}},"274":{"start":{"line":586,"column":12},"end":{"line":586,"column":109}},"275":{"start":{"line":587,"column":12},"end":{"line":587,"column":51}},"276":{"start":{"line":588,"column":12},"end":{"line":588,"column":43}},"277":{"start":{"line":588,"column":33},"end":{"line":588,"column":41}},"278":{"start":{"line":590,"column":12},"end":{"line":590,"column":68}},"279":{"start":{"line":594,"column":8},"end":{"line":594,"column":42}},"280":{"start":{"line":596,"column":8},"end":{"line":596,"column":61}},"281":{"start":{"line":597,"column":8},"end":{"line":597,"column":20}},"282":{"start":{"line":599,"column":8},"end":{"line":599,"column":34}},"283":{"start":{"line":603,"column":4},"end":{"line":624,"column":6}},"284":{"start":{"line":608,"column":45},"end":{"line":608,"column":49}},"285":{"start":{"line":609,"column":24},"end":{"line":609,"column":99}},"286":{"start":{"line":611,"column":10},"end":{"line":613,"column":11}},"287":{"start":{"line":612,"column":12},"end":{"line":612,"column":88}},"288":{"start":{"line":615,"column":10},"end":{"line":615,"column":25}},"289":{"start":{"line":617,"column":24},"end":{"line":617,"column":68}},"290":{"start":{"line":628,"column":34},"end":{"line":630,"column":3}},"291":{"start":{"line":629,"column":4},"end":{"line":629,"column":58}},"292":{"start":{"line":633,"column":45},"end":{"line":651,"column":3}},"293":{"start":{"line":634,"column":24},"end":{"line":634,"column":33}},"294":{"start":{"line":636,"column":4},"end":{"line":648,"column":9}},"295":{"start":{"line":637,"column":29},"end":{"line":637,"column":63}},"296":{"start":{"line":639,"column":27},"end":{"line":639,"column":49}},"297":{"start":{"line":640,"column":8},"end":{"line":646,"column":9}},"298":{"start":{"line":641,"column":10},"end":{"line":645,"column":13}},"299":{"start":{"line":647,"column":8},"end":{"line":647,"column":51}},"300":{"start":{"line":650,"column":4},"end":{"line":650,"column":89}},"301":{"start":{"line":650,"column":59},"end":{"line":650,"column":87}},"302":{"start":{"line":654,"column":31},"end":{"line":676,"column":4}},"303":{"start":{"line":655,"column":26},"end":{"line":666,"column":8}},"304":{"start":{"line":656,"column":31},"end":{"line":656,"column":56}},"305":{"start":{"line":657,"column":26},"end":{"line":657,"column":71}},"306":{"start":{"line":658,"column":30},"end":{"line":658,"column":80}},"307":{"start":{"line":659,"column":30},"end":{"line":659,"column":126}},"308":{"start":{"line":660,"column":26},"end":{"line":660,"column":70}},"309":{"start":{"line":662,"column":6},"end":{"line":665,"column":52}},"310":{"start":{"line":668,"column":26},"end":{"line":668,"column":87}},"311":{"start":{"line":670,"column":4},"end":{"line":670,"column":42}},"312":{"start":{"line":673,"column":18},"end":{"line":673,"column":34}},"313":{"start":{"line":674,"column":18},"end":{"line":674,"column":34}},"314":{"start":{"line":675,"column":4},"end":{"line":675,"column":25}},"315":{"start":{"line":679,"column":21},"end":{"line":686,"column":3}},"316":{"start":{"line":680,"column":17},"end":{"line":680,"column":37}},"317":{"start":{"line":681,"column":4},"end":{"line":685,"column":7}},"318":{"start":{"line":689,"column":21},"end":{"line":695,"column":3}},"319":{"start":{"line":690,"column":17},"end":{"line":690,"column":37}},"320":{"start":{"line":691,"column":4},"end":{"line":694,"column":7}},"321":{"start":{"line":698,"column":25},"end":{"line":705,"column":3}},"322":{"start":{"line":699,"column":4},"end":{"line":704,"column":5}},"323":{"start":{"line":700,"column":24},"end":{"line":700,"column":36}},"324":{"start":{"line":701,"column":25},"end":{"line":701,"column":36}},"325":{"start":{"line":702,"column":24},"end":{"line":702,"column":35}},"326":{"start":{"line":703,"column":15},"end":{"line":703,"column":27}},"327":{"start":{"line":708,"column":25},"end":{"line":715,"column":3}},"328":{"start":{"line":709,"column":4},"end":{"line":714,"column":5}},"329":{"start":{"line":710,"column":24},"end":{"line":710,"column":41}},"330":{"start":{"line":711,"column":25},"end":{"line":711,"column":42}},"331":{"start":{"line":712,"column":24},"end":{"line":712,"column":41}},"332":{"start":{"line":713,"column":15},"end":{"line":713,"column":32}},"333":{"start":{"line":718,"column":24},"end":{"line":725,"column":3}},"334":{"start":{"line":719,"column":4},"end":{"line":724,"column":5}},"335":{"start":{"line":720,"column":24},"end":{"line":720,"column":43}},"336":{"start":{"line":721,"column":25},"end":{"line":721,"column":45}},"337":{"start":{"line":722,"column":24},"end":{"line":722,"column":43}},"338":{"start":{"line":723,"column":15},"end":{"line":723,"column":29}},"339":{"start":{"line":727,"column":2},"end":{"line":733,"column":3}},"340":{"start":{"line":728,"column":4},"end":{"line":732,"column":6}},"341":{"start":{"line":735,"column":2},"end":{"line":743,"column":3}},"342":{"start":{"line":736,"column":4},"end":{"line":742,"column":6}},"343":{"start":{"line":745,"column":2},"end":{"line":760,"column":3}},"344":{"start":{"line":746,"column":4},"end":{"line":759,"column":6}},"345":{"start":{"line":752,"column":27},"end":{"line":752,"column":51}},"346":{"start":{"line":762,"column":2},"end":{"line":1141,"column":4}},"347":{"start":{"line":784,"column":37},"end":{"line":784,"column":71}},"348":{"start":{"line":790,"column":37},"end":{"line":790,"column":72}},"349":{"start":{"line":813,"column":32},"end":{"line":813,"column":93}},"350":{"start":{"line":813,"column":55},"end":{"line":813,"column":92}},"351":{"start":{"line":814,"column":16},"end":{"line":814,"column":52}},"352":{"start":{"line":820,"column":16},"end":{"line":822,"column":25}},"353":{"start":{"line":830,"column":14},"end":{"line":833,"column":15}},"354":{"start":{"line":831,"column":16},"end":{"line":831,"column":54}},"355":{"start":{"line":832,"column":16},"end":{"line":832,"column":23}},"356":{"start":{"line":834,"column":14},"end":{"line":838,"column":17}},"357":{"start":{"line":853,"column":33},"end":{"line":853,"column":62}},"358":{"start":{"line":858,"column":33},"end":{"line":858,"column":50}},"359":{"start":{"line":869,"column":33},"end":{"line":869,"column":64}},"360":{"start":{"line":887,"column":29},"end":{"line":887,"column":61}},"361":{"start":{"line":887,"column":55},"end":{"line":887,"column":60}},"362":{"start":{"line":905,"column":22},"end":{"line":909,"column":23}},"363":{"start":{"line":906,"column":57},"end":{"line":906,"column":82}},"364":{"start":{"line":907,"column":24},"end":{"line":907,"column":84}},"365":{"start":{"line":908,"column":24},"end":{"line":908,"column":44}},"366":{"start":{"line":915,"column":22},"end":{"line":920,"column":31}},"367":{"start":{"line":946,"column":14},"end":{"line":1013,"column":20}},"368":{"start":{"line":993,"column":35},"end":{"line":993,"column":69}},"369":{"start":{"line":1000,"column":35},"end":{"line":1000,"column":71}},"370":{"start":{"line":1025,"column":35},"end":{"line":1025,"column":53}},"371":{"start":{"line":1025,"column":54},"end":{"line":1025,"column":77}},"372":{"start":{"line":1076,"column":31},"end":{"line":1076,"column":65}},"373":{"start":{"line":1083,"column":31},"end":{"line":1083,"column":66}},"374":{"start":{"line":1106,"column":23},"end":{"line":1106,"column":94}},"375":{"start":{"line":1129,"column":60},"end":{"line":1129,"column":128}},"376":{"start":{"line":1129,"column":91},"end":{"line":1129,"column":126}}},"fnMap":{"0":{"name":"extractUserIdFromToken","decl":{"start":{"line":14,"column":9},"end":{"line":14,"column":31}},"loc":{"start":{"line":14,"column":39},"end":{"line":23,"column":1}},"line":14},"1":{"name":"(anonymous_1)","decl":{"start":{"line":25,"column":34},"end":{"line":25,"column":35}},"loc":{"start":{"line":25,"column":46},"end":{"line":25,"column":50}},"line":25},"2":{"name":"(anonymous_2)","decl":{"start":{"line":26,"column":19},"end":{"line":26,"column":20}},"loc":{"start":{"line":26,"column":25},"end":{"line":26,"column":30}},"line":26},"3":{"name":"normalizeText","decl":{"start":{"line":30,"column":9},"end":{"line":30,"column":22}},"loc":{"start":{"line":30,"column":29},"end":{"line":36,"column":1}},"line":30},"4":{"name":"Appointments","decl":{"start":{"line":38,"column":9},"end":{"line":38,"column":21}},"loc":{"start":{"line":38,"column":24},"end":{"line":1142,"column":1}},"line":38},"5":{"name":"(anonymous_5)","decl":{"start":{"line":55,"column":12},"end":{"line":55,"column":13}},"loc":{"start":{"line":55,"column":18},"end":{"line":67,"column":3}},"line":55},"6":{"name":"loadPatients","decl":{"start":{"line":56,"column":19},"end":{"line":56,"column":31}},"loc":{"start":{"line":56,"column":34},"end":{"line":65,"column":5}},"line":56},"7":{"name":"(anonymous_7)","decl":{"start":{"line":96,"column":12},"end":{"line":96,"column":13}},"loc":{"start":{"line":96,"column":18},"end":{"line":150,"column":3}},"line":96},"8":{"name":"loadAppointments","decl":{"start":{"line":97,"column":19},"end":{"line":97,"column":35}},"loc":{"start":{"line":97,"column":38},"end":{"line":147,"column":5}},"line":97},"9":{"name":"(anonymous_9)","decl":{"start":{"line":131,"column":22},"end":{"line":131,"column":23}},"loc":{"start":{"line":131,"column":33},"end":{"line":131,"column":55}},"line":131},"10":{"name":"(anonymous_10)","decl":{"start":{"line":132,"column":19},"end":{"line":132,"column":20}},"loc":{"start":{"line":132,"column":30},"end":{"line":132,"column":52}},"line":132},"11":{"name":"(anonymous_11)","decl":{"start":{"line":153,"column":42},"end":{"line":153,"column":43}},"loc":{"start":{"line":153,"column":54},"end":{"line":212,"column":3}},"line":153},"12":{"name":"(anonymous_12)","decl":{"start":{"line":160,"column":18},"end":{"line":160,"column":19}},"loc":{"start":{"line":160,"column":29},"end":{"line":163,"column":5}},"line":160},"13":{"name":"(anonymous_13)","decl":{"start":{"line":165,"column":27},"end":{"line":165,"column":28}},"loc":{"start":{"line":165,"column":39},"end":{"line":197,"column":5}},"line":165},"14":{"name":"(anonymous_14)","decl":{"start":{"line":176,"column":22},"end":{"line":176,"column":23}},"loc":{"start":{"line":176,"column":33},"end":{"line":176,"column":55}},"line":176},"15":{"name":"(anonymous_15)","decl":{"start":{"line":177,"column":19},"end":{"line":177,"column":20}},"loc":{"start":{"line":177,"column":30},"end":{"line":177,"column":52}},"line":177},"16":{"name":"(anonymous_16)","decl":{"start":{"line":185,"column":21},"end":{"line":185,"column":22}},"loc":{"start":{"line":185,"column":29},"end":{"line":185,"column":37}},"line":185},"17":{"name":"(anonymous_17)","decl":{"start":{"line":191,"column":82},"end":{"line":191,"column":83}},"loc":{"start":{"line":191,"column":89},"end":{"line":191,"column":115}},"line":191},"18":{"name":"(anonymous_18)","decl":{"start":{"line":203,"column":17},"end":{"line":203,"column":18}},"loc":{"start":{"line":203,"column":27},"end":{"line":203,"column":99}},"line":203},"19":{"name":"(anonymous_19)","decl":{"start":{"line":204,"column":15},"end":{"line":204,"column":16}},"loc":{"start":{"line":204,"column":24},"end":{"line":204,"column":63}},"line":204},"20":{"name":"(anonymous_20)","decl":{"start":{"line":215,"column":12},"end":{"line":215,"column":13}},"loc":{"start":{"line":215,"column":18},"end":{"line":220,"column":3}},"line":215},"21":{"name":"(anonymous_21)","decl":{"start":{"line":218,"column":40},"end":{"line":218,"column":41}},"loc":{"start":{"line":218,"column":47},"end":{"line":218,"column":73}},"line":218},"22":{"name":"(anonymous_22)","decl":{"start":{"line":223,"column":12},"end":{"line":223,"column":13}},"loc":{"start":{"line":223,"column":18},"end":{"line":235,"column":3}},"line":223},"23":{"name":"(anonymous_23)","decl":{"start":{"line":228,"column":35},"end":{"line":228,"column":36}},"loc":{"start":{"line":228,"column":41},"end":{"line":230,"column":7}},"line":228},"24":{"name":"(anonymous_24)","decl":{"start":{"line":232,"column":13},"end":{"line":232,"column":14}},"loc":{"start":{"line":232,"column":19},"end":{"line":232,"column":42}},"line":232},"25":{"name":"(anonymous_25)","decl":{"start":{"line":238,"column":31},"end":{"line":238,"column":32}},"loc":{"start":{"line":238,"column":54},"end":{"line":273,"column":3}},"line":238},"26":{"name":"(anonymous_26)","decl":{"start":{"line":264,"column":24},"end":{"line":264,"column":25}},"loc":{"start":{"line":264,"column":32},"end":{"line":264,"column":66}},"line":264},"27":{"name":"(anonymous_27)","decl":{"start":{"line":276,"column":32},"end":{"line":276,"column":33}},"loc":{"start":{"line":276,"column":49},"end":{"line":288,"column":3}},"line":276},"28":{"name":"(anonymous_28)","decl":{"start":{"line":286,"column":23},"end":{"line":286,"column":24}},"loc":{"start":{"line":286,"column":42},"end":{"line":286,"column":75}},"line":286},"29":{"name":"(anonymous_29)","decl":{"start":{"line":291,"column":26},"end":{"line":291,"column":27}},"loc":{"start":{"line":291,"column":32},"end":{"line":297,"column":3}},"line":291},"30":{"name":"(anonymous_30)","decl":{"start":{"line":300,"column":25},"end":{"line":300,"column":26}},"loc":{"start":{"line":300,"column":104},"end":{"line":329,"column":3}},"line":300},"31":{"name":"(anonymous_31)","decl":{"start":{"line":306,"column":52},"end":{"line":306,"column":53}},"loc":{"start":{"line":307,"column":10},"end":{"line":309,"column":52}},"line":307},"32":{"name":"(anonymous_32)","decl":{"start":{"line":332,"column":26},"end":{"line":332,"column":27}},"loc":{"start":{"line":332,"column":111},"end":{"line":438,"column":3}},"line":332},"33":{"name":"(anonymous_33)","decl":{"start":{"line":349,"column":39},"end":{"line":349,"column":40}},"loc":{"start":{"line":350,"column":8},"end":{"line":352,"column":15}},"line":350},"34":{"name":"(anonymous_34)","decl":{"start":{"line":418,"column":38},"end":{"line":418,"column":39}},"loc":{"start":{"line":418,"column":46},"end":{"line":418,"column":73}},"line":418},"35":{"name":"(anonymous_35)","decl":{"start":{"line":441,"column":39},"end":{"line":441,"column":40}},"loc":{"start":{"line":441,"column":70},"end":{"line":451,"column":3}},"line":441},"36":{"name":"(anonymous_36)","decl":{"start":{"line":452,"column":38},"end":{"line":452,"column":39}},"loc":{"start":{"line":452,"column":44},"end":{"line":454,"column":3}},"line":452},"37":{"name":"(anonymous_37)","decl":{"start":{"line":457,"column":34},"end":{"line":457,"column":35}},"loc":{"start":{"line":457,"column":51},"end":{"line":462,"column":3}},"line":457},"38":{"name":"(anonymous_38)","decl":{"start":{"line":465,"column":35},"end":{"line":465,"column":36}},"loc":{"start":{"line":465,"column":47},"end":{"line":532,"column":3}},"line":465},"39":{"name":"(anonymous_39)","decl":{"start":{"line":469,"column":26},"end":{"line":469,"column":27}},"loc":{"start":{"line":469,"column":38},"end":{"line":508,"column":5}},"line":469},"40":{"name":"(anonymous_40)","decl":{"start":{"line":498,"column":56},"end":{"line":498,"column":57}},"loc":{"start":{"line":498,"column":63},"end":{"line":498,"column":88}},"line":498},"41":{"name":"(anonymous_41)","decl":{"start":{"line":514,"column":17},"end":{"line":514,"column":18}},"loc":{"start":{"line":514,"column":27},"end":{"line":523,"column":9}},"line":514},"42":{"name":"(anonymous_42)","decl":{"start":{"line":524,"column":15},"end":{"line":524,"column":16}},"loc":{"start":{"line":524,"column":24},"end":{"line":524,"column":61}},"line":524},"43":{"name":"(anonymous_43)","decl":{"start":{"line":535,"column":46},"end":{"line":535,"column":47}},"loc":{"start":{"line":535,"column":74},"end":{"line":541,"column":3}},"line":535},"44":{"name":"(anonymous_44)","decl":{"start":{"line":544,"column":47},"end":{"line":544,"column":48}},"loc":{"start":{"line":544,"column":59},"end":{"line":625,"column":3}},"line":544},"45":{"name":"(anonymous_45)","decl":{"start":{"line":548,"column":26},"end":{"line":548,"column":27}},"loc":{"start":{"line":548,"column":38},"end":{"line":601,"column":5}},"line":548},"46":{"name":"(anonymous_46)","decl":{"start":{"line":557,"column":53},"end":{"line":557,"column":54}},"loc":{"start":{"line":557,"column":60},"end":{"line":557,"column":102}},"line":557},"47":{"name":"(anonymous_47)","decl":{"start":{"line":576,"column":56},"end":{"line":576,"column":57}},"loc":{"start":{"line":577,"column":10},"end":{"line":577,"column":85}},"line":577},"48":{"name":"(anonymous_48)","decl":{"start":{"line":581,"column":21},"end":{"line":581,"column":22}},"loc":{"start":{"line":581,"column":29},"end":{"line":581,"column":37}},"line":581},"49":{"name":"(anonymous_49)","decl":{"start":{"line":583,"column":19},"end":{"line":583,"column":20}},"loc":{"start":{"line":583,"column":31},"end":{"line":592,"column":9}},"line":583},"50":{"name":"(anonymous_50)","decl":{"start":{"line":588,"column":25},"end":{"line":588,"column":26}},"loc":{"start":{"line":588,"column":33},"end":{"line":588,"column":41}},"line":588},"51":{"name":"(anonymous_51)","decl":{"start":{"line":607,"column":17},"end":{"line":607,"column":18}},"loc":{"start":{"line":607,"column":27},"end":{"line":616,"column":9}},"line":607},"52":{"name":"(anonymous_52)","decl":{"start":{"line":617,"column":15},"end":{"line":617,"column":16}},"loc":{"start":{"line":617,"column":24},"end":{"line":617,"column":68}},"line":617},"53":{"name":"(anonymous_53)","decl":{"start":{"line":628,"column":34},"end":{"line":628,"column":35}},"loc":{"start":{"line":628,"column":40},"end":{"line":630,"column":3}},"line":628},"54":{"name":"(anonymous_54)","decl":{"start":{"line":633,"column":45},"end":{"line":633,"column":46}},"loc":{"start":{"line":633,"column":51},"end":{"line":651,"column":3}},"line":633},"55":{"name":"(anonymous_55)","decl":{"start":{"line":637,"column":14},"end":{"line":637,"column":15}},"loc":{"start":{"line":637,"column":29},"end":{"line":637,"column":63}},"line":637},"56":{"name":"(anonymous_56)","decl":{"start":{"line":638,"column":15},"end":{"line":638,"column":16}},"loc":{"start":{"line":638,"column":30},"end":{"line":648,"column":7}},"line":638},"57":{"name":"(anonymous_57)","decl":{"start":{"line":650,"column":49},"end":{"line":650,"column":50}},"loc":{"start":{"line":650,"column":59},"end":{"line":650,"column":87}},"line":650},"58":{"name":"(anonymous_58)","decl":{"start":{"line":654,"column":51},"end":{"line":654,"column":52}},"loc":{"start":{"line":654,"column":66},"end":{"line":671,"column":3}},"line":654},"59":{"name":"(anonymous_59)","decl":{"start":{"line":655,"column":42},"end":{"line":655,"column":43}},"loc":{"start":{"line":655,"column":48},"end":{"line":666,"column":5}},"line":655},"60":{"name":"(anonymous_60)","decl":{"start":{"line":671,"column":10},"end":{"line":671,"column":11}},"loc":{"start":{"line":671,"column":20},"end":{"line":676,"column":3}},"line":671},"61":{"name":"(anonymous_61)","decl":{"start":{"line":679,"column":21},"end":{"line":679,"column":22}},"loc":{"start":{"line":679,"column":37},"end":{"line":686,"column":3}},"line":679},"62":{"name":"(anonymous_62)","decl":{"start":{"line":689,"column":21},"end":{"line":689,"column":22}},"loc":{"start":{"line":689,"column":37},"end":{"line":695,"column":3}},"line":689},"63":{"name":"(anonymous_63)","decl":{"start":{"line":698,"column":25},"end":{"line":698,"column":26}},"loc":{"start":{"line":698,"column":37},"end":{"line":705,"column":3}},"line":698},"64":{"name":"(anonymous_64)","decl":{"start":{"line":708,"column":25},"end":{"line":708,"column":26}},"loc":{"start":{"line":708,"column":37},"end":{"line":715,"column":3}},"line":708},"65":{"name":"(anonymous_65)","decl":{"start":{"line":718,"column":24},"end":{"line":718,"column":25}},"loc":{"start":{"line":718,"column":36},"end":{"line":725,"column":3}},"line":718},"66":{"name":"(anonymous_66)","decl":{"start":{"line":752,"column":21},"end":{"line":752,"column":22}},"loc":{"start":{"line":752,"column":27},"end":{"line":752,"column":51}},"line":752},"67":{"name":"(anonymous_67)","decl":{"start":{"line":784,"column":31},"end":{"line":784,"column":32}},"loc":{"start":{"line":784,"column":37},"end":{"line":784,"column":71}},"line":784},"68":{"name":"(anonymous_68)","decl":{"start":{"line":790,"column":31},"end":{"line":790,"column":32}},"loc":{"start":{"line":790,"column":37},"end":{"line":790,"column":72}},"line":790},"69":{"name":"(anonymous_69)","decl":{"start":{"line":812,"column":24},"end":{"line":812,"column":25}},"loc":{"start":{"line":812,"column":29},"end":{"line":815,"column":15}},"line":812},"70":{"name":"(anonymous_70)","decl":{"start":{"line":813,"column":50},"end":{"line":813,"column":51}},"loc":{"start":{"line":813,"column":55},"end":{"line":813,"column":92}},"line":813},"71":{"name":"(anonymous_71)","decl":{"start":{"line":819,"column":32},"end":{"line":819,"column":33}},"loc":{"start":{"line":820,"column":16},"end":{"line":822,"column":25}},"line":820},"72":{"name":"(anonymous_72)","decl":{"start":{"line":829,"column":21},"end":{"line":829,"column":22}},"loc":{"start":{"line":829,"column":27},"end":{"line":839,"column":13}},"line":829},"73":{"name":"(anonymous_73)","decl":{"start":{"line":853,"column":26},"end":{"line":853,"column":27}},"loc":{"start":{"line":853,"column":33},"end":{"line":853,"column":62}},"line":853},"74":{"name":"(anonymous_74)","decl":{"start":{"line":858,"column":27},"end":{"line":858,"column":28}},"loc":{"start":{"line":858,"column":33},"end":{"line":858,"column":50}},"line":858},"75":{"name":"(anonymous_75)","decl":{"start":{"line":869,"column":26},"end":{"line":869,"column":27}},"loc":{"start":{"line":869,"column":33},"end":{"line":869,"column":64}},"line":869},"76":{"name":"(anonymous_76)","decl":{"start":{"line":887,"column":23},"end":{"line":887,"column":24}},"loc":{"start":{"line":887,"column":29},"end":{"line":887,"column":61}},"line":887},"77":{"name":"(anonymous_77)","decl":{"start":{"line":887,"column":47},"end":{"line":887,"column":48}},"loc":{"start":{"line":887,"column":55},"end":{"line":887,"column":60}},"line":887},"78":{"name":"(anonymous_78)","decl":{"start":{"line":904,"column":30},"end":{"line":904,"column":31}},"loc":{"start":{"line":904,"column":37},"end":{"line":910,"column":21}},"line":904},"79":{"name":"(anonymous_79)","decl":{"start":{"line":914,"column":62},"end":{"line":914,"column":63}},"loc":{"start":{"line":915,"column":22},"end":{"line":920,"column":31}},"line":915},"80":{"name":"(anonymous_80)","decl":{"start":{"line":945,"column":37},"end":{"line":945,"column":38}},"loc":{"start":{"line":946,"column":14},"end":{"line":1013,"column":20}},"line":946},"81":{"name":"(anonymous_81)","decl":{"start":{"line":993,"column":29},"end":{"line":993,"column":30}},"loc":{"start":{"line":993,"column":35},"end":{"line":993,"column":69}},"line":993},"82":{"name":"(anonymous_82)","decl":{"start":{"line":1000,"column":29},"end":{"line":1000,"column":30}},"loc":{"start":{"line":1000,"column":35},"end":{"line":1000,"column":71}},"line":1000},"83":{"name":"(anonymous_83)","decl":{"start":{"line":1025,"column":27},"end":{"line":1025,"column":28}},"loc":{"start":{"line":1025,"column":33},"end":{"line":1025,"column":79}},"line":1025},"84":{"name":"(anonymous_84)","decl":{"start":{"line":1076,"column":25},"end":{"line":1076,"column":26}},"loc":{"start":{"line":1076,"column":31},"end":{"line":1076,"column":65}},"line":1076},"85":{"name":"(anonymous_85)","decl":{"start":{"line":1083,"column":25},"end":{"line":1083,"column":26}},"loc":{"start":{"line":1083,"column":31},"end":{"line":1083,"column":66}},"line":1083},"86":{"name":"(anonymous_86)","decl":{"start":{"line":1106,"column":17},"end":{"line":1106,"column":18}},"loc":{"start":{"line":1106,"column":23},"end":{"line":1106,"column":94}},"line":1106},"87":{"name":"(anonymous_87)","decl":{"start":{"line":1129,"column":49},"end":{"line":1129,"column":50}},"loc":{"start":{"line":1129,"column":60},"end":{"line":1129,"column":128}},"line":1129},"88":{"name":"(anonymous_88)","decl":{"start":{"line":1129,"column":82},"end":{"line":1129,"column":83}},"loc":{"start":{"line":1129,"column":91},"end":{"line":1129,"column":126}},"line":1129}},"branchMap":{"0":{"loc":{"start":{"line":15,"column":2},"end":{"line":15,"column":26}},"type":"if","locations":[{"start":{"line":15,"column":2},"end":{"line":15,"column":26}},{"start":{},"end":{}}],"line":15},"1":{"loc":{"start":{"line":18,"column":2},"end":{"line":21,"column":3}},"type":"if","locations":[{"start":{"line":18,"column":2},"end":{"line":21,"column":3}},{"start":{},"end":{}}],"line":18},"2":{"loc":{"start":{"line":18,"column":6},"end":{"line":18,"column":46}},"type":"binary-expr","locations":[{"start":{"line":18,"column":6},"end":{"line":18,"column":23}},{"start":{"line":18,"column":27},"end":{"line":18,"column":46}}],"line":18},"3":{"loc":{"start":{"line":20,"column":11},"end":{"line":20,"column":40}},"type":"cond-expr","locations":[{"start":{"line":20,"column":27},"end":{"line":20,"column":31}},{"start":{"line":20,"column":34},"end":{"line":20,"column":40}}],"line":20},"4":{"loc":{"start":{"line":57,"column":6},"end":{"line":57,"column":26}},"type":"if","locations":[{"start":{"line":57,"column":6},"end":{"line":57,"column":26}},{"start":{},"end":{}}],"line":57},"5":{"loc":{"start":{"line":60,"column":24},"end":{"line":60,"column":63}},"type":"cond-expr","locations":[{"start":{"line":60,"column":50},"end":{"line":60,"column":58}},{"start":{"line":60,"column":61},"end":{"line":60,"column":63}}],"line":60},"6":{"loc":{"start":{"line":98,"column":6},"end":{"line":102,"column":7}},"type":"if","locations":[{"start":{"line":98,"column":6},"end":{"line":102,"column":7}},{"start":{},"end":{}}],"line":98},"7":{"loc":{"start":{"line":112,"column":8},"end":{"line":114,"column":9}},"type":"if","locations":[{"start":{"line":112,"column":8},"end":{"line":114,"column":9}},{"start":{},"end":{}}],"line":112},"8":{"loc":{"start":{"line":123,"column":24},"end":{"line":123,"column":46}},"type":"binary-expr","locations":[{"start":{"line":123,"column":24},"end":{"line":123,"column":40}},{"start":{"line":123,"column":44},"end":{"line":123,"column":46}}],"line":123},"9":{"loc":{"start":{"line":142,"column":17},"end":{"line":142,"column":60}},"type":"binary-expr","locations":[{"start":{"line":142,"column":17},"end":{"line":142,"column":28}},{"start":{"line":142,"column":32},"end":{"line":142,"column":60}}],"line":142},"10":{"loc":{"start":{"line":154,"column":4},"end":{"line":157,"column":5}},"type":"if","locations":[{"start":{"line":154,"column":4},"end":{"line":157,"column":5}},{"start":{},"end":{}}],"line":154},"11":{"loc":{"start":{"line":161,"column":6},"end":{"line":161,"column":34}},"type":"if","locations":[{"start":{"line":161,"column":6},"end":{"line":161,"column":34}},{"start":{},"end":{}}],"line":161},"12":{"loc":{"start":{"line":169,"column":24},"end":{"line":169,"column":51}},"type":"binary-expr","locations":[{"start":{"line":169,"column":24},"end":{"line":169,"column":45}},{"start":{"line":169,"column":49},"end":{"line":169,"column":51}}],"line":169},"13":{"loc":{"start":{"line":190,"column":27},"end":{"line":190,"column":83}},"type":"cond-expr","locations":[{"start":{"line":190,"column":51},"end":{"line":190,"column":79}},{"start":{"line":190,"column":82},"end":{"line":190,"column":83}}],"line":190},"14":{"loc":{"start":{"line":191,"column":29},"end":{"line":191,"column":127}},"type":"cond-expr","locations":[{"start":{"line":191,"column":53},"end":{"line":191,"column":123}},{"start":{"line":191,"column":126},"end":{"line":191,"column":127}}],"line":191},"15":{"loc":{"start":{"line":224,"column":4},"end":{"line":233,"column":5}},"type":"if","locations":[{"start":{"line":224,"column":4},"end":{"line":233,"column":5}},{"st
[...]
binary-expr","locations":[{"start":{"line":758,"column":12},"end":{"line":758,"column":47}},{"start":{"line":758,"column":51},"end":{"line":758,"column":85}}],"line":758},"96":{"loc":{"start":{"line":759,"column":24},"end":{"line":759,"column":59}},"type":"binary-expr","locations":[{"start":{"line":759,"column":24},"end":{"line":759,"column":54}},{"start":{"line":759,"column":58},"end":{"line":759,"column":59}}],"line":759},"97":{"loc":{"start":{"line":775,"column":6},"end":{"line":778,"column":7}},"type":"if","locations":[{"start":{"line":775,"column":6},"end":{"line":778,"column":7}},{"start":{},"end":{}}],"line":775},"98":{"loc":{"start":{"line":777,"column":24},"end":{"line":777,"column":85}},"type":"binary-expr","locations":[{"start":{"line":777,"column":24},"end":{"line":777,"column":40}},{"start":{"line":777,"column":44},"end":{"line":777,"column":85}}],"line":777},"99":{"loc":{"start":{"line":781,"column":22},"end":{"line":781,"column":54}},"type":"binary-expr","locations":[{"start":{"line":781,"column":22},"end":{"line":781,"column":49}},{"start":{"line":781,"column":53},"end":{"line":781,"column":54}}],"line":781},"100":{"loc":{"start":{"line":856,"column":13},"end":{"line":856,"column":73}},"type":"cond-expr","locations":[{"start":{"line":856,"column":45},"end":{"line":856,"column":66}},{"start":{"line":856,"column":69},"end":{"line":856,"column":73}}],"line":856},"101":{"loc":{"start":{"line":916,"column":4},"end":{"line":916,"column":84}},"type":"if","locations":[{"start":{"line":916,"column":4},"end":{"line":916,"column":84}},{"start":{},"end":{}}],"line":916},"102":{"loc":{"start":{"line":931,"column":4},"end":{"line":931,"column":85}},"type":"if","locations":[{"start":{"line":931,"column":4},"end":{"line":931,"column":85}},{"start":{},"end":{}}],"line":931},"103":{"loc":{"start":{"line":947,"column":2},"end":{"line":947,"column":84}},"type":"if","locations":[{"start":{"line":947,"column":2},"end":{"line":947,"column":84}},{"start":{},"end":{}}],"line":947}},"s":{"0":0,"1":0,"2":0,"3":0,"4":0,"5":0,"6":0,"7":0,"8":0,"9":0,"10":0,"11":0,"12":0,"13":0,"14":0,"15":0,"16":0,"17":0,"18":0,"19":0,"20":0,"21":0,"22":0,"23":0,"24":0,"25":0,"26":0,"27":0,"28":0,"29":0,"30":0,"31":0,"32":0,"33":0,"34":0,"35":0,"36":0,"37":0,"38":0,"39":0,"40":0,"41":0,"42":0,"43":0,"44":0,"45":0,"46":0,"47":0,"48":0,"49":0,"50":0,"51":0,"52":0,"53":0,"54":0,"55":0,"56":0,"57":0,"58":0,"59":0,"60":0,"61":0,"62":0,"63":0,"64":0,"65":0,"66":0,"67":0,"68":0,"69":0,"70":0,"71":0,"72":0,"73":0,"74":0,"75":0,"76":0,"77":0,"78":0,"79":0,"80":0,"81":0,"82":0,"83":0,"84":0,"85":0,"86":0,"87":0,"88":0,"89":0,"90":0,"91":0,"92":0,"93":0,"94":0,"95":0,"96":0,"97":0,"98":0,"99":0,"100":0,"101":0,"102":0,"103":0,"104":0,"105":0,"106":0,"107":0,"108":0,"109":0,"110":0,"111":0,"112":0,"113":0,"114":0,"115":0,"116":0,"117":0,"118":0,"119":0,"120":0,"121":0,"122":0,"123":0,"124":0,"125":0,"126":0,"127":0,"128":0,"129":0,"130":0,"131":0,"132":0,"133":0,"134":0,"135":0,"136":0,"137":0,"138":0,"139":0,"140":0,"141":0,"142":0,"143":0,"144":0,"145":0,"146":0,"147":0,"148":0,"149":0,"150":0,"151":0,"152":0,"153":0,"154":0,"155":0,"156":0,"157":0,"158":0,"159":0,"160":0,"161":0,"162":0,"163":0,"164":0,"165":0,"166":0,"167":0,"168":0,"169":0,"170":0,"171":0,"172":0,"173":0,"174":0,"175":0,"176":0,"177":0,"178":0,"179":0,"180":0,"181":0,"182":0,"183":0,"184":0,"185":0,"186":0,"187":0,"188":0,"189":0,"190":0,"191":0,"192":0,"193":0,"194":0,"195":0,"196":0,"197":0,"198":0,"199":0,"200":0,"201":0,"202":0,"203":0,"204":0,"205":0,"206":0,"207":0,"208":0,"209":0,"210":0,"211":0,"212":0,"213":0,"214":0,"215":0,"216":0,"217":0,"218":0,"219":0,"220":0,"221":0,"222":0,"223":0,"224":0,"225":0,"226":0,"227":0,"228":0,"229":0,"230":0,"231":0,"232":0,"233":0,"234":0,"235":0,"236":0,"237":0,"238":0,"239":0,"240":0,"241":0,"242":0,"243":0,"244":0,"245":0,"246":0,"247":0,"248":0,"249":0,"250":0,"251":0,"252":0,"253":0,"254":0,"255":0,"256":0,"257":0,"258":0,"259":0,"260":0,"261":0,"262":0,"263":0,"264":0,"265":0,"266":0,"267":0,"268":0,"269":0,"270":0,"271":0,"272":0,"273":0,"274":0,"275":0,"276":0,"277":0,"278":0,"279":0,"280":0,"281":0,"282":0,"283":0,"284":0,"285":0,"286":0,"287":0,"288":0,"289":0,"290":0,"291":0,"292":0,"293":0,"294":0,"295":0,"296":0,"297":0,"298":0,"299":0,"300":0,"301":0,"302":0,"303":0,"304":0,"305":0,"306":0,"307":0,"308":0,"309":0,"310":0,"311":0,"312":0,"313":0,"314":0,"315":0,"316":0,"317":0,"318":0},"f":{"0":0,"1":0,"2":0,"3":0,"4":0,"5":0,"6":0,"7":0,"8":0,"9":0,"10":0,"11":0,"12":0,"13":0,"14":0,"15":0,"16":0,"17":0,"18":0,"19":0,"20":0,"21":0,"22":0,"23":0,"24":0,"25":0,"26":0,"27":0,"28":0,"29":0,"30":0,"31":0,"32":0,"33":0,"34":0,"35":0,"36":0,"37":0,"38":0,"39":0,"40":0},"b":{"0":[0,0],"1":[0,0],"2":[0,0],"3":[0],"4":[0,0],"5":[0,0],"6":[0,0],"7":[0,0],"8":[0,0],"9":[0],"10":[0,0],"11":[0,0],"12":[0,0],"13":[0,0],"14":[0,0],"15":[0,0],"16":[0,0],"17":[0,0],"18":[0,0],"19":[0,0],"20":[0,0,0,0],"21":[0,0],"22":[0,0],"23":[0,0],"24":[0,0],"25":[0,0],"26":[0,0],"27":[0,0],"28":[0,0],"29":[0,0],"30":[0,0],"31":[0,0],"32":[0,0],"33":[0,0],"34":[0,0],"35":[0,0],"36":[0,0],"37":[0,0],"38":[0,0],"39":[0,0],"40":[0,0],"41":[0,0],"42":[0,0],"43":[0,0],"44":[0,0],"45":[0,0],"46":[0,0],"47":[0,0],"48":[0],"49":[0,0],"50":[0,0],"51":[0,0],"52":[0,0],"53":[0,0],"54":[0,0],"55":[0,0,0],"56":[0,0],"57":[0,0],"58":[0,0],"59":[0,0],"60":[0,0],"61":[0,0],"62":[0,0],"63":[0,0],"64":[0,0],"65":[0,0],"66":[0,0],"67":[0,0],"68":[0,0],"69":[0,0],"70":[0,0],"71":[0,0],"72":[0,0],"73":[0,0],"74":[0,0],"75":[0,0],"76":[0,0],"77":[0,0],"78":[0,0],"79":[0,0],"80":[0,0],"81":[0,0],"82":[0,0],"83":[0,0,0],"84":[0,0],"85":[0,0],"86":[0,0],"87":[0,0],"88":[0,0],"89":[0,0],"90":[0,0],"91":[0,0],"92":[0,0],"93":[0,0],"94":[0,0],"95":[0,0],"96":[0,0],"97":[0,0],"98":[0,0],"99":[0,0],"100":[0,0],"101":[0,0],"102":[0,0],"103":[0,0]}}
,"/Users/siete/Public/psi-manager/src/pages/dahboard-page/dashboard.js": {"path":"/Users/siete/Public/psi-manager/src/pages/dahboard-page/dashboard.js","statementMap":{"0":{"start":{"line":16,"column":18},"end":{"line":121,"column":1}},"1":{"start":{"line":17,"column":19},"end":{"line":17,"column":32}},"2":{"start":{"line":18,"column":25},"end":{"line":18,"column":48}},"3":{"start":{"line":19,"column":46},"end":{"line":19,"column":66}},"4":{"start":{"line":20,"column":70},"end":{"line":20,"column":85}},"5":{"start":{"line":22,"column":23},"end":{"line":25,"column":3}},"6":{"start":{"line":23,"column":4},"end":{"line":23,"column":21}},"7":{"start":{"line":24,"column":4},"end":{"line":24,"column":23}},"8":{"start":{"line":27,"column":33},"end":{"line":29,"column":3}},"9":{"start":{"line":28,"column":4},"end":{"line":28,"column":32}},"10":{"start":{"line":31,"column":35},"end":{"line":33,"column":3}},"11":{"start":{"line":32,"column":4},"end":{"line":32,"column":34}},"12":{"start":{"line":35,"column":35},"end":{"line":37,"column":3}},"13":{"start":{"line":36,"column":4},"end":{"line":36,"column":31}},"14":{"start":{"line":38,"column":34},"end":{"line":40,"column":3}},"15":{"start":{"line":39,"column":4},"end":{"line":39,"column":33}},"16":{"start":{"line":42,"column":35},"end":{"line":44,"column":3}},"17":{"start":{"line":43,"column":4},"end":{"line":43,"column":34}},"18":{"start":{"line":46,"column":0},"end":{"line":64,"column":3}},"19":{"start":{"line":47,"column":16},"end":{"line":47,"column":45}},"20":{"start":{"line":48,"column":15},"end":{"line":48,"column":19}},"21":{"start":{"line":49,"column":2},"end":{"line":54,"column":3}},"22":{"start":{"line":50,"column":18},"end":{"line":50,"column":45}},"23":{"start":{"line":51,"column":4},"end":{"line":53,"column":5}},"24":{"start":{"line":52,"column":6},"end":{"line":52,"column":24}},"25":{"start":{"line":55,"column":2},"end":{"line":62,"column":3}},"26":{"start":{"line":56,"column":4},"end":{"line":61,"column":7}},"27":{"start":{"line":58,"column":6},"end":{"line":60,"column":7}},"28":{"start":{"line":59,"column":8},"end":{"line":59,"column":23}},"29":{"start":{"line":66,"column":2},"end":{"line":120,"column":4}},"30":{"start":{"line":86,"column":46},"end":{"line":86,"column":81}},"31":{"start":{"line":117,"column":83},"end":{"line":117,"column":119}}},"fnMap":{"0":{"name":"(anonymous_0)","decl":{"start":{"line":16,"column":18},"end":{"line":16,"column":19}},"loc":{"start":{"line":16,"column":24},"end":{"line":121,"column":1}},"line":16},"1":{"name":"(anonymous_1)","decl":{"start":{"line":22,"column":23},"end":{"line":22,"column":24}},"loc":{"start":{"line":22,"column":29},"end":{"line":25,"column":3}},"line":22},"2":{"name":"(anonymous_2)","decl":{"start":{"line":27,"column":33},"end":{"line":27,"column":34}},"loc":{"start":{"line":27,"column":39},"end":{"line":29,"column":3}},"line":27},"3":{"name":"(anonymous_3)","decl":{"start":{"line":31,"column":35},"end":{"line":31,"column":36}},"loc":{"start":{"line":31,"column":41},"end":{"line":33,"column":3}},"line":31},"4":{"name":"(anonymous_4)","decl":{"start":{"line":35,"column":35},"end":{"line":35,"column":36}},"loc":{"start":{"line":35,"column":41},"end":{"line":37,"column":3}},"line":35},"5":{"name":"(anonymous_5)","decl":{"start":{"line":38,"column":34},"end":{"line":38,"column":35}},"loc":{"start":{"line":38,"column":40},"end":{"line":40,"column":3}},"line":38},"6":{"name":"(anonymous_6)","decl":{"start":{"line":42,"column":35},"end":{"line":42,"column":36}},"loc":{"start":{"line":42,"column":41},"end":{"line":44,"column":3}},"line":42},"7":{"name":"(anonymous_7)","decl":{"start":{"line":46,"column":10},"end":{"line":46,"column":11}},"loc":{"start":{"line":46,"column":16},"end":{"line":64,"column":1}},"line":46},"8":{"name":"(anonymous_8)","decl":{"start":{"line":56,"column":39},"end":{"line":56,"column":40}},"loc":{"start":{"line":56,"column":51},"end":{"line":61,"column":5}},"line":56},"9":{"name":"(anonymous_9)","decl":{"start":{"line":86,"column":40},"end":{"line":86,"column":41}},"loc":{"start":{"line":86,"column":46},"end":{"line":86,"column":81}},"line":86},"10":{"name":"(anonymous_10)","decl":{"start":{"line":117,"column":77},"end":{"line":117,"column":78}},"loc":{"start":{"line":117,"column":83},"end":{"line":117,"column":119}},"line":117}},"branchMap":{"0":{"loc":{"start":{"line":49,"column":2},"end":{"line":54,"column":3}},"type":"if","locations":[{"start":{"line":49,"column":2},"end":{"line":54,"column":3}},{"start":{},"end":{}}],"line":49},"1":{"loc":{"start":{"line":51,"column":4},"end":{"line":53,"column":5}},"type":"if","locations":[{"start":{"line":51,"column":4},"end":{"line":53,"column":5}},{"start":{},"end":{}}],"line":51},"2":{"loc":{"start":{"line":55,"column":2},"end":{"line":62,"column":3}},"type":"if","locations":[{"start":{"line":55,"column":2},"end":{"line":62,"column":3}},{"start":{},"end":{}}],"line":55},"3":{"loc":{"start":{"line":58,"column":6},"end":{"line":60,"column":7}},"type":"if","locations":[{"start":{"line":58,"column":6},"end":{"line":60,"column":7}},{"start":{},"end":{}}],"line":58},"4":{"loc":{"start":{"line":58,"column":10},"end":{"line":58,"column":43}},"type":"binary-expr","locations":[{"start":{"line":58,"column":10},"end":{"line":58,"column":16}},{"start":{"line":58,"column":20},"end":{"line":58,"column":43}}],"line":58},"5":{"loc":{"start":{"line":73,"column":13},"end":{"line":73,"column":95}},"type":"binary-expr","locations":[{"start":{"line":73,"column":13},"end":{"line":73,"column":40}},{"start":{"line":73,"column":44},"end":{"line":73,"column":95}}],"line":73},"6":{"loc":{"start":{"line":74,"column":13},"end":{"line":74,"column":100}},"type":"binary-expr","locations":[{"start":{"line":74,"column":13},"end":{"line":74,"column":42}},{"start":{"line":74,"column":46},"end":{"line":74,"column":100}}],"line":74},"7":{"loc":{"start":{"line":75,"column":13},"end":{"line":75,"column":93}},"type":"binary-expr","locations":[{"start":{"line":75,"column":13},"end":{"line":75,"column":39}},{"start":{"line":75,"column":43},"end":{"line":75,"column":93}}],"line":75},"8":{"loc":{"start":{"line":76,"column":13},"end":{"line":76,"column":98}},"type":"binary-expr","locations":[{"start":{"line":76,"column":13},"end":{"line":76,"column":41}},{"start":{"line":76,"column":45},"end":{"line":76,"column":98}}],"line":76},"9":{"loc":{"start":{"line":90,"column":9},"end":{"line":94,"column":9}},"type":"binary-expr","locations":[{"start":{"line":90,"column":9},"end":{"line":90,"column":38}},{"start":{"line":91,"column":10},"end":{"line":93,"column":20}}],"line":90},"10":{"loc":{"start":{"line":95,"column":9},"end":{"line":99,"column":9}},"type":"binary-expr","locations":[{"start":{"line":95,"column":9},"end":{"line":95,"column":36}},{"start":{"line":96,"column":10},"end":{"line":98,"column":20}}],"line":95},"11":{"loc":{"start":{"line":100,"column":9},"end":{"line":104,"column":9}},"type":"binary-expr","locations":[{"start":{"line":100,"column":9},"end":{"line":100,"column":35}},{"start":{"line":101,"column":10},"end":{"line":103,"column":20}}],"line":100},"12":{"loc":{"start":{"line":105,"column":9},"end":{"line":109,"column":9}},"type":"binary-expr","locations":[{"start":{"line":105,"column":9},"end":{"line":105,"column":37}},{"start":{"line":106,"column":10},"end":{"line":108,"column":20}}],"line":105},"13":{"loc":{"start":{"line":110,"column":9},"end":{"line":114,"column":9}},"type":"binary-expr","locations":[{"start":{"line":110,"column":9},"end":{"line":110,"column":38}},{"start":{"line":111,"column":10},"end":{"line":113,"column":20}}],"line":110},"14":{"loc":{"start":{"line":116,"column":7},"end":{"line":118,"column":7}},"type":"binary-expr","locations":[{"start":{"line":116,"column":7},"end":{"line":116,"column":33}},{"start":{"line":117,"column":8},"end":{"line":117,"column":123}}],"line":116}},"s":{"0":1,"1":0,"2":0,"3":0,"4":0,"5":0,"6":0,"7":0,"8":0,"9":0,"10":0,"11":0,"12":0,"13":0,"14":0,"15":0,"16":0,"17":0,"18":0,"19":0,"20":0,"21":0,"22":0,"23":0,"24":0,"25":0,"26":0,"27":0,"28":0,"29":0,"30":0,"31":0},"f":{"0":0,"1":0,"2":0,"3":0,"4":0,"5":0,"6":0,"7":0,"8":0,"9":0,"10":0},"b":{"0":[0,0],"1":[0,0],"2":[0,0],"3":[0,0],"4":[0,0],"5":[0,0],"6":[0,0],"7":[0,0],"8":[0,0],"9":[0,0],"10":[0,0],"11":[0,0],"12":[0,0],"13":[0,0],"14":[0,0]},"_coverageSchema":"1a1c01bbd47fc00a2c39e90264f33305004495a9","hash":"62930178a8589747cb7d1cbb0afe39982307574f"}
,"/Users/siete/Public/psi-manager/src/pages/login-page/login.js": {"path":"/Users/siete/Public/psi-manager/src/pages/login-page/login.js","statementMap":{"0":{"start":{"line":4,"column":18},"end":{"line":6,"column":1}},"1":{"start":{"line":5,"column":2},"end":{"line":5,"column":19}}},"fnMap":{"0":{"name":"(anonymous_0)","decl":{"start":{"line":4,"column":18},"end":{"line":4,"column":19}},"loc":{"start":{"line":4,"column":24},"end":{"line":6,"column":1}},"line":4}},"branchMap":{},"s":{"0":1,"1":1},"f":{"0":1},"b":{},"_coverageSchema":"1a1c01bbd47fc00a2c39e90264f33305004495a9","hash":"2ba098a23779f5c6cf32b1fd96ad308474c519a4"}
,"/Users/siete/Public/psi-manager/src/utils/textUtils.js": {"path":"/Users/siete/Public/psi-manager/src/utils/textUtils.js","statementMap":{"0":{"start":{"line":11,"column":2},"end":{"line":11,"column":51}},"1":{"start":{"line":11,"column":41},"end":{"line":11,"column":51}},"2":{"start":{"line":13,"column":2},"end":{"line":17,"column":12}},"3":{"start":{"line":27,"column":2},"end":{"line":27,"column":65}},"4":{"start":{"line":27,"column":53},"end":{"line":27,"column":65}},"5":{"start":{"line":29,"column":27},"end":{"line":29,"column":52}},"6":{"start":{"line":31,"column":2},"end":{"line":34,"column":5}},"7":{"start":{"line":32,"column":28},"end":{"line":32,"column":54}},"8":{"start":{"line":33,"column":4},"end":{"line":33,"column":54}},"9":{"start":{"line":45,"column":2},"end":{"line":45,"column":40}},"10":{"start":{"line":45,"column":28},"end":{"line":45,"column":40}},"11":{"start":{"line":47,"column":17},"end":{"line":58,"column":4}},"12":{"start":{"line":49,"column":23},"end":{"line":49,"column":39}},"13":{"start":{"line":50,"column":16},"end":{"line":50,"column":20}},"14":{"start":{"line":52,"column":4},"end":{"line":55,"column":5}},"15":{"start":{"line":53,"column":6},"end":{"line":53,"column":28}},"16":{"start":{"line":54,"column":6},"end":{"line":54,"column":55}},"17":{"start":{"line":54,"column":49},"end":{"line":54,"column":55}},"18":{"start":{"line":57,"column":4},"end":{"line":57,"column":31}},"19":{"start":{"line":60,"column":2},"end":{"line":60,"column":44}}},"fnMap":{"0":{"name":"normalizeText","decl":{"start":{"line":10,"column":16},"end":{"line":10,"column":29}},"loc":{"start":{"line":10,"column":36},"end":{"line":18,"column":1}},"line":10},"1":{"name":"flexibleSearch","decl":{"start":{"line":26,"column":16},"end":{"line":26,"column":30}},"loc":{"start":{"line":26,"column":51},"end":{"line":35,"column":1}},"line":26},"2":{"name":"(anonymous_2)","decl":{"start":{"line":31,"column":21},"end":{"line":31,"column":22}},"loc":{"start":{"line":31,"column":30},"end":{"line":34,"column":3}},"line":31},"3":{"name":"searchInObject","decl":{"start":{"line":44,"column":16},"end":{"line":44,"column":30}},"loc":{"start":{"line":44,"column":65},"end":{"line":61,"column":1}},"line":44},"4":{"name":"(anonymous_4)","decl":{"start":{"line":47,"column":36},"end":{"line":47,"column":37}},"loc":{"start":{"line":47,"column":45},"end":{"line":58,"column":3}},"line":47}},"branchMap":{"0":{"loc":{"start":{"line":11,"column":2},"end":{"line":11,"column":51}},"type":"if","locations":[{"start":{"line":11,"column":2},"end":{"line":11,"column":51}},{"start":{},"end":{}}],"line":11},"1":{"loc":{"start":{"line":11,"column":6},"end":{"line":11,"column":39}},"type":"binary-expr","locations":[{"start":{"line":11,"column":6},"end":{"line":11,"column":11}},{"start":{"line":11,"column":15},"end":{"line":11,"column":39}}],"line":11},"2":{"loc":{"start":{"line":27,"column":2},"end":{"line":27,"column":65}},"type":"if","locations":[{"start":{"line":27,"column":2},"end":{"line":27,"column":65}},{"start":{},"end":{}}],"line":27},"3":{"loc":{"start":{"line":27,"column":6},"end":{"line":27,"column":51}},"type":"binary-expr","locations":[{"start":{"line":27,"column":6},"end":{"line":27,"column":17}},{"start":{"line":27,"column":21},"end":{"line":27,"column":28}},{"start":{"line":27,"column":32},"end":{"line":27,"column":51}}],"line":27},"4":{"loc":{"start":{"line":32,"column":42},"end":{"line":32,"column":53}},"type":"binary-expr","locations":[{"start":{"line":32,"column":42},"end":{"line":32,"column":47}},{"start":{"line":32,"column":51},"end":{"line":32,"column":53}}],"line":32},"5":{"loc":{"start":{"line":45,"column":2},"end":{"line":45,"column":40}},"type":"if","locations":[{"start":{"line":45,"column":2},"end":{"line":45,"column":40}},{"start":{},"end":{}}],"line":45},"6":{"loc":{"start":{"line":45,"column":6},"end":{"line":45,"column":26}},"type":"binary-expr","locations":[{"start":{"line":45,"column":6},"end":{"line":45,"column":17}},{"start":{"line":45,"column":21},"end":{"line":45,"column":26}}],"line":45},"7":{"loc":{"start":{"line":54,"column":6},"end":{"line":54,"column":55}},"type":"if","locations":[{"start":{"line":54,"column":6},"end":{"line":54,"column":55}},{"start":{},"end":{}}],"line":54},"8":{"loc":{"start":{"line":54,"column":10},"end":{"line":54,"column":47}},"type":"binary-expr","locations":[{"start":{"line":54,"column":10},"end":{"line":54,"column":29}},{"start":{"line":54,"column":33},"end":{"line":54,"column":47}}],"line":54},"9":{"loc":{"start":{"line":57,"column":18},"end":{"line":57,"column":29}},"type":"binary-expr","locations":[{"start":{"line":57,"column":18},"end":{"line":57,"column":23}},{"start":{"line":57,"column":27},"end":{"line":57,"column":29}}],"line":57}},"s":{"0":0,"1":0,"2":0,"3":0,"4":0,"5":0,"6":0,"7":0,"8":0,"9":0,"10":0,"11":0,"12":0,"13":0,"14":0,"15":0,"16":0,"17":0,"18":0,"19":0},"f":{"0":0,"1":0,"2":0,"3":0,"4":0},"b":{"0":[0,0],"1":[0,0],"2":[0,0],"3":[0,0,0],"4":[0,0],"5":[0,0],"6":[0,0],"7":[0,0],"8":[0,0],"9":[0,0]}}
}
