TN:
SF:src/App.js
FN:12,App
FN:16,(anonymous_1)
FN:27,(anonymous_2)
FN:33,(anonymous_3)
FN:34,(anonymous_4)
FN:38,(anonymous_5)
FNF:6
FNH:4
FNDA:5,App
FNDA:0,(anonymous_1)
FNDA:5,(anonymous_2)
FNDA:5,(anonymous_3)
FNDA:0,(anonymous_4)
FNDA:5,(anonymous_5)
DA:10,10
DA:13,5
DA:14,5
DA:16,5
DA:17,0
DA:18,0
DA:19,0
DA:21,0
DA:22,0
DA:24,0
DA:27,5
DA:28,5
DA:29,5
DA:30,5
DA:33,5
DA:34,5
DA:35,0
DA:36,0
DA:38,5
DA:41,5
LF:20
LH:12
BRDA:17,0,0,0
BRDA:17,0,1,0
BRDA:47,1,0,4
BRDA:47,1,1,1
BRDA:48,2,0,1
BRDA:48,2,1,4
BRDA:49,3,0,1
BRDA:49,3,1,4
BRF:8
BRH:6
end_of_record
TN:
SF:src/index.js
FNF:0
FNH:0
DA:7,0
DA:8,0
DA:17,0
LF:3
LH:0
BRF:0
BRH:0
end_of_record
TN:
SF:src/reportWebVitals.js
FN:1,(anonymous_0)
FN:3,(anonymous_1)
FNF:2
FNH:0
FNDA:0,(anonymous_0)
FNDA:0,(anonymous_1)
DA:1,0
DA:2,0
DA:3,0
DA:4,0
DA:5,0
DA:6,0
DA:7,0
DA:8,0
LF:8
LH:0
BRDA:2,0,0,0
BRDA:2,0,1,0
BRDA:2,1,0,0
BRDA:2,1,1,0
BRF:4
BRH:0
end_of_record
TN:
SF:src/components/AppointmentForm/AppointmentForm.js
FN:7,getDayOfWeekName
FN:13,generateRecurringDates
FN:68,AppointmentForm
FN:82,(anonymous_3)
FN:104,(anonymous_4)
FN:134,(anonymous_5)
FN:138,(anonymous_6)
FN:139,(anonymous_7)
FN:145,(anonymous_8)
FN:229,(anonymous_9)
FN:248,(anonymous_10)
FN:252,(anonymous_11)
FN:289,(anonymous_12)
FN:300,(anonymous_13)
FN:314,(anonymous_14)
FN:349,(anonymous_15)
FN:361,(anonymous_16)
FN:377,(anonymous_17)
FN:402,(anonymous_18)
FN:409,(anonymous_19)
FN:447,(anonymous_20)
FNF:21
FNH:13
FNDA:0,getDayOfWeekName
FNDA:1,generateRecurringDates
FNDA:53,AppointmentForm
FNDA:24,(anonymous_3)
FNDA:24,(anonymous_4)
FNDA:24,(anonymous_5)
FNDA:5,(anonymous_6)
FNDA:5,(anonymous_7)
FNDA:0,(anonymous_8)
FNDA:0,(anonymous_9)
FNDA:0,(anonymous_10)
FNDA:1,(anonymous_11)
FNDA:1,(anonymous_12)
FNDA:2,(anonymous_13)
FNDA:1,(anonymous_14)
FNDA:1,(anonymous_15)
FNDA:0,(anonymous_16)
FNDA:1,(anonymous_17)
FNDA:0,(anonymous_18)
FNDA:0,(anonymous_19)
FNDA:0,(anonymous_20)
DA:8,0
DA:9,0
DA:14,1
DA:15,1
DA:17,1
DA:18,0
DA:22,1
DA:23,1
DA:25,1
DA:26,1
DA:28,1
DA:29,52
DA:30,52
DA:33,52
DA:36,52
DA:37,52
DA:40,0
DA:41,0
DA:44,0
DA:45,0
DA:49,0
DA:50,0
DA:52,0
DA:53,0
DA:55,0
DA:58,0
DA:59,0
DA:61,0
DA:65,1
DA:80,53
DA:82,53
DA:83,24
DA:85,53
DA:94,53
DA:95,53
DA:96,53
DA:104,53
DA:105,24
DA:107,23
DA:109,23
DA:111,2
DA:121,21
DA:134,53
DA:135,24
DA:138,53
DA:139,5
DA:145,53
DA:146,0
DA:148,0
DA:149,0
DA:153,0
DA:156,0
DA:157,0
DA:159,0
DA:160,0
DA:167,0
DA:168,0
DA:169,0
DA:170,0
DA:174,0
DA:176,0
DA:182,0
DA:185,0
DA:186,0
DA:188,0
DA:189,0
DA:190,0
DA:191,0
DA:192,0
DA:193,0
DA:194,0
DA:195,0
DA:196,0
DA:198,0
DA:200,0
DA:207,0
DA:213,0
DA:214,0
DA:216,0
DA:218,0
DA:219,0
DA:224,0
DA:229,53
DA:230,0
DA:231,0
DA:233,0
DA:234,0
DA:235,0
DA:237,0
DA:238,0
DA:243,0
DA:248,53
DA:249,0
DA:252,53
DA:253,1
DA:261,1
DA:264,53
DA:266,52
DA:289,1
DA:300,2
DA:315,1
DA:316,1
DA:317,1
DA:319,1
DA:320,1
DA:321,1
DA:322,0
DA:323,0
DA:324,0
DA:325,0
DA:326,0
DA:329,1
DA:349,1
DA:361,0
DA:377,1
DA:403,0
DA:404,0
DA:408,0
DA:409,0
DA:448,0
DA:449,0
LF:121
LH:50
BRDA:13,0,0,1
BRDA:17,1,0,0
BRDA:17,1,1,1
BRDA:28,2,0,53
BRDA:28,2,1,53
BRDA:33,3,0,52
BRDA:33,3,1,0
BRDA:33,3,2,0
BRDA:33,3,3,0
BRDA:52,4,0,0
BRDA:52,4,1,0
BRDA:73,5,0,49
BRDA:74,6,0,51
BRDA:75,7,0,53
BRDA:76,8,0,51
BRDA:77,9,0,53
BRDA:86,10,0,53
BRDA:86,10,1,3
BRDA:105,11,0,23
BRDA:105,11,1,1
BRDA:109,12,0,2
BRDA:109,12,1,21
BRDA:112,13,0,2
BRDA:112,13,1,0
BRDA:113,14,0,2
BRDA:113,14,1,0
BRDA:114,15,0,2
BRDA:114,15,1,0
BRDA:115,16,0,2
BRDA:115,16,1,0
BRDA:116,17,0,2
BRDA:116,17,1,0
BRDA:117,18,0,2
BRDA:117,18,1,0
BRDA:122,19,0,21
BRDA:122,19,1,1
BRDA:148,20,0,0
BRDA:148,20,1,0
BRDA:148,21,0,0
BRDA:148,21,1,0
BRDA:159,22,0,0
BRDA:159,22,1,0
BRDA:167,23,0,0
BRDA:167,23,1,0
BRDA:167,23,2,0
BRDA:174,24,0,0
BRDA:174,24,1,0
BRDA:190,25,0,0
BRDA:190,25,1,0
BRDA:192,26,0,0
BRDA:192,26,1,0
BRDA:194,27,0,0
BRDA:194,27,1,0
BRDA:219,28,0,0
BRDA:219,28,1,0
BRDA:238,29,0,0
BRDA:238,29,1,0
BRDA:254,30,0,1
BRDA:254,30,1,0
BRDA:264,31,0,1
BRDA:264,31,1,52
BRDA:271,32,0,4
BRDA:271,32,1,48
BRDA:310,33,0,52
BRDA:310,33,1,3
BRDA:310,33,2,1
BRDA:320,34,0,1
BRDA:320,34,1,0
BRDA:322,35,0,0
BRDA:322,35,1,0
BRDA:324,36,0,0
BRDA:324,36,1,0
BRDA:385,37,0,52
BRDA:385,37,1,4
BRDA:385,37,2,4
BRDA:385,37,3,0
BRDA:385,37,4,0
BRDA:385,37,5,0
BRDA:408,38,0,0
BRDA:408,38,1,0
BRDA:408,39,0,0
BRDA:408,39,1,0
BRDA:408,39,2,0
BRDA:416,40,0,0
BRDA:416,40,1,0
BRDA:418,41,0,0
BRDA:418,41,1,0
BRDA:425,42,0,0
BRDA:425,42,1,0
BRDA:431,43,0,0
BRDA:431,43,1,0
BRDA:431,43,2,0
BRDA:441,44,0,52
BRDA:441,44,1,52
BRDA:441,44,2,0
BRDA:472,45,0,0
BRDA:472,45,1,52
BRDA:472,46,0,4
BRDA:472,46,1,48
BRDA:479,47,0,52
BRDA:479,47,1,0
BRDA:504,48,0,0
BRDA:504,48,1,0
BRDA:512,49,0,52
BRDA:512,49,1,0
BRF:105
BRH:43
end_of_record
TN:
SF:src/components/Appointments/Appointments.js
FN:14,extractUserIdFromToken
FN:25,(anonymous_1)
FN:26,(anonymous_2)
FN:30,normalizeText
FN:38,Appointments
FN:55,(anonymous_5)
FN:56,loadPatients
FN:96,(anonymous_7)
FN:97,loadAppointments
FN:131,(anonymous_9)
FN:132,(anonymous_10)
FN:153,(anonymous_11)
FN:160,(anonymous_12)
FN:165,(anonymous_13)
FN:176,(anonymous_14)
FN:177,(anonymous_15)
FN:185,(anonymous_16)
FN:191,(anonymous_17)
FN:203,(anonymous_18)
FN:204,(anonymous_19)
FN:215,(anonymous_20)
FN:218,(anonymous_21)
FN:223,(anonymous_22)
FN:228,(anonymous_23)
FN:232,(anonymous_24)
FN:238,(anonymous_25)
FN:264,(anonymous_26)
FN:276,(anonymous_27)
FN:286,(anonymous_28)
FN:291,(anonymous_29)
FN:300,(anonymous_30)
FN:306,(anonymous_31)
FN:332,(anonymous_32)
FN:349,(anonymous_33)
FN:418,(anonymous_34)
FN:441,(anonymous_35)
FN:452,(anonymous_36)
FN:457,(anonymous_37)
FN:465,(anonymous_38)
FN:469,(anonymous_39)
FN:498,(anonymous_40)
FN:514,(anonymous_41)
FN:524,(anonymous_42)
FN:535,(anonymous_43)
FN:544,(anonymous_44)
FN:548,(anonymous_45)
FN:557,(anonymous_46)
FN:576,(anonymous_47)
FN:581,(anonymous_48)
FN:583,(anonymous_49)
FN:588,(anonymous_50)
FN:607,(anonymous_51)
FN:617,(anonymous_52)
FN:628,(anonymous_53)
FN:633,(anonymous_54)
FN:637,(anonymous_55)
FN:638,(anonymous_56)
FN:650,(anonymous_57)
FN:654,(anonymous_58)
FN:655,(anonymous_59)
FN:671,(anonymous_60)
FN:679,(anonymous_61)
FN:689,(anonymous_62)
FN:698,(anonymous_63)
FN:708,(anonymous_64)
FN:718,(anonymous_65)
FN:752,(anonymous_66)
FN:784,(anonymous_67)
FN:790,(anonymous_68)
FN:812,(anonymous_69)
FN:813,(anonymous_70)
FN:819,(anonymous_71)
FN:829,(anonymous_72)
FN:853,(anonymous_73)
FN:858,(anonymous_74)
FN:869,(anonymous_75)
FN:887,(anonymous_76)
FN:887,(anonymous_77)
FN:904,(anonymous_78)
FN:914,(anonymous_79)
FN:945,(anonymous_80)
FN:993,(anonymous_81)
FN:1000,(anonymous_82)
FN:1025,(anonymous_83)
FN:1076,(anonymous_84)
FN:1083,(anonymous_85)
FN:1106,(anonymous_86)
FN:1129,(anonymous_87)
FN:1129,(anonymous_88)
FNF:89
FNH:0
FNDA:0,extractUserIdFromToken
FNDA:0,(anonymous_1)
FNDA:0,(anonymous_2)
FNDA:0,normalizeText
FNDA:0,Appointments
FNDA:0,(anonymous_5)
FNDA:0,loadPatients
FNDA:0,(anonymous_7)
FNDA:0,loadAppointments
FNDA:0,(anonymous_9)
FNDA:0,(anonymous_10)
FNDA:0,(anonymous_11)
FNDA:0,(anonymous_12)
FNDA:0,(anonymous_13)
FNDA:0,(anonymous_14)
FNDA:0,(anonymous_15)
FNDA:0,(anonymous_16)
FNDA:0,(anonymous_17)
FNDA:0,(anonymous_18)
FNDA:0,(anonymous_19)
FNDA:0,(anonymous_20)
FNDA:0,(anonymous_21)
FNDA:0,(anonymous_22)
FNDA:0,(anonymous_23)
FNDA:0,(anonymous_24)
FNDA:0,(anonymous_25)
FNDA:0,(anonymous_26)
FNDA:0,(anonymous_27)
FNDA:0,(anonymous_28)
FNDA:0,(anonymous_29)
FNDA:0,(anonymous_30)
FNDA:0,(anonymous_31)
FNDA:0,(anonymous_32)
FNDA:0,(anonymous_33)
FNDA:0,(anonymous_34)
FNDA:0,(anonymous_35)
FNDA:0,(anonymous_36)
FNDA:0,(anonymous_37)
FNDA:0,(anonymous_38)
FNDA:0,(anonymous_39)
FNDA:0,(anonymous_40)
FNDA:0,(anonymous_41)
FNDA:0,(anonymous_42)
FNDA:0,(anonymous_43)
FNDA:0,(anonymous_44)
FNDA:0,(anonymous_45)
FNDA:0,(anonymous_46)
FNDA:0,(anonymous_47)
FNDA:0,(anonymous_48)
FNDA:0,(anonymous_49)
FNDA:0,(anonymous_50)
FNDA:0,(anonymous_51)
FNDA:0,(anonymous_52)
FNDA:0,(anonymous_53)
FNDA:0,(anonymous_54)
FNDA:0,(anonymous_55)
FNDA:0,(anonymous_56)
FNDA:0,(anonymous_57)
FNDA:0,(anonymous_58)
FNDA:0,(anonymous_59)
FNDA:0,(anonymous_60)
FNDA:0,(anonymous_61)
FNDA:0,(anonymous_62)
FNDA:0,(anonymous_63)
FNDA:0,(anonymous_64)
FNDA:0,(anonymous_65)
FNDA:0,(anonymous_66)
FNDA:0,(anonymous_67)
FNDA:0,(anonymous_68)
FNDA:0,(anonymous_69)
FNDA:0,(anonymous_70)
FNDA:0,(anonymous_71)
FNDA:0,(anonymous_72)
FNDA:0,(anonymous_73)
FNDA:0,(anonymous_74)
FNDA:0,(anonymous_75)
FNDA:0,(anonymous_76)
FNDA:0,(anonymous_77)
FNDA:0,(anonymous_78)
FNDA:0,(anonymous_79)
FNDA:0,(anonymous_80)
FNDA:0,(anonymous_81)
FNDA:0,(anonymous_82)
FNDA:0,(anonymous_83)
FNDA:0,(anonymous_84)
FNDA:0,(anonymous_85)
FNDA:0,(anonymous_86)
FNDA:0,(anonymous_87)
FNDA:0,(anonymous_88)
DA:15,0
DA:17,0
DA:18,0
DA:19,0
DA:20,0
DA:22,0
DA:25,8
DA:26,8
DA:31,0
DA:40,0
DA:42,0
DA:44,0
DA:51,0
DA:52,0
DA:55,0
DA:57,0
DA:58,0
DA:59,0
DA:60,0
DA:62,0
DA:63,0
DA:66,0
DA:68,0
DA:69,0
DA:70,0
DA:71,0
DA:72,0
DA:73,0
DA:74,0
DA:75,0
DA:76,0
DA:77,0
DA:78,0
DA:79,0
DA:80,0
DA:84,0
DA:89,0
DA:94,0
DA:96,0
DA:98,0
DA:99,0
DA:100,0
DA:101,0
DA:104,0
DA:105,0
DA:106,0
DA:108,0
DA:110,0
DA:111,0
DA:112,0
DA:113,0
DA:116,0
DA:119,0
DA:120,0
DA:121,0
DA:123,0
DA:126,0
DA:127,0
DA:128,0
DA:129,0
DA:131,0
DA:132,0
DA:134,0
DA:136,0
DA:141,0
DA:142,0
DA:144,0
DA:145,0
DA:149,0
DA:153,0
DA:154,0
DA:155,0
DA:156,0
DA:160,0
DA:161,0
DA:162,0
DA:165,0
DA:166,0
DA:167,0
DA:168,0
DA:169,0
DA:172,0
DA:173,0
DA:174,0
DA:176,0
DA:177,0
DA:179,0
DA:181,0
DA:185,0
DA:187,0
DA:190,0
DA:191,0
DA:193,0
DA:195,0
DA:199,0
DA:203,0
DA:204,0
DA:215,0
DA:216,0
DA:218,0
DA:223,0
DA:224,0
DA:225,0
DA:228,0
DA:229,0
DA:232,0
DA:238,0
DA:241,0
DA:242,0
DA:243,0
DA:246,0
DA:248,0
DA:258,0
DA:260,0
DA:261,0
DA:264,0
DA:267,0
DA:270,0
DA:271,0
DA:276,0
DA:277,0
DA:286,0
DA:291,0
DA:292,0
DA:300,0
DA:301,0
DA:303,0
DA:304,0
DA:306,0
DA:307,0
DA:311,0
DA:313,0
DA:319,0
DA:323,0
DA:325,0
DA:326,0
DA:327,0
DA:332,0
DA:333,0
DA:334,0
DA:335,0
DA:336,0
DA:337,0
DA:339,0
DA:341,0
DA:346,0
DA:347,0
DA:349,0
DA:350,0
DA:354,0
DA:355,0
DA:356,0
DA:357,0
DA:358,0
DA:359,0
DA:361,0
DA:362,0
DA:363,0
DA:364,0
DA:365,0
DA:366,0
DA:368,0
DA:371,0
DA:374,0
DA:380,0
DA:381,0
DA:382,0
DA:390,0
DA:391,0
DA:392,0
DA:393,0
DA:394,0
DA:395,0
DA:396,0
DA:398,0
DA:400,0
DA:401,0
DA:403,0
DA:405,0
DA:406,0
DA:407,0
DA:408,0
DA:409,0
DA:412,0
DA:415,0
DA:416,0
DA:417,0
DA:418,0
DA:421,0
DA:422,0
DA:424,0
DA:427,0
DA:431,0
DA:432,0
DA:434,0
DA:437,0
DA:441,0
DA:442,0
DA:443,0
DA:449,0
DA:450,0
DA:452,0
DA:453,0
DA:457,0
DA:458,0
DA:465,0
DA:466,0
DA:467,0
DA:469,0
DA:470,0
DA:471,0
DA:472,0
DA:475,0
DA:476,0
DA:478,0
DA:479,0
DA:484,0
DA:485,0
DA:487,0
DA:490,0
DA:495,0
DA:498,0
DA:499,0
DA:501,0
DA:503,0
DA:504,0
DA:506,0
DA:510,0
DA:515,0
DA:516,0
DA:518,0
DA:519,0
DA:522,0
DA:524,0
DA:535,0
DA:536,0
DA:544,0
DA:545,0
DA:546,0
DA:548,0
DA:549,0
DA:550,0
DA:551,0
DA:553,0
DA:554,0
DA:555,0
DA:557,0
DA:558,0
DA:559,0
DA:563,0
DA:564,0
DA:567,0
DA:570,0
DA:574,0
DA:576,0
DA:577,0
DA:579,0
DA:581,0
DA:583,0
DA:584,0
DA:585,0
DA:586,0
DA:587,0
DA:588,0
DA:590,0
DA:594,0
DA:596,0
DA:597,0
DA:599,0
DA:603,0
DA:608,0
DA:609,0
DA:611,0
DA:612,0
DA:615,0
DA:617,0
DA:628,0
DA:629,0
DA:633,0
DA:634,0
DA:636,0
DA:637,0
DA:639,0
DA:640,0
DA:641,0
DA:647,0
DA:650,0
DA:654,0
DA:655,0
DA:656,0
DA:657,0
DA:658,0
DA:659,0
DA:660,0
DA:662,0
DA:668,0
DA:670,0
DA:673,0
DA:674,0
DA:675,0
DA:679,0
DA:680,0
DA:681,0
DA:689,0
DA:690,0
DA:691,0
DA:698,0
DA:699,0
DA:700,0
DA:701,0
DA:702,0
DA:703,0
DA:708,0
DA:709,0
DA:710,0
DA:711,0
DA:712,0
DA:713,0
DA:718,0
DA:719,0
DA:720,0
DA:721,0
DA:722,0
DA:723,0
DA:727,0
DA:728,0
DA:735,0
DA:736,0
DA:745,0
DA:746,0
DA:752,0
DA:762,0
DA:784,0
DA:790,0
DA:813,0
DA:814,0
DA:820,0
DA:830,0
DA:831,0
DA:832,0
DA:834,0
DA:853,0
DA:858,0
DA:869,0
DA:887,0
DA:905,0
DA:906,0
DA:907,0
DA:908,0
DA:915,0
DA:946,0
DA:993,0
DA:1000,0
DA:1025,0
DA:1076,0
DA:1083,0
DA:1106,0
DA:1129,0
LF:358
LH:2
BRDA:15,0,0,0
BRDA:15,0,1,0
BRDA:18,1,0,0
BRDA:18,1,1,0
BRDA:18,2,0,0
BRDA:18,2,1,0
BRDA:20,3,0,0
BRDA:20,3,1,0
BRDA:57,4,0,0
BRDA:57,4,1,0
BRDA:60,5,0,0
BRDA:60,5,1,0
BRDA:98,6,0,0
BRDA:98,6,1,0
BRDA:112,7,0,0
BRDA:112,7,1,0
BRDA:123,8,0,0
BRDA:123,8,1,0
BRDA:142,9,0,0
BRDA:142,9,1,0
BRDA:154,10,0,0
BRDA:154,10,1,0
BRDA:161,11,0,0
BRDA:161,11,1,0
BRDA:169,12,0,0
BRDA:169,12,1,0
BRDA:190,13,0,0
BRDA:190,13,1,0
BRDA:191,14,0,0
BRDA:191,14,1,0
BRDA:224,15,0,0
BRDA:224,15,1,0
BRDA:224,16,0,0
BRDA:224,16,1,0
BRDA:241,17,0,0
BRDA:241,17,1,0
BRDA:241,18,0,0
BRDA:241,18,1,0
BRDA:254,19,0,0
BRDA:254,19,1,0
BRDA:260,20,0,0
BRDA:260,20,1,0
BRDA:300,21,0,0
BRDA:300,22,0,0
BRDA:303,23,0,0
BRDA:303,23,1,0
BRDA:303,23,2,0
BRDA:304,24,0,0
BRDA:304,24,1,0
BRDA:307,25,0,0
BRDA:307,25,1,0
BRDA:307,25,2,0
BRDA:307,25,3,0
BRDA:311,26,0,0
BRDA:311,26,1,0
BRDA:334,27,0,0
BRDA:334,27,1,0
BRDA:335,28,0,0
BRDA:335,28,1,0
BRDA:335,29,0,0
BRDA:335,29,1,0
BRDA:339,30,0,0
BRDA:339,30,1,0
BRDA:339,31,0,0
BRDA:339,31,1,0
BRDA:346,32,0,0
BRDA:346,32,1,0
BRDA:350,33,0,0
BRDA:350,33,1,0
BRDA:354,34,0,0
BRDA:354,34,1,0
BRDA:356,35,0,0
BRDA:356,35,1,0
BRDA:361,36,0,0
BRDA:361,36,1,0
BRDA:361,37,0,0
BRDA:361,37,1,0
BRDA:363,38,0,0
BRDA:363,38,1,0
BRDA:390,39,0,0
BRDA:390,39,1,0
BRDA:391,40,0,0
BRDA:391,40,1,0
BRDA:392,41,0,0
BRDA:392,41,1,0
BRDA:393,42,0,0
BRDA:393,42,1,0
BRDA:395,43,0,0
BRDA:395,43,1,0
BRDA:401,44,0,0
BRDA:401,44,1,0
BRDA:403,45,0,0
BRDA:403,45,1,0
BRDA:403,46,0,0
BRDA:403,46,1,0
BRDA:405,47,0,0
BRDA:405,47,1,0
BRDA:407,48,0,0
BRDA:407,48,1,0
BRDA:421,49,0,0
BRDA:421,49,1,0
BRDA:421,50,0,0
BRDA:421,50,1,0
BRDA:422,51,0,0
BRDA:422,51,1,0
BRDA:432,52,0,0
BRDA:432,52,1,0
BRDA:478,53,0,0
BRDA:478,53,1,0
BRDA:518,54,0,0
BRDA:518,54,1,0
BRDA:518,55,0,0
BRDA:518,55,1,0
BRDA:555,56,0,0
BRDA:555,56,1,0
BRDA:558,57,0,0
BRDA:558,57,1,0
BRDA:577,58,0,0
BRDA:577,58,1,0
BRDA:611,59,0,0
BRDA:611,59,1,0
BRDA:611,60,0,0
BRDA:611,60,1,0
BRDA:640,61,0,0
BRDA:640,61,1,0
BRDA:643,62,0,0
BRDA:643,62,1,0
BRDA:643,63,0,0
BRDA:643,63,1,0
BRDA:655,64,0,0
BRDA:655,64,1,0
BRDA:657,65,0,0
BRDA:657,65,1,0
BRDA:658,66,0,0
BRDA:658,66,1,0
BRDA:659,67,0,0
BRDA:659,67,1,0
BRDA:659,68,0,0
BRDA:659,68,1,0
BRDA:660,69,0,0
BRDA:660,69,1,0
BRDA:662,70,0,0
BRDA:662,70,1,0
BRDA:662,70,2,0
BRDA:662,70,3,0
BRDA:668,71,0,0
BRDA:668,71,1,0
BRDA:670,72,0,0
BRDA:670,72,1,0
BRDA:699,73,0,0
BRDA:699,73,1,0
BRDA:699,73,2,0
BRDA:699,73,3,0
BRDA:709,74,0,0
BRDA:709,74,1,0
BRDA:709,74,2,0
BRDA:709,74,3,0
BRDA:719,75,0,0
BRDA:719,75,1,0
BRDA:719,75,2,0
BRDA:719,75,3,0
BRDA:727,76,0,0
BRDA:727,76,1,0
BRDA:735,77,0,0
BRDA:735,77,1,0
BRDA:745,78,0,0
BRDA:745,78,1,0
BRDA:765,79,0,0
BRDA:765,79,1,0
BRDA:770,80,0,0
BRDA:770,80,1,0
BRDA:770,81,0,0
BRDA:770,81,1,0
BRDA:811,82,0,0
BRDA:811,82,1,0
BRDA:814,83,0,0
BRDA:814,83,1,0
BRDA:830,84,0,0
BRDA:830,84,1,0
BRDA:856,85,0,0
BRDA:856,85,1,0
BRDA:883,86,0,0
BRDA:883,86,1,0
BRDA:884,87,0,0
BRDA:884,87,1,0
BRDA:891,88,0,0
BRDA:891,88,1,0
BRDA:897,89,0,0
BRDA:897,89,1,0
BRDA:905,90,0,0
BRDA:905,90,1,0
BRDA:919,91,0,0
BRDA:919,91,1,0
BRDA:919,92,0,0
BRDA:919,92,1,0
BRDA:933,93,0,0
BRDA:933,93,1,0
BRDA:935,94,0,0
BRDA:935,94,1,0
BRDA:935,95,0,0
BRDA:935,95,1,0
BRDA:936,96,0,0
BRDA:936,96,1,0
BRDA:937,97,0,0
BRDA:937,97,1,0
BRDA:937,98,0,0
BRDA:937,98,1,0
BRDA:942,99,0,0
BRDA:942,99,1,0
BRDA:944,100,0,0
BRDA:944,100,1,0
BRDA:973,101,0,0
BRDA:973,101,1,0
BRDA:975,102,0,0
BRDA:975,102,1,0
BRDA:983,103,0,0
BRDA:983,103,1,0
BRDA:1009,104,0,0
BRDA:1009,104,1,0
BRDA:1018,105,0,0
BRDA:1018,105,1,0
BRDA:1018,106,0,0
BRDA:1018,106,1,0
BRDA:1023,107,0,0
BRDA:1023,107,1,0
BRDA:1023,107,2,0
BRDA:1050,108,0,0
BRDA:1050,108,1,0
BRDA:1050,109,0,0
BRDA:1050,109,1,0
BRDA:1057,110,0,0
BRDA:1057,110,1,0
BRDA:1062,111,0,0
BRDA:1062,111,1,0
BRDA:1062,112,0,0
BRDA:1062,112,1,0
BRDA:1079,113,0,0
BRDA:1079,113,1,0
BRDA:1086,114,0,0
BRDA:1086,114,1,0
BRDA:1096,115,0,0
BRDA:1096,115,1,0
BRDA:1128,116,0,0
BRDA:1128,116,1,0
BRDA:1129,117,0,0
BRDA:1129,117,1,0
BRDA:1133,118,0,0
BRDA:1133,118,1,0
BRF:248
BRH:0
end_of_record
TN:
SF:src/components/ConfirmModal/ConfirmModal.js
FN:4,ConfirmModal
FN:16,(anonymous_1)
FNF:2
FNH:2
FNDA:16,ConfirmModal
FNDA:4,(anonymous_1)
DA:14,16
DA:16,15
DA:17,4
DA:18,1
DA:22,15
LF:5
LH:5
BRDA:8,0,0,14
BRDA:10,1,0,15
BRDA:11,2,0,15
BRDA:12,3,0,12
BRDA:14,4,0,1
BRDA:14,4,1,15
BRDA:17,5,0,1
BRDA:17,5,1,3
BRDA:34,6,0,15
BRDA:34,6,1,12
BRDA:35,7,0,15
BRDA:35,7,1,2
BRDA:36,8,0,15
BRDA:36,8,1,1
BRF:14
BRH:14
end_of_record
TN:
SF:src/components/CustomConfirmModal/CustomConfirmModal.js
FN:4,CustomConfirmModal
FN:18,(anonymous_1)
FN:31,(anonymous_2)
FN:49,(anonymous_3)
FNF:4
FNH:4
FNDA:19,CustomConfirmModal
FNDA:36,(anonymous_1)
FNDA:18,(anonymous_2)
FNDA:3,(anonymous_3)
DA:16,19
DA:18,18
DA:19,36
DA:21,4
DA:23,4
DA:25,2
DA:27,26
DA:31,18
DA:32,18
DA:33,17
DA:35,2
DA:37,2
DA:39,1
DA:41,12
DA:45,18
DA:49,3
LF:16
LH:16
BRDA:10,0,0,18
BRDA:11,1,0,18
BRDA:12,2,0,13
BRDA:13,3,0,18
BRDA:14,4,0,16
BRDA:16,5,0,1
BRDA:16,5,1,18
BRDA:19,6,0,4
BRDA:19,6,1,4
BRDA:19,6,2,2
BRDA:19,6,3,26
BRDA:32,7,0,1
BRDA:32,7,1,17
BRDA:33,8,0,2
BRDA:33,8,1,2
BRDA:33,8,2,1
BRDA:33,8,3,12
BRDA:75,9,0,2
BRDA:75,9,1,16
BRF:19
BRH:19
end_of_record
TN:
SF:src/components/Earnings/Earnings.js
FN:6,formatMonthKey
FN:13,Earnings
FN:19,extractUserIdFromToken
FN:29,(anonymous_3)
FN:30,load
FN:47,(anonymous_5)
FN:54,(anonymous_6)
FN:63,(anonymous_7)
FN:70,(anonymous_8)
FN:76,(anonymous_9)
FN:80,(anonymous_10)
FN:102,(anonymous_11)
FN:116,(anonymous_12)
FN:117,(anonymous_13)
FN:125,(anonymous_14)
FN:128,(anonymous_15)
FN:128,(anonymous_16)
FN:133,(anonymous_17)
FN:135,(anonymous_18)
FN:147,(anonymous_19)
FNF:20
FNH:4
FNDA:0,formatMonthKey
FNDA:14,Earnings
FNDA:7,extractUserIdFromToken
FNDA:7,(anonymous_3)
FNDA:7,load
FNDA:0,(anonymous_5)
FNDA:0,(anonymous_6)
FNDA:0,(anonymous_7)
FNDA:0,(anonymous_8)
FNDA:0,(anonymous_9)
FNDA:0,(anonymous_10)
FNDA:0,(anonymous_11)
FNDA:0,(anonymous_12)
FNDA:0,(anonymous_13)
FNDA:0,(anonymous_14)
FNDA:0,(anonymous_15)
FNDA:0,(anonymous_16)
FNDA:0,(anonymous_17)
FNDA:0,(anonymous_18)
FNDA:0,(anonymous_19)
DA:7,0
DA:8,0
DA:9,0
DA:10,0
DA:14,14
DA:15,13
DA:16,13
DA:20,7
DA:21,6
DA:22,6
DA:23,6
DA:24,6
DA:26,0
DA:29,13
DA:31,7
DA:32,7
DA:33,7
DA:34,7
DA:35,1
DA:36,1
DA:39,6
DA:45,6
DA:47,6
DA:48,0
DA:49,0
DA:50,0
DA:54,6
DA:55,0
DA:56,0
DA:57,0
DA:62,6
DA:63,6
DA:65,0
DA:66,0
DA:67,0
DA:69,6
DA:70,6
DA:71,0
DA:72,0
DA:75,6
DA:76,6
DA:82,0
DA:85,6
DA:87,0
DA:88,0
DA:90,7
DA:93,7
DA:97,13
DA:98,13
DA:99,13
DA:102,13
DA:103,0
DA:104,0
DA:106,0
DA:108,0
DA:109,0
DA:110,0
DA:111,0
DA:113,0
DA:116,13
DA:117,13
DA:119,13
DA:121,6
DA:125,0
DA:128,0
DA:129,0
DA:133,0
DA:135,0
DA:148,0
LF:69
LH:36
BRDA:20,0,0,1
BRDA:20,0,1,6
BRDA:22,1,0,6
BRDA:22,1,1,0
BRDA:22,2,0,6
BRDA:22,2,1,6
BRDA:24,3,0,0
BRDA:24,3,1,6
BRDA:34,4,0,1
BRDA:34,4,1,6
BRDA:47,5,0,6
BRDA:47,5,1,6
BRDA:48,6,0,0
BRDA:48,6,1,0
BRDA:48,6,2,0
BRDA:48,6,3,0
BRDA:49,7,0,0
BRDA:49,7,1,0
BRDA:50,8,0,0
BRDA:50,8,1,0
BRDA:50,9,0,0
BRDA:50,9,1,0
BRDA:54,10,0,6
BRDA:54,10,1,6
BRDA:55,11,0,0
BRDA:55,11,1,0
BRDA:55,11,2,0
BRDA:55,11,3,0
BRDA:56,12,0,0
BRDA:56,12,1,0
BRDA:57,13,0,0
BRDA:57,13,1,0
BRDA:57,14,0,0
BRDA:57,14,1,0
BRDA:57,14,2,0
BRDA:63,15,0,6
BRDA:63,15,1,6
BRDA:65,16,0,0
BRDA:65,16,1,0
BRDA:65,17,0,0
BRDA:65,17,1,0
BRDA:66,18,0,0
BRDA:66,18,1,0
BRDA:66,18,2,0
BRDA:66,18,3,0
BRDA:67,19,0,0
BRDA:67,19,1,0
BRDA:67,20,0,0
BRDA:67,20,1,0
BRDA:67,21,0,0
BRDA:67,21,1,0
BRDA:70,22,0,6
BRDA:70,22,1,6
BRDA:71,23,0,0
BRDA:71,23,1,0
BRDA:71,23,2,0
BRDA:71,23,3,0
BRDA:72,24,0,0
BRDA:72,24,1,0
BRDA:72,25,0,0
BRDA:72,25,1,0
BRDA:72,26,0,0
BRDA:72,26,1,0
BRDA:72,26,2,0
BRDA:78,27,0,0
BRDA:78,27,1,0
BRDA:79,28,0,0
BRDA:79,28,1,0
BRDA:79,29,0,0
BRDA:79,29,1,0
BRDA:103,30,0,0
BRDA:103,30,1,0
BRDA:106,31,0,0
BRDA:106,31,1,0
BRDA:106,32,0,0
BRDA:106,32,1,0
BRDA:111,33,0,0
BRDA:111,33,1,0
BRDA:116,34,0,0
BRDA:116,34,1,0
BRDA:117,35,0,0
BRDA:117,35,1,0
BRDA:119,36,0,7
BRDA:119,36,1,6
BRDA:143,37,0,6
BRDA:143,37,1,0
BRDA:151,38,0,0
BRDA:151,38,1,0
BRDA:152,39,0,0
BRDA:152,39,1,0
BRF:90
BRH:19
end_of_record
TN:
SF:src/components/GoogleCalendarSettings/GoogleCalendarSettings.js
FN:9,GoogleCalendarSettings
FN:23,(anonymous_1)
FN:43,(anonymous_2)
FN:50,(anonymous_3)
FN:53,(anonymous_4)
FN:54,(anonymous_5)
FN:75,(anonymous_6)
FN:88,(anonymous_7)
FN:91,(anonymous_8)
FN:92,(anonymous_9)
FN:113,(anonymous_10)
FN:117,(anonymous_11)
FN:123,(anonymous_12)
FN:126,(anonymous_13)
FN:133,(anonymous_14)
FN:172,(anonymous_15)
FN:225,(anonymous_16)
FN:290,(anonymous_17)
FN:305,(anonymous_18)
FN:364,(anonymous_19)
FN:394,(anonymous_20)
FN:401,(anonymous_21)
FN:405,(anonymous_22)
FNF:23
FNH:0
FNDA:0,GoogleCalendarSettings
FNDA:0,(anonymous_1)
FNDA:0,(anonymous_2)
FNDA:0,(anonymous_3)
FNDA:0,(anonymous_4)
FNDA:0,(anonymous_5)
FNDA:0,(anonymous_6)
FNDA:0,(anonymous_7)
FNDA:0,(anonymous_8)
FNDA:0,(anonymous_9)
FNDA:0,(anonymous_10)
FNDA:0,(anonymous_11)
FNDA:0,(anonymous_12)
FNDA:0,(anonymous_13)
FNDA:0,(anonymous_14)
FNDA:0,(anonymous_15)
FNDA:0,(anonymous_16)
FNDA:0,(anonymous_17)
FNDA:0,(anonymous_18)
FNDA:0,(anonymous_19)
FNDA:0,(anonymous_20)
FNDA:0,(anonymous_21)
FNDA:0,(anonymous_22)
DA:11,0
DA:13,0
DA:15,0
DA:17,0
DA:19,0
DA:20,0
DA:23,0
DA:24,0
DA:25,0
DA:26,0
DA:27,0
DA:28,0
DA:29,0
DA:31,0
DA:32,0
DA:33,0
DA:34,0
DA:42,0
DA:43,0
DA:44,0
DA:48,0
DA:50,0
DA:53,0
DA:54,0
DA:55,0
DA:56,0
DA:57,0
DA:58,0
DA:59,0
DA:61,0
DA:64,0
DA:66,0
DA:68,0
DA:69,0
DA:75,0
DA:76,0
DA:77,0
DA:78,0
DA:79,0
DA:81,0
DA:82,0
DA:83,0
DA:84,0
DA:86,0
DA:88,0
DA:91,0
DA:92,0
DA:93,0
DA:94,0
DA:95,0
DA:96,0
DA:98,0
DA:100,0
DA:102,0
DA:103,0
DA:106,0
DA:107,0
DA:108,0
DA:109,0
DA:110,0
DA:113,0
DA:114,0
DA:115,0
DA:117,0
DA:118,0
DA:120,0
DA:122,0
DA:123,0
DA:126,0
DA:127,0
DA:128,0
DA:129,0
DA:133,0
DA:134,0
DA:135,0
DA:136,0
DA:137,0
DA:138,0
DA:139,0
DA:140,0
DA:142,0
DA:143,0
DA:144,0
DA:145,0
DA:146,0
DA:147,0
DA:150,0
DA:151,0
DA:152,0
DA:154,0
DA:155,0
DA:158,0
DA:159,0
DA:160,0
DA:163,0
DA:164,0
DA:165,0
DA:166,0
DA:168,0
DA:172,0
DA:173,0
DA:174,0
DA:177,0
DA:178,0
DA:180,0
DA:181,0
DA:183,0
DA:184,0
DA:185,0
DA:188,0
DA:190,0
DA:191,0
DA:192,0
DA:193,0
DA:195,0
DA:196,0
DA:200,0
DA:201,0
DA:204,0
DA:205,0
DA:208,0
DA:209,0
DA:213,0
DA:214,0
DA:215,0
DA:217,0
DA:218,0
DA:221,0
DA:225,0
DA:226,0
DA:227,0
DA:228,0
DA:229,0
DA:231,0
DA:232,0
DA:233,0
DA:235,0
DA:236,0
DA:239,0
DA:240,0
DA:241,0
DA:242,0
DA:244,0
DA:248,0
DA:250,0
DA:291,0
DA:292,0
DA:293,0
DA:295,0
DA:306,0
DA:307,0
DA:308,0
DA:309,0
DA:311,0
DA:364,0
DA:394,0
DA:402,0
DA:403,0
DA:405,0
DA:406,0
DA:407,0
DA:408,0
LF:162
LH:0
BRDA:28,0,0,0
BRDA:28,0,1,0
BRDA:29,1,0,0
BRDA:29,1,1,0
BRDA:29,2,0,0
BRDA:29,2,1,0
BRDA:29,2,2,0
BRDA:42,3,0,0
BRDA:42,3,1,0
BRDA:42,4,0,0
BRDA:42,4,1,0
BRDA:43,5,0,0
BRDA:43,5,1,0
BRDA:53,6,0,0
BRDA:53,6,1,0
BRDA:54,7,0,0
BRDA:54,7,1,0
BRDA:54,7,2,0
BRDA:57,8,0,0
BRDA:57,8,1,0
BRDA:57,9,0,0
BRDA:57,9,1,0
BRDA:58,10,0,0
BRDA:58,10,1,0
BRDA:59,11,0,0
BRDA:59,11,1,0
BRDA:59,11,2,0
BRDA:64,12,0,0
BRDA:64,12,1,0
BRDA:64,13,0,0
BRDA:64,13,1,0
BRDA:66,14,0,0
BRDA:66,14,1,0
BRDA:79,15,0,0
BRDA:79,15,1,0
BRDA:82,16,0,0
BRDA:82,16,1,0
BRDA:83,17,0,0
BRDA:83,17,1,0
BRDA:95,18,0,0
BRDA:95,18,1,0
BRDA:95,19,0,0
BRDA:95,19,1,0
BRDA:96,20,0,0
BRDA:96,20,1,0
BRDA:96,20,2,0
BRDA:98,21,0,0
BRDA:98,21,1,0
BRDA:98,22,0,0
BRDA:98,22,1,0
BRDA:100,23,0,0
BRDA:100,23,1,0
BRDA:118,24,0,0
BRDA:118,24,1,0
BRDA:118,24,2,0
BRDA:128,25,0,0
BRDA:128,25,1,0
BRDA:128,26,0,0
BRDA:128,26,1,0
BRDA:137,27,0,0
BRDA:137,27,1,0
BRDA:143,28,0,0
BRDA:143,28,1,0
BRDA:143,29,0,0
BRDA:143,29,1,0
BRDA:145,30,0,0
BRDA:145,30,1,0
BRDA:145,30,2,0
BRDA:146,31,0,0
BRDA:146,31,1,0
BRDA:146,32,0,0
BRDA:146,32,1,0
BRDA:151,33,0,0
BRDA:151,33,1,0
BRDA:154,34,0,0
BRDA:154,34,1,0
BRDA:155,35,0,0
BRDA:155,35,1,0
BRDA:173,36,0,0
BRDA:173,36,1,0
BRDA:184,37,0,0
BRDA:184,37,1,0
BRDA:190,38,0,0
BRDA:190,38,1,0
BRDA:195,39,0,0
BRDA:195,39,1,0
BRDA:200,40,0,0
BRDA:200,40,1,0
BRDA:204,41,0,0
BRDA:204,41,1,0
BRDA:204,42,0,0
BRDA:204,42,1,0
BRDA:208,43,0,0
BRDA:208,43,1,0
BRDA:213,44,0,0
BRDA:213,44,1,0
BRDA:217,45,0,0
BRDA:217,45,1,0
BRDA:235,46,0,0
BRDA:235,46,1,0
BRDA:248,47,0,0
BRDA:248,47,1,0
BRDA:265,48,0,0
BRDA:265,48,1,0
BRDA:271,49,0,0
BRDA:271,49,1,0
BRDA:273,50,0,0
BRDA:273,50,1,0
BRDA:276,51,0,0
BRDA:276,51,1,0
BRDA:279,52,0,0
BRDA:279,52,1,0
BRDA:283,53,0,0
BRDA:283,53,1,0
BRDA:291,54,0,0
BRDA:291,54,1,0
BRDA:291,55,0,0
BRDA:291,55,1,0
BRDA:298,56,0,0
BRDA:298,56,1,0
BRDA:306,57,0,0
BRDA:306,57,1,0
BRDA:306,58,0,0
BRDA:306,58,1,0
BRDA:314,59,0,0
BRDA:314,59,1,0
BRDA:314,59,2,0
BRDA:322,60,0,0
BRDA:322,60,1,0
BRDA:345,61,0,0
BRDA:345,61,1,0
BRDA:345,61,2,0
BRDA:347,62,0,0
BRDA:347,62,1,0
BRDA:353,63,0,0
BRDA:353,63,1,0
BRDA:382,64,0,0
BRDA:382,64,1,0
BRDA:387,65,0,0
BRDA:387,65,1,0
BRDA:406,66,0,0
BRDA:406,66,1,0
BRDA:406,67,0,0
BRDA:406,67,1,0
BRDA:406,67,2,0
BRDA:407,68,0,0
BRDA:407,68,1,0
BRDA:407,69,0,0
BRDA:407,69,1,0
BRDA:407,69,2,0
BRF:150
BRH:0
end_of_record
TN:
SF:src/components/Loading/Loading.js
FN:4,(anonymous_0)
FNF:1
FNH:1
FNDA:12,(anonymous_0)
DA:4,8
DA:11,12
DA:12,12
DA:14,12
LF:4
LH:4
BRDA:5,0,0,10
BRDA:6,1,0,9
BRDA:7,2,0,10
BRDA:8,3,0,11
BRDA:12,4,0,1
BRDA:12,4,1,11
BRDA:17,5,0,12
BRDA:17,5,1,11
BRDA:25,6,0,12
BRDA:25,6,1,1
BRF:10
BRH:10
end_of_record
TN:
SF:src/components/Menu/Menu.js
FN:4,Menu
FN:9,(anonymous_1)
FN:14,(anonymous_2)
FN:20,(anonymous_3)
FN:28,(anonymous_4)
FN:36,(anonymous_5)
FN:44,(anonymous_6)
FN:51,(anonymous_7)
FN:79,(anonymous_8)
FN:105,(anonymous_9)
FNF:10
FNH:9
FNDA:28,Menu
FNDA:9,(anonymous_1)
FNDA:1,(anonymous_2)
FNDA:1,(anonymous_3)
FNDA:2,(anonymous_4)
FNDA:1,(anonymous_5)
FNDA:1,(anonymous_6)
FNDA:1,(anonymous_7)
FNDA:0,(anonymous_8)
FNDA:1,(anonymous_9)
DA:5,28
DA:7,28
DA:9,28
DA:10,9
DA:11,9
DA:14,28
DA:15,1
DA:16,1
DA:17,1
DA:20,28
DA:21,1
DA:22,1
DA:23,1
DA:24,1
DA:28,28
DA:29,2
DA:30,2
DA:31,2
DA:32,2
DA:36,28
DA:37,1
DA:38,1
DA:39,1
DA:40,1
DA:44,28
DA:45,1
DA:46,1
DA:47,1
DA:51,28
DA:52,1
DA:53,1
DA:54,1
DA:55,1
DA:57,0
DA:58,0
DA:59,0
DA:63,28
DA:79,0
DA:105,1
LF:39
LH:35
BRDA:23,0,0,1
BRDA:23,0,1,0
BRDA:31,1,0,2
BRDA:31,1,1,0
BRDA:39,2,0,1
BRDA:39,2,1,0
BRDA:46,3,0,1
BRDA:46,3,1,0
BRDA:53,4,0,1
BRDA:53,4,1,0
BRDA:57,5,0,0
BRDA:57,5,1,0
BRDA:57,6,0,0
BRDA:57,6,1,0
BRDA:67,7,0,9
BRDA:67,7,1,19
BRDA:78,8,0,28
BRDA:78,8,1,9
BRDA:83,9,0,9
BRDA:83,9,1,19
BRDA:105,10,0,1
BRDA:105,10,1,0
BRF:22
BRH:12
end_of_record
TN:
SF:src/components/PaymentForm/PaymentForm.js
FN:5,PaymentForm
FN:15,(anonymous_1)
FN:35,(anonymous_2)
FN:36,(anonymous_3)
FN:42,(anonymous_4)
FN:84,(anonymous_5)
FN:120,(anonymous_6)
FN:126,(anonymous_7)
FN:147,(anonymous_8)
FN:167,(anonymous_9)
FNF:10
FNH:9
FNDA:33,PaymentForm
FNDA:14,(anonymous_1)
FNDA:2,(anonymous_2)
FNDA:2,(anonymous_3)
FNDA:2,(anonymous_4)
FNDA:2,(anonymous_5)
FNDA:1,(anonymous_6)
FNDA:64,(anonymous_7)
FNDA:1,(anonymous_8)
FNDA:0,(anonymous_9)
DA:6,33
DA:12,33
DA:15,33
DA:16,14
DA:17,13
DA:19,3
DA:26,10
DA:35,33
DA:36,2
DA:42,33
DA:43,2
DA:45,2
DA:46,1
DA:50,1
DA:53,1
DA:54,1
DA:55,0
DA:59,0
DA:62,1
DA:63,1
DA:65,1
DA:71,1
DA:72,1
DA:74,0
DA:75,0
DA:80,1
DA:84,33
DA:85,2
DA:90,2
DA:93,33
DA:95,32
DA:120,1
DA:127,64
DA:147,1
DA:167,0
LF:35
LH:30
BRDA:5,0,0,27
BRDA:16,1,0,13
BRDA:16,1,1,1
BRDA:17,2,0,3
BRDA:17,2,1,10
BRDA:20,3,0,3
BRDA:20,3,1,0
BRDA:21,4,0,3
BRDA:21,4,1,0
BRDA:22,5,0,3
BRDA:22,5,1,2
BRDA:45,6,0,1
BRDA:45,6,1,1
BRDA:45,7,0,2
BRDA:45,7,1,1
BRDA:54,8,0,0
BRDA:54,8,1,1
BRDA:54,9,0,1
BRDA:54,9,1,1
BRDA:68,10,0,1
BRDA:68,10,1,1
BRDA:75,11,0,0
BRDA:75,11,1,0
BRDA:93,12,0,1
BRDA:93,12,1,32
BRDA:100,13,0,6
BRDA:100,13,1,26
BRDA:193,14,0,1
BRDA:193,14,1,31
BRDA:194,15,0,0
BRDA:194,15,1,1
BRDA:195,16,0,6
BRDA:195,16,1,25
BRF:33
BRH:27
end_of_record
TN:
SF:src/components/Payments/Payments.js
FN:10,extractUserIdFromToken
FN:22,normalizeText
FN:31,formatDate
FN:48,formatCurrency
FN:56,Payments
FN:73,(anonymous_5)
FN:74,loadData
FN:117,(anonymous_7)
FN:123,(anonymous_8)
FN:129,(anonymous_9)
FN:135,(anonymous_10)
FN:145,(anonymous_11)
FN:172,(anonymous_12)
FN:180,(anonymous_13)
FN:184,(anonymous_14)
FN:186,(anonymous_15)
FN:195,(anonymous_16)
FN:206,(anonymous_17)
FN:211,(anonymous_18)
FN:212,(anonymous_19)
FN:217,(anonymous_20)
FN:249,(anonymous_21)
FN:273,(anonymous_22)
FN:278,(anonymous_23)
FN:299,(anonymous_24)
FN:320,(anonymous_25)
FN:327,(anonymous_26)
FNF:27
FNH:18
FNDA:13,extractUserIdFromToken
FNDA:12,normalizeText
FNDA:38,formatDate
FNDA:38,formatCurrency
FNDA:48,Payments
FNDA:14,(anonymous_5)
FNDA:14,loadData
FNDA:2,(anonymous_7)
FNDA:1,(anonymous_8)
FNDA:1,(anonymous_9)
FNDA:0,(anonymous_10)
FNDA:0,(anonymous_11)
FNDA:1,(anonymous_12)
FNDA:0,(anonymous_13)
FNDA:0,(anonymous_14)
FNDA:0,(anonymous_15)
FNDA:0,(anonymous_16)
FNDA:0,(anonymous_17)
FNDA:62,(anonymous_18)
FNDA:101,(anonymous_19)
FNDA:40,(anonymous_20)
FNDA:0,(anonymous_21)
FNDA:2,(anonymous_22)
FNDA:0,(anonymous_23)
FNDA:38,(anonymous_24)
FNDA:1,(anonymous_25)
FNDA:1,(anonymous_26)
DA:11,13
DA:13,13
DA:14,13
DA:15,13
DA:16,13
DA:18,0
DA:23,12
DA:32,38
DA:33,38
DA:34,38
DA:35,38
DA:43,0
DA:49,38
DA:57,48
DA:58,48
DA:59,48
DA:60,48
DA:61,48
DA:62,48
DA:63,48
DA:66,48
DA:67,48
DA:68,48
DA:73,48
DA:75,14
DA:76,1
DA:77,1
DA:78,1
DA:81,13
DA:82,13
DA:84,13
DA:86,13
DA:87,13
DA:88,0
DA:91,13
DA:94,13
DA:99,13
DA:100,13
DA:102,13
DA:103,13
DA:106,0
DA:107,0
DA:109,13
DA:113,14
DA:117,48
DA:118,2
DA:119,2
DA:123,48
DA:124,1
DA:125,1
DA:129,48
DA:130,1
DA:131,1
DA:135,48
DA:136,0
DA:137,0
DA:139,0
DA:145,0
DA:146,0
DA:151,0
DA:154,0
DA:159,0
DA:160,0
DA:163,0
DA:165,0
DA:166,0
DA:167,0
DA:172,48
DA:173,1
DA:180,48
DA:181,0
DA:182,0
DA:184,0
DA:185,0
DA:186,0
DA:187,0
DA:190,0
DA:195,0
DA:206,48
DA:207,0
DA:211,48
DA:212,101
DA:213,62
DA:217,48
DA:218,40
DA:220,4
DA:221,4
DA:222,4
DA:224,4
DA:228,48
DA:229,27
DA:241,21
DA:242,1
DA:249,0
DA:260,20
DA:273,2
DA:278,0
DA:300,38
DA:320,1
DA:327,1
LF:100
LH:71
BRDA:11,0,0,0
BRDA:11,0,1,13
BRDA:14,1,0,13
BRDA:14,1,1,0
BRDA:14,2,0,13
BRDA:14,2,1,13
BRDA:16,3,0,0
BRDA:16,3,1,13
BRDA:32,4,0,0
BRDA:32,4,1,38
BRDA:75,5,0,1
BRDA:75,5,1,13
BRDA:87,6,0,0
BRDA:87,6,1,13
BRDA:102,7,0,13
BRDA:102,7,1,0
BRDA:103,8,0,13
BRDA:103,8,1,0
BRDA:107,9,0,0
BRDA:107,9,1,0
BRDA:137,10,0,0
BRDA:137,10,1,0
BRDA:146,11,0,0
BRDA:146,11,1,0
BRDA:213,12,0,43
BRDA:213,12,1,19
BRDA:218,13,0,36
BRDA:218,13,1,4
BRDA:222,14,0,4
BRDA:222,14,1,2
BRDA:224,15,0,4
BRDA:224,15,1,2
BRDA:228,16,0,27
BRDA:228,16,1,21
BRDA:241,17,0,1
BRDA:241,17,1,20
BRDA:276,18,0,20
BRDA:276,18,1,2
BRDA:297,19,0,20
BRDA:297,19,1,0
BRDA:310,20,0,38
BRDA:310,20,1,20
BRF:42
BRH:28
end_of_record
TN:
SF:src/components/Reports/ReportCard.js
FN:6,ReportCard
FN:14,(anonymous_1)
FN:16,(anonymous_2)
FN:19,(anonymous_3)
FN:35,(anonymous_4)
FN:35,(anonymous_5)
FN:58,(anonymous_6)
FN:58,(anonymous_7)
FN:67,(anonymous_8)
FN:67,(anonymous_9)
FN:76,(anonymous_10)
FN:76,(anonymous_11)
FN:82,(anonymous_12)
FN:117,(anonymous_13)
FNF:14
FNH:6
FNDA:30,ReportCard
FNDA:0,(anonymous_1)
FNDA:0,(anonymous_2)
FNDA:2,(anonymous_3)
FNDA:9,(anonymous_4)
FNDA:9,(anonymous_5)
FNDA:0,(anonymous_6)
FNDA:0,(anonymous_7)
FNDA:0,(anonymous_8)
FNDA:0,(anonymous_9)
FNDA:0,(anonymous_10)
FNDA:0,(anonymous_11)
FNDA:1,(anonymous_12)
FNDA:5,(anonymous_13)
DA:7,30
DA:8,30
DA:9,30
DA:10,30
DA:11,30
DA:12,30
DA:14,30
DA:15,0
DA:16,0
DA:19,30
DA:20,2
DA:21,2
DA:22,2
DA:23,2
DA:24,1
DA:25,1
DA:27,1
DA:29,2
DA:33,30
DA:35,9
DA:58,0
DA:67,0
DA:76,0
DA:82,1
DA:117,5
LF:25
LH:20
BRDA:37,0,0,30
BRDA:37,0,1,0
BRDA:37,1,0,30
BRDA:37,1,1,0
BRDA:43,2,0,18
BRDA:43,2,1,12
BRDA:46,3,0,30
BRDA:46,3,1,18
BRDA:48,4,0,8
BRDA:48,4,1,10
BRDA:51,5,0,8
BRDA:51,5,1,0
BRDA:52,6,0,8
BRDA:52,6,1,0
BRDA:57,7,0,8
BRDA:57,7,1,0
BRDA:66,8,0,8
BRDA:66,8,1,0
BRDA:75,9,0,8
BRDA:75,9,1,0
BRDA:81,10,0,2
BRDA:81,10,1,6
BRDA:83,11,0,8
BRDA:83,11,1,1
BRDA:87,12,0,10
BRDA:87,12,1,10
BRDA:93,13,0,10
BRDA:93,13,1,10
BRDA:99,14,0,10
BRDA:99,14,1,10
BRDA:105,15,0,10
BRDA:105,15,1,10
BRDA:111,16,0,10
BRDA:111,16,1,10
BRF:34
BRH:27
end_of_record
TN:
SF:src/components/Reports/ReportForm.js
FN:19,ReportForm
FN:24,extractUserIdFromToken
FN:35,(anonymous_2)
FN:45,(anonymous_3)
FN:46,loadPatients
FN:59,(anonymous_5)
FN:61,(anonymous_6)
FN:64,(anonymous_7)
FN:66,(anonymous_8)
FN:67,(anonymous_9)
FN:71,(anonymous_10)
FN:88,(anonymous_11)
FN:102,(anonymous_12)
FN:102,(anonymous_13)
FN:108,(anonymous_14)
FN:108,(anonymous_15)
FN:114,(anonymous_16)
FN:114,(anonymous_17)
FNF:18
FNH:8
FNDA:19,ReportForm
FNDA:8,extractUserIdFromToken
FNDA:8,(anonymous_2)
FNDA:16,(anonymous_3)
FNDA:16,loadPatients
FNDA:1,(anonymous_5)
FNDA:1,(anonymous_6)
FNDA:0,(anonymous_7)
FNDA:0,(anonymous_8)
FNDA:0,(anonymous_9)
FNDA:1,(anonymous_10)
FNDA:0,(anonymous_11)
FNDA:0,(anonymous_12)
FNDA:0,(anonymous_13)
FNDA:0,(anonymous_14)
FNDA:0,(anonymous_15)
FNDA:0,(anonymous_16)
FNDA:0,(anonymous_17)
DA:9,8
DA:20,19
DA:21,19
DA:22,19
DA:25,8
DA:26,8
DA:27,8
DA:28,8
DA:29,8
DA:31,0
DA:35,19
DA:36,8
DA:37,8
DA:38,8
DA:41,19
DA:42,19
DA:45,19
DA:47,16
DA:48,8
DA:49,8
DA:50,8
DA:52,0
DA:53,0
DA:56,16
DA:59,19
DA:60,1
DA:61,1
DA:64,19
DA:65,0
DA:66,0
DA:67,0
DA:68,0
DA:71,19
DA:72,1
DA:73,1
DA:74,1
DA:75,1
DA:78,19
DA:89,0
DA:102,0
DA:108,0
DA:114,0
LF:42
LH:31
BRDA:25,0,0,0
BRDA:25,0,1,8
BRDA:27,1,0,8
BRDA:27,1,1,0
BRDA:27,2,0,8
BRDA:27,2,1,8
BRDA:29,3,0,0
BRDA:29,3,1,8
BRDA:36,4,0,8
BRDA:36,4,1,0
BRDA:36,5,0,8
BRDA:36,5,1,8
BRDA:47,6,0,8
BRDA:47,6,1,8
BRDA:50,7,0,0
BRDA:50,7,1,8
BRDA:68,8,0,0
BRDA:68,8,1,0
BRDA:92,9,0,19
BRDA:92,9,1,0
BRDA:101,10,0,19
BRDA:101,10,1,19
BRDA:107,11,0,19
BRDA:107,11,1,19
BRDA:113,12,0,19
BRDA:113,12,1,19
BRF:26
BRH:18
end_of_record
TN:
SF:src/components/Reports/ReportTable.js
FN:4,ReportTable
FN:22,(anonymous_1)
FNF:2
FNH:2
FNDA:5,ReportTable
FNDA:5,(anonymous_1)
DA:5,5
DA:6,4
DA:23,5
LF:3
LH:3
BRDA:5,0,0,1
BRDA:5,0,1,4
BRDA:30,1,0,5
BRDA:30,1,1,2
BRDA:31,2,0,5
BRDA:31,2,1,2
BRF:6
BRH:6
end_of_record
TN:
SF:src/components/Reports/Reports.js
FN:8,Reports
FN:13,(anonymous_1)
FN:18,(anonymous_2)
FN:32,(anonymous_3)
FN:47,(anonymous_4)
FN:62,(anonymous_5)
FN:68,(anonymous_6)
FN:76,(anonymous_7)
FNF:8
FNH:3
FNDA:2,Reports
FNDA:1,(anonymous_1)
FNDA:1,(anonymous_2)
FNDA:0,(anonymous_3)
FNDA:0,(anonymous_4)
FNDA:0,(anonymous_5)
FNDA:0,(anonymous_6)
FNDA:0,(anonymous_7)
DA:9,2
DA:10,2
DA:11,2
DA:13,2
DA:14,1
DA:18,2
DA:19,1
DA:20,1
DA:21,1
DA:22,0
DA:23,0
DA:25,1
DA:27,1
DA:32,2
DA:33,0
DA:34,0
DA:41,0
DA:47,2
DA:48,0
DA:49,0
DA:50,0
DA:56,2
DA:62,0
DA:68,0
DA:77,0
LF:25
LH:14
BRDA:14,0,0,1
BRDA:14,0,1,0
BRDA:22,1,0,0
BRDA:22,1,1,0
BRDA:23,2,0,0
BRDA:23,2,1,0
BRDA:61,3,0,2
BRDA:61,3,1,0
BRDA:67,4,0,0
BRDA:67,4,1,2
BRDA:73,5,0,2
BRDA:73,5,1,0
BRDA:74,6,0,2
BRDA:74,6,1,2
BRDA:74,7,0,1
BRDA:74,7,1,1
BRF:16
BRH:8
end_of_record
TN:
SF:src/components/login/Login.js
FN:8,Login
FN:16,(anonymous_1)
FN:30,(anonymous_2)
FN:61,(anonymous_3)
FN:81,(anonymous_4)
FN:92,(anonymous_5)
FNF:6
FNH:6
FNDA:22,Login
FNDA:4,(anonymous_1)
FNDA:4,(anonymous_2)
FNDA:22,(anonymous_3)
FNDA:3,(anonymous_4)
FNDA:3,(anonymous_5)
DA:9,22
DA:10,22
DA:11,22
DA:12,22
DA:13,22
DA:14,22
DA:16,22
DA:17,4
DA:18,1
DA:19,1
DA:22,3
DA:23,1
DA:24,1
DA:26,2
DA:27,2
DA:30,22
DA:31,4
DA:32,4
DA:33,2
DA:34,2
DA:35,2
DA:37,2
DA:39,2
DA:41,1
DA:42,1
DA:43,0
DA:45,0
DA:46,0
DA:47,0
DA:49,0
DA:50,0
DA:52,0
DA:53,0
DA:55,2
DA:57,2
DA:61,22
DA:62,22
DA:68,22
DA:81,3
DA:92,3
LF:40
LH:32
BRDA:17,0,0,1
BRDA:17,0,1,3
BRDA:17,1,0,4
BRDA:17,1,1,3
BRDA:22,2,0,1
BRDA:22,2,1,2
BRDA:32,3,0,2
BRDA:32,3,1,2
BRDA:37,4,0,2
BRDA:37,4,1,0
BRDA:42,5,0,1
BRDA:42,5,1,0
BRDA:42,6,0,1
BRDA:42,6,1,0
BRDA:46,7,0,0
BRDA:46,7,1,0
BRDA:46,8,0,0
BRDA:46,8,1,0
BRDA:55,9,0,2
BRDA:55,9,1,0
BRDA:98,10,0,22
BRDA:98,10,1,4
BRDA:101,11,0,2
BRDA:101,11,1,20
BRF:24
BRH:16
end_of_record
TN:
SF:src/components/patients-board/patients.js
FN:15,extractUserIdFromToken
FN:28,normalizeText
FN:37,formatCurrency
FN:46,formatNextAppointmentDate
FN:83,Patients
FN:123,(anonymous_5)
FN:124,loadPatients
FN:173,(anonymous_7)
FN:177,(anonymous_8)
FN:191,(anonymous_9)
FN:203,(anonymous_10)
FN:217,(anonymous_11)
FN:231,(anonymous_12)
FN:233,(anonymous_13)
FN:244,(anonymous_14)
FN:254,(anonymous_15)
FN:260,(anonymous_16)
FN:270,(anonymous_17)
FN:271,(anonymous_18)
FN:277,(anonymous_19)
FN:284,(anonymous_20)
FN:288,(anonymous_21)
FN:316,(anonymous_22)
FN:325,(anonymous_23)
FN:335,(anonymous_24)
FN:345,(anonymous_25)
FN:349,(anonymous_26)
FN:386,(anonymous_27)
FN:468,(anonymous_28)
FN:481,(anonymous_29)
FN:485,(anonymous_30)
FN:492,(anonymous_31)
FN:499,(anonymous_32)
FN:528,(anonymous_33)
FN:593,(anonymous_34)
FN:640,(anonymous_35)
FN:663,(anonymous_36)
FN:673,(anonymous_37)
FN:678,(anonymous_38)
FN:709,(anonymous_39)
FN:718,(anonymous_40)
FN:727,(anonymous_41)
FN:736,(anonymous_42)
FN:745,(anonymous_43)
FN:756,(anonymous_44)
FN:766,(anonymous_45)
FN:774,(anonymous_46)
FN:792,(anonymous_47)
FN:803,(anonymous_48)
FN:812,(anonymous_49)
FN:821,(anonymous_50)
FN:830,(anonymous_51)
FN:839,(anonymous_52)
FN:850,(anonymous_53)
FN:860,(anonymous_54)
FN:868,(anonymous_55)
FN:889,(anonymous_56)
FN:956,(anonymous_57)
FN:967,(anonymous_58)
FN:973,(anonymous_59)
FN:986,(anonymous_60)
FN:1032,(anonymous_61)
FN:1039,(anonymous_62)
FN:1068,(anonymous_63)
FN:1068,(anonymous_64)
FNF:65
FNH:18
FNDA:17,extractUserIdFromToken
FNDA:56,normalizeText
FNDA:25,formatCurrency
FNDA:22,formatNextAppointmentDate
FNDA:63,Patients
FNDA:18,(anonymous_5)
FNDA:18,loadPatients
FNDA:1,(anonymous_7)
FNDA:1,(anonymous_8)
FNDA:26,(anonymous_9)
FNDA:0,(anonymous_10)
FNDA:0,(anonymous_11)
FNDA:0,(anonymous_12)
FNDA:0,(anonymous_13)
FNDA:0,(anonymous_14)
FNDA:0,(anonymous_15)
FNDA:0,(anonymous_16)
FNDA:0,(anonymous_17)
FNDA:0,(anonymous_18)
FNDA:0,(anonymous_19)
FNDA:0,(anonymous_20)
FNDA:0,(anonymous_21)
FNDA:0,(anonymous_22)
FNDA:0,(anonymous_23)
FNDA:0,(anonymous_24)
FNDA:0,(anonymous_25)
FNDA:0,(anonymous_26)
FNDA:0,(anonymous_27)
FNDA:0,(anonymous_28)
FNDA:0,(anonymous_29)
FNDA:2,(anonymous_30)
FNDA:1,(anonymous_31)
FNDA:0,(anonymous_32)
FNDA:0,(anonymous_33)
FNDA:52,(anonymous_34)
FNDA:0,(anonymous_35)
FNDA:0,(anonymous_36)
FNDA:4,(anonymous_37)
FNDA:1,(anonymous_38)
FNDA:0,(anonymous_39)
FNDA:0,(anonymous_40)
FNDA:0,(anonymous_41)
FNDA:0,(anonymous_42)
FNDA:0,(anonymous_43)
FNDA:0,(anonymous_44)
FNDA:0,(anonymous_45)
FNDA:0,(anonymous_46)
FNDA:47,(anonymous_47)
FNDA:0,(anonymous_48)
FNDA:0,(anonymous_49)
FNDA:0,(anonymous_50)
FNDA:0,(anonymous_51)
FNDA:0,(anonymous_52)
FNDA:0,(anonymous_53)
FNDA:0,(anonymous_54)
FNDA:0,(anonymous_55)
FNDA:2,(anonymous_56)
FNDA:1,(anonymous_57)
FNDA:0,(anonymous_58)
FNDA:0,(anonymous_59)
FNDA:0,(anonymous_60)
FNDA:0,(anonymous_61)
FNDA:0,(anonymous_62)
FNDA:0,(anonymous_63)
FNDA:0,(anonymous_64)
DA:16,17
DA:19,17
DA:20,17
DA:21,17
DA:22,17
DA:24,0
DA:29,56
DA:38,25
DA:47,22
DA:49,22
DA:50,22
DA:51,22
DA:52,22
DA:53,22
DA:54,22
DA:57,22
DA:58,22
DA:59,0
DA:60,22
DA:61,0
DA:64,22
DA:71,22
DA:77,22
DA:79,0
DA:84,63
DA:85,63
DA:86,63
DA:87,63
DA:88,63
DA:89,63
DA:90,63
DA:91,63
DA:92,63
DA:93,63
DA:94,63
DA:95,63
DA:96,63
DA:106,63
DA:110,63
DA:117,63
DA:121,63
DA:123,63
DA:125,18
DA:126,1
DA:127,1
DA:128,1
DA:131,17
DA:132,17
DA:133,17
DA:135,17
DA:137,17
DA:138,17
DA:139,17
DA:140,0
DA:144,17
DA:145,17
DA:146,17
DA:147,0
DA:150,17
DA:153,17
DA:154,17
DA:157,16
DA:159,16
DA:160,16
DA:163,1
DA:165,17
DA:166,17
DA:170,18
DA:173,63
DA:174,1
DA:177,63
DA:178,1
DA:179,1
DA:191,63
DA:192,26
DA:203,63
DA:204,0
DA:205,0
DA:217,63
DA:218,0
DA:219,0
DA:231,63
DA:232,0
DA:233,0
DA:234,0
DA:236,0
DA:238,0
DA:239,0
DA:242,0
DA:243,0
DA:244,0
DA:246,0
DA:247,0
DA:250,0
DA:255,0
DA:256,0
DA:260,0
DA:270,63
DA:271,0
DA:277,63
DA:278,0
DA:284,63
DA:285,0
DA:286,0
DA:288,0
DA:289,0
DA:292,0
DA:293,0
DA:295,0
DA:296,0
DA:297,0
DA:299,0
DA:302,0
DA:307,0
DA:308,0
DA:310,0
DA:315,0
DA:316,0
DA:318,0
DA:321,0
DA:326,0
DA:327,0
DA:329,0
DA:330,0
DA:333,0
DA:335,0
DA:345,63
DA:346,0
DA:349,63
DA:351,0
DA:352,0
DA:353,0
DA:354,0
DA:355,0
DA:357,0
DA:360,0
DA:361,0
DA:363,0
DA:364,0
DA:365,0
DA:366,0
DA:369,0
DA:377,0
DA:380,0
DA:381,0
DA:386,63
DA:387,0
DA:388,0
DA:390,0
DA:391,0
DA:394,0
DA:395,0
DA:398,0
DA:399,0
DA:400,0
DA:403,0
DA:405,0
DA:406,0
DA:407,0
DA:411,0
DA:412,0
DA:413,0
DA:414,0
DA:415,0
DA:416,0
DA:417,0
DA:419,0
DA:421,0
DA:426,0
DA:427,0
DA:428,0
DA:429,0
DA:434,0
DA:435,0
DA:437,0
DA:440,0
DA:443,0
DA:444,0
DA:455,0
DA:456,0
DA:460,0
DA:461,0
DA:462,0
DA:464,0
DA:468,63
DA:469,0
DA:470,0
DA:473,0
DA:474,0
DA:475,0
DA:477,0
DA:478,0
DA:481,63
DA:482,0
DA:485,63
DA:486,2
DA:492,63
DA:493,1
DA:499,63
DA:500,0
DA:501,0
DA:502,0
DA:503,0
DA:504,0
DA:505,0
DA:507,0
DA:512,0
DA:513,0
DA:516,0
DA:517,0
DA:518,0
DA:519,0
DA:522,0
DA:526,0
DA:527,0
DA:528,0
DA:529,0
DA:533,0
DA:534,0
DA:538,0
DA:541,0
DA:542,0
DA:543,0
DA:544,0
DA:545,0
DA:546,0
DA:548,0
DA:549,0
DA:550,0
DA:551,0
DA:552,0
DA:553,0
DA:555,0
DA:556,0
DA:559,0
DA:560,0
DA:563,0
DA:564,0
DA:568,0
DA:571,0
DA:576,0
DA:577,0
DA:580,0
DA:582,0
DA:584,0
DA:585,0
DA:586,0
DA:588,0
DA:593,63
DA:594,52
DA:597,8
DA:600,8
DA:601,8
DA:602,8
DA:603,8
DA:604,8
DA:605,8
DA:607,8
DA:615,63
DA:616,2
DA:623,61
DA:624,34
DA:633,27
DA:634,1
DA:640,0
DA:650,26
DA:663,0
DA:673,4
DA:678,1
DA:709,0
DA:718,0
DA:727,0
DA:736,0
DA:745,0
DA:756,0
DA:766,0
DA:774,0
DA:793,47
DA:803,0
DA:812,0
DA:821,0
DA:830,0
DA:839,0
DA:850,0
DA:860,0
DA:868,0
DA:889,2
DA:956,1
DA:967,0
DA:973,0
DA:986,0
DA:1032,0
DA:1039,0
DA:1068,0
LF:294
LH:107
BRDA:16,0,0,0
BRDA:16,0,1,17
BRDA:20,1,0,17
BRDA:20,1,1,0
BRDA:20,2,0,17
BRDA:20,2,1,17
BRDA:22,3,0,0
BRDA:22,3,1,17
BRDA:47,4,0,0
BRDA:47,4,1,22
BRDA:58,5,0,0
BRDA:58,5,1,22
BRDA:60,6,0,0
BRDA:60,6,1,22
BRDA:125,7,0,1
BRDA:125,7,1,17
BRDA:139,8,0,0
BRDA:139,8,1,17
BRDA:146,9,0,0
BRDA:146,9,1,17
BRDA:160,10,0,16
BRDA:160,10,1,0
BRDA:163,11,0,1
BRDA:163,11,1,0
BRDA:174,12,0,0
BRDA:174,12,1,1
BRDA:191,13,0,26
BRDA:206,14,0,0
BRDA:206,14,1,0
BRDA:207,15,0,0
BRDA:207,15,1,0
BRDA:208,16,0,0
BRDA:208,16,1,0
BRDA:209,17,0,0
BRDA:209,17,1,0
BRDA:210,18,0,0
BRDA:210,18,1,0
BRDA:211,19,0,0
BRDA:211,19,1,0
BRDA:212,20,0,0
BRDA:212,20,1,0
BRDA:213,21,0,0
BRDA:213,21,1,0
BRDA:234,22,0,0
BRDA:234,22,1,0
BRDA:236,23,0,0
BRDA:236,23,1,0
BRDA:244,24,0,0
BRDA:244,24,1,0
BRDA:253,25,0,0
BRDA:253,25,1,0
BRDA:255,26,0,0
BRDA:255,26,1,0
BRDA:256,27,0,0
BRDA:256,27,1,0
BRDA:264,28,0,0
BRDA:264,28,1,0
BRDA:295,29,0,0
BRDA:295,29,1,0
BRDA:327,30,0,0
BRDA:327,30,1,0
BRDA:329,31,0,0
BRDA:329,31,1,0
BRDA:329,32,0,0
BRDA:329,32,1,0
BRDA:352,33,0,0
BRDA:352,33,1,0
BRDA:353,34,0,0
BRDA:353,34,1,0
BRDA:354,35,0,0
BRDA:354,35,1,0
BRDA:355,36,0,0
BRDA:355,36,1,0
BRDA:360,37,0,0
BRDA:360,37,1,0
BRDA:361,38,0,0
BRDA:361,38,1,0
BRDA:363,39,0,0
BRDA:363,39,1,0
BRDA:363,39,2,0
BRDA:364,40,0,0
BRDA:364,40,1,0
BRDA:380,41,0,0
BRDA:380,41,1,0
BRDA:386,42,0,0
BRDA:394,43,0,0
BRDA:394,43,1,0
BRDA:398,44,0,0
BRDA:398,44,1,0
BRDA:399,45,0,0
BRDA:399,45,1,0
BRDA:400,46,0,0
BRDA:400,46,1,0
BRDA:403,47,0,0
BRDA:403,47,1,0
BRDA:406,48,0,0
BRDA:406,48,1,0
BRDA:414,49,0,0
BRDA:414,49,1,0
BRDA:414,50,0,0
BRDA:414,50,1,0
BRDA:417,51,0,0
BRDA:417,51,1,0
BRDA:417,52,0,0
BRDA:417,52,1,0
BRDA:417,52,2,0
BRDA:426,53,0,0
BRDA:426,53,1,0
BRDA:428,54,0,0
BRDA:428,54,1,0
BRDA:443,55,0,0
BRDA:443,55,1,0
BRDA:443,56,0,0
BRDA:443,56,1,0
BRDA:455,57,0,0
BRDA:455,57,1,0
BRDA:461,58,0,0
BRDA:461,58,1,0
BRDA:468,59,0,0
BRDA:473,60,0,0
BRDA:473,60,1,0
BRDA:474,61,0,0
BRDA:474,61,1,0
BRDA:474,62,0,0
BRDA:474,62,1,0
BRDA:474,62,2,0
BRDA:499,63,0,0
BRDA:499,64,0,0
BRDA:503,65,0,0
BRDA:503,65,1,0
BRDA:512,66,0,0
BRDA:512,66,1,0
BRDA:512,67,0,0
BRDA:512,67,1,0
BRDA:516,68,0,0
BRDA:516,68,1,0
BRDA:516,68,2,0
BRDA:517,69,0,0
BRDA:517,69,1,0
BRDA:523,70,0,0
BRDA:523,70,1,0
BRDA:528,71,0,0
BRDA:528,71,1,0
BRDA:543,72,0,0
BRDA:543,72,1,0
BRDA:543,73,0,0
BRDA:543,73,1,0
BRDA:548,74,0,0
BRDA:548,74,1,0
BRDA:548,75,0,0
BRDA:548,75,1,0
BRDA:550,76,0,0
BRDA:550,76,1,0
BRDA:577,77,0,0
BRDA:577,77,1,0
BRDA:594,78,0,44
BRDA:594,78,1,8
BRDA:600,79,0,8
BRDA:600,79,1,0
BRDA:601,80,0,8
BRDA:601,80,1,0
BRDA:602,81,0,8
BRDA:602,81,1,0
BRDA:602,82,0,8
BRDA:602,82,1,0
BRDA:603,83,0,8
BRDA:603,83,1,4
BRDA:604,84,0,8
BRDA:604,84,1,0
BRDA:605,85,0,8
BRDA:605,85,1,4
BRDA:607,86,0,8
BRDA:607,86,1,5
BRDA:607,86,2,5
BRDA:607,86,3,5
BRDA:607,86,4,5
BRDA:607,86,5,5
BRDA:615,87,0,2
BRDA:615,87,1,61
BRDA:623,88,0,34
BRDA:623,88,1,27
BRDA:633,89,0,1
BRDA:633,89,1,26
BRDA:655,90,0,26
BRDA:655,90,1,26
BRDA:660,91,0,26
BRDA:660,91,1,0
BRDA:676,92,0,26
BRDA:676,92,1,4
BRDA:688,93,0,0
BRDA:688,93,1,26
BRDA:690,94,0,4
BRDA:690,94,1,22
BRDA:691,95,0,4
BRDA:691,95,1,0
BRDA:692,96,0,22
BRDA:692,96,1,0
BRDA:692,97,0,22
BRDA:692,97,1,0
BRDA:698,98,0,26
BRDA:698,98,1,1
BRDA:789,99,0,26
BRDA:789,99,1,0
BRDA:790,100,0,1
BRDA:790,100,1,25
BRDA:790,101,0,3
BRDA:790,101,1,23
BRDA:791,102,0,25
BRDA:791,102,1,1
BRDA:793,103,0,47
BRDA:793,103,1,0
BRDA:793,104,0,1
BRDA:793,104,1,46
BRDA:794,105,0,0
BRDA:794,105,1,47
BRDA:884,106,0,47
BRDA:884,106,1,0
BRDA:885,107,0,47
BRDA:885,107,1,47
BRDA:897,108,0,47
BRDA:897,108,1,22
BRDA:897,108,2,22
BRDA:907,109,0,47
BRDA:907,109,1,1
BRDA:911,110,0,1
BRDA:911,110,1,1
BRDA:915,111,0,1
BRDA:915,111,1,1
BRDA:919,112,0,0
BRDA:919,112,1,1
BRDA:919,113,0,0
BRDA:919,113,1,1
BRDA:920,114,0,1
BRDA:920,114,1,1
BRDA:930,115,0,22
BRDA:930,115,1,25
BRDA:937,116,0,47
BRDA:937,116,1,1
BRDA:939,117,0,1
BRDA:939,117,1,1
BRDA:940,118,0,1
BRDA:940,118,1,0
BRDA:941,119,0,1
BRDA:941,119,1,1
BRDA:942,120,0,1
BRDA:942,120,1,0
BRDA:943,121,0,1
BRDA:943,121,1,0
BRDA:944,122,0,1
BRDA:944,122,1,0
BRDA:945,123,0,1
BRDA:945,123,1,0
BRDA:958,124,0,1
BRDA:958,124,1,46
BRDA:963,125,0,47
BRDA:963,125,1,1
BRDA:1007,126,0,26
BRDA:1007,126,1,26
BRDA:1014,127,0,26
BRDA:1014,127,1,0
BRDA:1019,128,0,0
BRDA:1019,128,1,0
BRDA:1019,129,0,0
BRDA:1019,129,1,0
BRDA:1035,130,0,0
BRDA:1035,130,1,0
BRDA:1042,131,0,0
BRDA:1042,131,1,0
BRDA:1052,132,0,0
BRDA:1052,132,1,0
BRDA:1067,133,0,0
BRDA:1067,133,1,26
BRDA:1068,134,0,0
BRDA:1068,134,1,26
BRDA:1072,135,0,26
BRDA:1072,135,1,0
BRDA:1080,136,0,26
BRDA:1080,136,1,0
BRF:278
BRH:103
end_of_record
TN:
SF:src/config/appConfig.js
FN:48,(anonymous_0)
FNF:1
FNH:0
FNDA:0,(anonymous_0)
DA:9,8
DA:15,8
DA:21,8
DA:27,8
DA:32,8
DA:39,8
DA:48,8
DA:49,0
DA:51,0
DA:52,0
DA:55,0
DA:56,0
DA:59,0
DA:60,0
DA:63,0
DA:70,8
LF:16
LH:8
BRDA:10,0,0,8
BRDA:10,0,1,8
BRDA:11,1,0,8
BRDA:11,1,1,8
BRDA:16,2,0,8
BRDA:16,2,1,8
BRDA:17,3,0,8
BRDA:17,3,1,8
BRDA:22,4,0,8
BRDA:22,4,1,8
BRDA:28,5,0,8
BRDA:28,5,1,8
BRDA:35,6,0,8
BRDA:35,6,1,8
BRDA:40,7,0,8
BRDA:40,7,1,8
BRDA:51,8,0,0
BRDA:51,8,1,0
BRDA:51,9,0,0
BRDA:51,9,1,0
BRDA:55,10,0,0
BRDA:55,10,1,0
BRDA:55,11,0,0
BRDA:55,11,1,0
BRDA:59,12,0,0
BRDA:59,12,1,0
BRDA:59,13,0,0
BRDA:59,13,1,0
BRF:28
BRH:16
end_of_record
TN:
SF:src/contexts/AppointmentsUpdateContext.js
FN:7,(anonymous_0)
FN:16,(anonymous_1)
FN:21,(anonymous_2)
FN:28,(anonymous_3)
FN:29,(anonymous_4)
FN:36,(anonymous_5)
FN:50,(anonymous_6)
FN:63,(anonymous_7)
FN:64,(anonymous_8)
FNF:9
FNH:9
FNDA:86,(anonymous_0)
FNDA:37,(anonymous_1)
FNDA:7,(anonymous_2)
FNDA:5,(anonymous_3)
FNDA:5,(anonymous_4)
FNDA:2,(anonymous_5)
FNDA:1,(anonymous_6)
FNDA:32,(anonymous_7)
FNDA:32,(anonymous_8)
DA:4,10
DA:7,10
DA:8,86
DA:9,85
DA:10,4
DA:12,81
DA:16,10
DA:17,37
DA:18,37
DA:21,37
DA:23,7
DA:24,2
DA:28,7
DA:29,5
DA:32,7
DA:36,37
DA:37,2
DA:39,1
DA:40,1
DA:43,1
DA:44,1
DA:46,2
DA:50,37
DA:51,1
DA:52,1
DA:55,37
DA:63,37
DA:64,32
DA:65,32
DA:66,7
DA:71,37
LF:31
LH:31
BRDA:9,0,0,4
BRDA:9,0,1,81
BRDA:23,1,0,2
BRDA:23,1,1,5
BRDA:37,2,0,1
BRDA:37,2,1,1
BRDA:37,3,0,2
BRDA:37,3,1,1
BRDA:40,4,0,1
BRDA:40,4,1,1
BRDA:43,5,0,1
BRDA:50,6,0,0
BRDA:51,7,0,1
BRDA:51,7,1,0
BRDA:65,8,0,7
BRDA:65,8,1,25
BRF:16
BRH:14
end_of_record
TN:
SF:src/lib/authStatusRest.js
FN:3,getAuthStatusByUserId
FNF:1
FNH:1
FNDA:4,getAuthStatusByUserId
DA:4,4
DA:5,4
DA:6,4
DA:12,4
DA:13,4
DA:14,4
DA:15,4
DA:16,3
DA:17,3
LF:9
LH:9
BRDA:4,0,0,4
BRDA:4,0,1,0
BRDA:5,1,0,4
BRDA:5,1,1,0
BRDA:15,2,0,1
BRDA:15,2,1,3
BRDA:17,3,0,2
BRDA:17,3,1,1
BRDA:17,4,0,3
BRDA:17,4,1,3
BRF:10
BRH:8
end_of_record
TN:
SF:src/lib/googleCalendar.js
FN:10,processInBatches
FN:17,(anonymous_1)
FN:23,isGoogleApiReady
FN:43,(anonymous_3)
FN:69,(anonymous_4)
FN:91,(anonymous_5)
FN:92,(anonymous_6)
FN:106,(anonymous_7)
FN:121,(anonymous_8)
FN:124,(anonymous_9)
FN:164,(anonymous_10)
FN:202,(anonymous_11)
FN:207,(anonymous_12)
FN:297,(anonymous_13)
FN:329,(anonymous_14)
FN:342,(anonymous_15)
FN:359,(anonymous_16)
FN:389,(anonymous_17)
FN:396,(anonymous_18)
FN:477,(anonymous_19)
FN:507,(anonymous_20)
FN:522,(anonymous_21)
FN:524,(anonymous_22)
FN:525,(anonymous_23)
FN:542,(anonymous_24)
FN:562,(anonymous_25)
FN:584,(anonymous_26)
FN:601,(anonymous_27)
FN:654,(anonymous_28)
FN:665,(anonymous_29)
FN:715,(anonymous_30)
FN:754,(anonymous_31)
FN:794,(anonymous_32)
FN:795,(anonymous_33)
FN:814,(anonymous_34)
FN:846,(anonymous_35)
FN:877,(anonymous_36)
FN:878,(anonymous_37)
FN:914,(anonymous_38)
FNF:39
FNH:0
FNDA:0,processInBatches
FNDA:0,(anonymous_1)
FNDA:0,isGoogleApiReady
FNDA:0,(anonymous_3)
FNDA:0,(anonymous_4)
FNDA:0,(anonymous_5)
FNDA:0,(anonymous_6)
FNDA:0,(anonymous_7)
FNDA:0,(anonymous_8)
FNDA:0,(anonymous_9)
FNDA:0,(anonymous_10)
FNDA:0,(anonymous_11)
FNDA:0,(anonymous_12)
FNDA:0,(anonymous_13)
FNDA:0,(anonymous_14)
FNDA:0,(anonymous_15)
FNDA:0,(anonymous_16)
FNDA:0,(anonymous_17)
FNDA:0,(anonymous_18)
FNDA:0,(anonymous_19)
FNDA:0,(anonymous_20)
FNDA:0,(anonymous_21)
FNDA:0,(anonymous_22)
FNDA:0,(anonymous_23)
FNDA:0,(anonymous_24)
FNDA:0,(anonymous_25)
FNDA:0,(anonymous_26)
FNDA:0,(anonymous_27)
FNDA:0,(anonymous_28)
FNDA:0,(anonymous_29)
FNDA:0,(anonymous_30)
FNDA:0,(anonymous_31)
FNDA:0,(anonymous_32)
FNDA:0,(anonymous_33)
FNDA:0,(anonymous_34)
FNDA:0,(anonymous_35)
FNDA:0,(anonymous_36)
FNDA:0,(anonymous_37)
FNDA:0,(anonymous_38)
DA:11,0
DA:12,0
DA:13,0
DA:14,0
DA:15,0
DA:16,0
DA:17,0
DA:20,0
DA:24,0
DA:36,0
DA:37,0
DA:40,0
DA:43,0
DA:44,0
DA:45,0
DA:46,0
DA:47,0
DA:48,0
DA:49,0
DA:51,0
DA:52,0
DA:54,0
DA:58,0
DA:59,0
DA:61,0
DA:63,0
DA:65,0
DA:69,0
DA:70,0
DA:71,0
DA:77,0
DA:78,0
DA:80,0
DA:86,0
DA:91,0
DA:92,0
DA:93,0
DA:94,0
DA:95,0
DA:96,0
DA:97,0
DA:106,0
DA:107,0
DA:108,0
DA:111,0
DA:112,0
DA:113,0
DA:116,0
DA:117,0
DA:118,0
DA:121,0
DA:122,0
DA:124,0
DA:125,0
DA:127,0
DA:132,0
DA:133,0
DA:136,0
DA:137,0
DA:140,0
DA:142,0
DA:143,0
DA:145,0
DA:147,0
DA:152,0
DA:153,0
DA:155,0
DA:157,0
DA:164,0
DA:165,0
DA:167,0
DA:168,0
DA:170,0
DA:171,0
DA:174,0
DA:175,0
DA:178,0
DA:179,0
DA:180,0
DA:181,0
DA:184,0
DA:185,0
DA:189,0
DA:190,0
DA:191,0
DA:193,0
DA:195,0
DA:198,0
DA:199,0
DA:202,0
DA:203,0
DA:204,0
DA:208,0
DA:209,0
DA:212,0
DA:213,0
DA:214,0
DA:216,0
DA:218,0
DA:220,0
DA:222,0
DA:223,0
DA:225,0
DA:226,0
DA:228,0
DA:229,0
DA:231,0
DA:232,0
DA:234,0
DA:237,0
DA:241,0
DA:244,0
DA:245,0
DA:246,0
DA:248,0
DA:250,0
DA:254,0
DA:258,0
DA:262,0
DA:263,0
DA:268,0
DA:276,0
DA:278,0
DA:279,0
DA:283,0
DA:290,0
DA:291,0
DA:294,0
DA:297,0
DA:298,0
DA:305,0
DA:306,0
DA:308,0
DA:310,0
DA:317,0
DA:318,0
DA:320,0
DA:322,0
DA:329,0
DA:331,0
DA:332,0
DA:336,0
DA:342,0
DA:343,0
DA:344,0
DA:346,0
DA:349,0
DA:351,0
DA:352,0
DA:359,0
DA:361,0
DA:362,0
DA:366,0
DA:367,0
DA:368,0
DA:369,0
DA:370,0
DA:371,0
DA:372,0
DA:376,0
DA:377,0
DA:379,0
DA:383,0
DA:389,0
DA:390,0
DA:396,0
DA:397,0
DA:398,0
DA:399,0
DA:403,0
DA:409,0
DA:413,0
DA:414,0
DA:416,0
DA:417,0
DA:420,0
DA:424,0
DA:426,0
DA:442,0
DA:447,0
DA:449,0
DA:455,0
DA:456,0
DA:458,0
DA:459,0
DA:461,0
DA:466,0
DA:467,0
DA:470,0
DA:477,0
DA:478,0
DA:479,0
DA:481,0
DA:485,0
DA:486,0
DA:488,0
DA:489,0
DA:491,0
DA:494,0
DA:496,0
DA:507,0
DA:508,0
DA:509,0
DA:512,0
DA:513,0
DA:514,0
DA:516,0
DA:519,0
DA:520,0
DA:521,0
DA:522,0
DA:523,0
DA:524,0
DA:526,0
DA:527,0
DA:529,0
DA:531,0
DA:535,0
DA:538,0
DA:539,0
DA:540,0
DA:542,0
DA:543,0
DA:544,0
DA:545,0
DA:546,0
DA:549,0
DA:554,0
DA:555,0
DA:556,0
DA:557,0
DA:561,0
DA:562,0
DA:566,0
DA:568,0
DA:584,0
DA:585,0
DA:586,0
DA:587,0
DA:590,0
DA:594,0
DA:595,0
DA:600,0
DA:601,0
DA:602,0
DA:603,0
DA:606,0
DA:607,0
DA:610,0
DA:611,0
DA:612,0
DA:613,0
DA:617,0
DA:619,0
DA:620,0
DA:622,0
DA:631,0
DA:634,0
DA:635,0
DA:636,0
DA:638,0
DA:647,0
DA:648,0
DA:651,0
DA:653,0
DA:654,0
DA:655,0
DA:662,0
DA:665,0
DA:667,0
DA:668,0
DA:669,0
DA:672,0
DA:673,0
DA:674,0
DA:678,0
DA:679,0
DA:680,0
DA:683,0
DA:684,0
DA:694,0
DA:697,0
DA:699,0
DA:701,0
DA:702,0
DA:704,0
DA:706,0
DA:715,0
DA:716,0
DA:717,0
DA:718,0
DA:721,0
DA:726,0
DA:727,0
DA:730,0
DA:732,0
DA:733,0
DA:735,0
DA:738,0
DA:739,0
DA:740,0
DA:742,0
DA:744,0
DA:754,0
DA:755,0
DA:756,0
DA:757,0
DA:761,0
DA:762,0
DA:764,0
DA:768,0
DA:769,0
DA:773,0
DA:775,0
DA:776,0
DA:777,0
DA:779,0
DA:789,0
DA:790,0
DA:791,0
DA:792,0
DA:793,0
DA:794,0
DA:795,0
DA:796,0
DA:797,0
DA:798,0
DA:805,0
DA:813,0
DA:814,0
DA:818,0
DA:819,0
DA:822,0
DA:831,0
DA:832,0
DA:834,0
DA:836,0
DA:846,0
DA:847,0
DA:848,0
DA:849,0
DA:853,0
DA:854,0
DA:856,0
DA:857,0
DA:865,0
DA:869,0
DA:870,0
DA:874,0
DA:877,0
DA:878,0
DA:879,0
DA:880,0
DA:883,0
DA:884,0
DA:893,0
DA:894,0
DA:896,0
DA:897,0
DA:898,0
DA:899,0
DA:900,0
DA:907,0
DA:914,0
DA:916,0
DA:924,0
DA:933,0
DA:934,0
DA:936,0
DA:938,0
LF:370
LH:0
BRDA:10,0,0,0
BRDA:10,1,0,0
BRDA:16,2,0,0
BRDA:16,2,1,0
BRDA:25,3,0,0
BRDA:25,3,1,0
BRDA:25,3,2,0
BRDA:25,3,3,0
BRDA:46,4,0,0
BRDA:46,4,1,0
BRDA:48,5,0,0
BRDA:48,5,1,0
BRDA:48,6,0,0
BRDA:48,6,1,0
BRDA:48,6,2,0
BRDA:51,7,0,0
BRDA:51,7,1,0
BRDA:51,8,0,0
BRDA:51,8,1,0
BRDA:58,9,0,0
BRDA:58,9,1,0
BRDA:58,10,0,0
BRDA:58,10,1,0
BRDA:59,11,0,0
BRDA:59,11,1,0
BRDA:77,12,0,0
BRDA:77,12,1,0
BRDA:77,13,0,0
BRDA:77,13,1,0
BRDA:78,14,0,0
BRDA:78,14,1,0
BRDA:111,15,0,0
BRDA:111,15,1,0
BRDA:116,16,0,0
BRDA:116,16,1,0
BRDA:136,17,0,0
BRDA:136,17,1,0
BRDA:142,18,0,0
BRDA:142,18,1,0
BRDA:142,19,0,0
BRDA:142,19,1,0
BRDA:143,20,0,0
BRDA:143,20,1,0
BRDA:152,21,0,0
BRDA:152,21,1,0
BRDA:152,22,0,0
BRDA:152,22,1,0
BRDA:153,23,0,0
BRDA:153,23,1,0
BRDA:170,24,0,0
BRDA:170,24,1,0
BRDA:170,25,0,0
BRDA:170,25,1,0
BRDA:170,25,2,0
BRDA:174,26,0,0
BRDA:174,26,1,0
BRDA:174,27,0,0
BRDA:174,27,1,0
BRDA:174,27,2,0
BRDA:178,28,0,0
BRDA:178,28,1,0
BRDA:184,29,0,0
BRDA:184,29,1,0
BRDA:189,30,0,0
BRDA:189,30,1,0
BRDA:189,31,0,0
BRDA:189,31,1,0
BRDA:190,32,0,0
BRDA:190,32,1,0
BRDA:190,33,0,0
BRDA:190,33,1,0
BRDA:198,34,0,0
BRDA:198,34,1,0
BRDA:208,35,0,0
BRDA:208,35,1,0
BRDA:212,36,0,0
BRDA:212,36,1,0
BRDA:213,37,0,0
BRDA:213,37,1,0
BRDA:213,38,0,0
BRDA:213,38,1,0
BRDA:214,39,0,0
BRDA:214,39,1,0
BRDA:220,40,0,0
BRDA:220,40,1,0
BRDA:220,40,2,0
BRDA:220,40,3,0
BRDA:220,40,4,0
BRDA:234,41,0,0
BRDA:234,41,1,0
BRDA:244,42,0,0
BRDA:244,42,1,0
BRDA:245,43,0,0
BRDA:245,43,1,0
BRDA:245,44,0,0
BRDA:245,44,1,0
BRDA:262,45,0,0
BRDA:262,45,1,0
BRDA:278,46,0,0
BRDA:278,46,1,0
BRDA:290,47,0,0
BRDA:290,47,1,0
BRDA:305,48,0,0
BRDA:305,48,1,0
BRDA:305,49,0,0
BRDA:305,49,1,0
BRDA:306,50,0,0
BRDA:306,50,1,0
BRDA:317,51,0,0
BRDA:317,51,1,0
BRDA:317,52,0,0
BRDA:317,52,1,0
BRDA:318,53,0,0
BRDA:318,53,1,0
BRDA:331,54,0,0
BRDA:331,54,1,0
BRDA:336,55,0,0
BRDA:336,55,1,0
BRDA:336,55,2,0
BRDA:343,56,0,0
BRDA:343,56,1,0
BRDA:343,57,0,0
BRDA:343,57,1,0
BRDA:351,58,0,0
BRDA:351,58,1,0
BRDA:361,59,0,0
BRDA:361,59,1,0
BRDA:368,60,0,0
BRDA:368,60,1,0
BRDA:370,61,0,0
BRDA:370,61,1,0
BRDA:370,62,0,0
BRDA:370,62,1,0
BRDA:376,63,0,0
BRDA:376,63,1,0
BRDA:376,64,0,0
BRDA:376,64,1,0
BRDA:377,65,0,0
BRDA:377,65,1,0
BRDA:398,66,0,0
BRDA:398,66,1,0
BRDA:403,67,0,0
BRDA:403,67,1,0
BRDA:404,68,0,0
BRDA:404,68,1,0
BRDA:404,68,2,0
BRDA:404,68,3,0
BRDA:420,69,0,0
BRDA:420,69,1,0
BRDA:421,70,0,0
BRDA:421,70,1,0
BRDA:421,71,0,0
BRDA:421,71,1,0
BRDA:428,72,0,0
BRDA:428,72,1,0
BRDA:455,73,0,0
BRDA:455,73,1,0
BRDA:455,74,0,0
BRDA:455,74,1,0
BRDA:456,75,0,0
BRDA:456,75,1,0
BRDA:458,76,0,0
BRDA:458,76,1,0
BRDA:458,77,0,0
BRDA:458,77,1,0
BRDA:459,78,0,0
BRDA:459,78,1,0
BRDA:466,79,0,0
BRDA:466,79,1,0
BRDA:466,80,0,0
BRDA:466,80,1,0
BRDA:481,81,0,0
BRDA:481,81,1,0
BRDA:482,82,0,0
BRDA:482,82,1,0
BRDA:482,83,0,0
BRDA:482,83,1,0
BRDA:486,84,0,0
BRDA:486,84,1,0
BRDA:508,85,0,0
BRDA:508,85,1,0
BRDA:524,86,0,0
BRDA:524,86,1,0
BRDA:526,87,0,0
BRDA:526,87,1,0
BRDA:526,88,0,0
BRDA:526,88,1,0
BRDA:527,89,0,0
BRDA:527,89,1,0
BRDA:543,90,0,0
BRDA:543,90,1,0
BRDA:545,91,0,0
BRDA:545,91,1,0
BRDA:556,92,0,0
BRDA:556,92,1,0
BRDA:561,93,0,0
BRDA:561,93,1,0
BRDA:584,94,0,0
BRDA:586,95,0,0
BRDA:586,95,1,0
BRDA:590,96,0,0
BRDA:590,96,1,0
BRDA:591,97,0,0
BRDA:591,97,1,0
BRDA:591,98,0,0
BRDA:591,98,1,0
BRDA:594,99,0,0
BRDA:594,99,1,0
BRDA:600,100,0,0
BRDA:600,100,1,0
BRDA:631,101,0,0
BRDA:631,101,1,0
BRDA:634,102,0,0
BRDA:634,102,1,0
BRDA:634,103,0,0
BRDA:634,103,1,0
BRDA:647,104,0,0
BRDA:647,104,1,0
BRDA:653,105,0,0
BRDA:653,105,1,0
BRDA:658,106,0,0
BRDA:658,106,1,0
BRDA:667,107,0,0
BRDA:667,107,1,0
BRDA:668,108,0,0
BRDA:668,108,1,0
BRDA:673,109,0,0
BRDA:673,109,1,0
BRDA:674,110,0,0
BRDA:674,110,1,0
BRDA:678,111,0,0
BRDA:678,111,1,0
BRDA:679,112,0,0
BRDA:679,112,1,0
BRDA:683,113,0,0
BRDA:683,113,1,0
BRDA:689,114,0,0
BRDA:689,114,1,0
BRDA:701,115,0,0
BRDA:701,115,1,0
BRDA:701,116,0,0
BRDA:701,116,1,0
BRDA:702,117,0,0
BRDA:702,117,1,0
BRDA:717,118,0,0
BRDA:717,118,1,0
BRDA:726,119,0,0
BRDA:726,119,1,0
BRDA:732,120,0,0
BRDA:732,120,1,0
BRDA:732,121,0,0
BRDA:732,121,1,0
BRDA:733,122,0,0
BRDA:733,122,1,0
BRDA:738,123,0,0
BRDA:738,123,1,0
BRDA:738,124,0,0
BRDA:738,124,1,0
BRDA:739,125,0,0
BRDA:739,125,1,0
BRDA:754,126,0,0
BRDA:756,127,0,0
BRDA:756,127,1,0
BRDA:764,128,0,0
BRDA:764,128,1,0
BRDA:765,129,0,0
BRDA:765,129,1,0
BRDA:765,130,0,0
BRDA:765,130,1,0
BRDA:768,131,0,0
BRDA:768,131,1,0
BRDA:775,132,0,0
BRDA:775,132,1,0
BRDA:776,133,0,0
BRDA:776,133,1,0
BRDA:797,134,0,0
BRDA:797,134,1,0
BRDA:797,135,0,0
BRDA:797,135,1,0
BRDA:801,136,0,0
BRDA:801,136,1,0
BRDA:808,137,0,0
BRDA:808,137,1,0
BRDA:808,138,0,0
BRDA:808,138,1,0
BRDA:813,139,0,0
BRDA:813,139,1,0
BRDA:818,140,0,0
BRDA:818,140,1,0
BRDA:828,141,0,0
BRDA:828,141,1,0
BRDA:831,142,0,0
BRDA:831,142,1,0
BRDA:831,143,0,0
BRDA:831,143,1,0
BRDA:832,144,0,0
BRDA:832,144,1,0
BRDA:848,145,0,0
BRDA:848,145,1,0
BRDA:856,146,0,0
BRDA:856,146,1,0
BRDA:856,147,0,0
BRDA:856,147,1,0
BRDA:865,148,0,0
BRDA:865,148,1,0
BRDA:866,149,0,0
BRDA:866,149,1,0
BRDA:866,150,0,0
BRDA:866,150,1,0
BRDA:869,151,0,0
BRDA:869,151,1,0
BRDA:879,152,0,0
BRDA:879,152,1,0
BRDA:883,153,0,0
BRDA:883,153,1,0
BRDA:899,154,0,0
BRDA:899,154,1,0
BRDA:903,155,0,0
BRDA:903,155,1,0
BRDA:933,156,0,0
BRDA:933,156,1,0
BRDA:933,157,0,0
BRDA:933,157,1,0
BRDA:934,158,0,0
BRDA:934,158,1,0
BRF:325
BRH:0
end_of_record
TN:
SF:src/lib/googleCalendarReconnect.js
FN:11,reconnectGoogleCalendar
FNF:1
FNH:0
FNDA:0,reconnectGoogleCalendar
DA:12,0
DA:13,0
DA:14,0
DA:15,0
DA:16,0
DA:17,0
DA:18,0
DA:19,0
DA:21,0
DA:22,0
DA:26,0
DA:28,0
DA:29,0
LF:13
LH:0
BRDA:11,0,0,0
BRDA:11,1,0,0
BRDA:13,2,0,0
BRDA:13,2,1,0
BRDA:13,3,0,0
BRDA:13,3,1,0
BRDA:14,4,0,0
BRDA:14,4,1,0
BRDA:14,5,0,0
BRDA:14,5,1,0
BRDA:17,6,0,0
BRDA:17,6,1,0
BRDA:18,7,0,0
BRDA:18,7,1,0
BRDA:18,8,0,0
BRDA:18,8,1,0
BRDA:21,9,0,0
BRDA:21,9,1,0
BRDA:21,10,0,0
BRDA:21,10,1,0
BRDA:21,11,0,0
BRDA:21,11,1,0
BRDA:28,12,0,0
BRDA:28,12,1,0
BRDA:28,13,0,0
BRDA:28,13,1,0
BRDA:28,14,0,0
BRDA:28,14,1,0
BRF:28
BRH:0
end_of_record
TN:
SF:src/lib/supabaseClient.js
FNF:0
FNH:0
DA:4,1
DA:6,1
DA:8,1
DA:9,1
DA:11,1
DA:13,0
DA:16,1
LF:7
LH:6
BRDA:8,0,0,1
BRDA:8,0,1,1
BRDA:9,1,0,1
BRDA:9,1,1,1
BRDA:11,2,0,0
BRDA:11,2,1,1
BRDA:11,3,0,1
BRDA:11,3,1,1
BRF:8
BRH:7
end_of_record
TN:
SF:src/lib/supabaseRest.js
FN:17,headers
FN:30,fetchDelete
FN:38,selectUsersByUser
FN:61,insertUser
FN:77,updateUserPass
FN:93,deleteUser
FN:99,callRpc
FN:125,authCheck
FN:198,getPatientsByUserId
FN:221,updatePatient
FN:260,(anonymous_10)
FN:288,(anonymous_11)
FN:315,(anonymous_12)
FN:342,(anonymous_13)
FN:382,(anonymous_14)
FN:398,(anonymous_15)
FN:417,(anonymous_16)
FN:442,(anonymous_17)
FN:464,(anonymous_18)
FN:486,(anonymous_19)
FN:507,(anonymous_20)
FN:569,(anonymous_21)
FN:642,(anonymous_22)
FN:665,(anonymous_23)
FN:692,(anonymous_24)
FN:723,(anonymous_25)
FN:752,(anonymous_26)
FN:757,(anonymous_27)
FN:780,(anonymous_28)
FN:809,(anonymous_29)
FN:816,(anonymous_30)
FN:846,(anonymous_31)
FN:852,(anonymous_32)
FN:853,(anonymous_33)
FN:854,(anonymous_34)
FN:866,(anonymous_35)
FN:873,(anonymous_36)
FN:902,(anonymous_37)
FN:912,(anonymous_38)
FN:920,(anonymous_39)
FN:936,(anonymous_40)
FNF:41
FNH:0
FNDA:0,headers
FNDA:0,fetchDelete
FNDA:0,selectUsersByUser
FNDA:0,insertUser
FNDA:0,updateUserPass
FNDA:0,deleteUser
FNDA:0,callRpc
FNDA:0,authCheck
FNDA:0,getPatientsByUserId
FNDA:0,updatePatient
FNDA:0,(anonymous_10)
FNDA:0,(anonymous_11)
FNDA:0,(anonymous_12)
FNDA:0,(anonymous_13)
FNDA:0,(anonymous_14)
FNDA:0,(anonymous_15)
FNDA:0,(anonymous_16)
FNDA:0,(anonymous_17)
FNDA:0,(anonymous_18)
FNDA:0,(anonymous_19)
FNDA:0,(anonymous_20)
FNDA:0,(anonymous_21)
FNDA:0,(anonymous_22)
FNDA:0,(anonymous_23)
FNDA:0,(anonymous_24)
FNDA:0,(anonymous_25)
FNDA:0,(anonymous_26)
FNDA:0,(anonymous_27)
FNDA:0,(anonymous_28)
FNDA:0,(anonymous_29)
FNDA:0,(anonymous_30)
FNDA:0,(anonymous_31)
FNDA:0,(anonymous_32)
FNDA:0,(anonymous_33)
FNDA:0,(anonymous_34)
FNDA:0,(anonymous_35)
FNDA:0,(anonymous_36)
FNDA:0,(anonymous_37)
FNDA:0,(anonymous_38)
FNDA:0,(anonymous_39)
FNDA:0,(anonymous_40)
DA:7,0
DA:9,0
DA:11,0
DA:12,0
DA:15,0
DA:18,0
DA:23,0
DA:24,0
DA:31,0
DA:32,0
DA:33,0
DA:34,0
DA:39,0
DA:44,0
DA:45,0
DA:48,0
DA:49,0
DA:50,0
DA:52,0
DA:53,0
DA:55,0
DA:57,0
DA:58,0
DA:63,0
DA:64,0
DA:65,0
DA:73,0
DA:74,0
DA:79,0
DA:80,0
DA:81,0
DA:89,0
DA:90,0
DA:94,0
DA:95,0
DA:100,0
DA:101,0
DA:102,0
DA:104,0
DA:105,0
DA:106,0
DA:107,0
DA:108,0
DA:109,0
DA:110,0
DA:111,0
DA:114,0
DA:117,0
DA:127,0
DA:128,0
DA:129,0
DA:130,0
DA:131,0
DA:133,0
DA:134,0
DA:136,0
DA:139,0
DA:142,0
DA:143,0
DA:144,0
DA:145,0
DA:146,0
DA:147,0
DA:148,0
DA:149,0
DA:151,0
DA:152,0
DA:155,0
DA:157,0
DA:162,0
DA:167,0
DA:168,0
DA:169,0
DA:170,0
DA:171,0
DA:172,0
DA:176,0
DA:180,0
DA:181,0
DA:182,0
DA:183,0
DA:184,0
DA:188,0
DA:191,0
DA:199,0
DA:201,0
DA:203,0
DA:206,0
DA:210,0
DA:211,0
DA:222,0
DA:223,0
DA:234,0
DA:236,0
DA:237,0
DA:238,0
DA:241,0
DA:243,0
DA:244,0
DA:248,0
DA:261,0
DA:262,0
DA:272,0
DA:273,0
DA:274,0
DA:275,0
DA:277,0
DA:279,0
DA:280,0
DA:289,0
DA:290,0
DA:299,0
DA:300,0
DA:301,0
DA:302,0
DA:305,0
DA:307,0
DA:308,0
DA:316,0
DA:318,0
DA:328,0
DA:331,0
DA:334,0
DA:335,0
DA:343,0
DA:345,0
DA:356,0
DA:359,0
DA:362,0
DA:363,0
DA:364,0
DA:367,0
DA:374,0
DA:375,0
DA:383,0
DA:384,0
DA:385,0
DA:387,0
DA:390,0
DA:391,0
DA:399,0
DA:400,0
DA:404,0
DA:406,0
DA:409,0
DA:410,0
DA:418,0
DA:420,0
DA:430,0
DA:432,0
DA:434,0
DA:435,0
DA:443,0
DA:444,0
DA:451,0
DA:453,0
DA:456,0
DA:457,0
DA:465,0
DA:466,0
DA:473,0
DA:475,0
DA:478,0
DA:479,0
DA:487,0
DA:489,0
DA:494,0
DA:496,0
DA:498,0
DA:499,0
DA:508,0
DA:509,0
DA:511,0
DA:512,0
DA:516,0
DA:517,0
DA:519,0
DA:520,0
DA:521,0
DA:526,0
DA:540,0
DA:541,0
DA:542,0
DA:543,0
DA:546,0
DA:547,0
DA:550,0
DA:552,0
DA:557,0
DA:558,0
DA:570,0
DA:572,0
DA:573,0
DA:590,0
DA:592,0
DA:593,0
DA:594,0
DA:597,0
DA:598,0
DA:602,0
DA:612,0
DA:623,0
DA:625,0
DA:626,0
DA:627,0
DA:630,0
DA:631,0
DA:634,0
DA:635,0
DA:643,0
DA:645,0
DA:657,0
DA:659,0
DA:660,0
DA:661,0
DA:665,0
DA:681,0
DA:682,0
DA:684,0
DA:685,0
DA:693,0
DA:694,0
DA:705,0
DA:707,0
DA:708,0
DA:709,0
DA:712,0
DA:713,0
DA:715,0
DA:716,0
DA:724,0
DA:725,0
DA:734,0
DA:735,0
DA:736,0
DA:737,0
DA:740,0
DA:741,0
DA:743,0
DA:744,0
DA:753,0
DA:755,0
DA:757,0
DA:758,0
DA:759,0
DA:761,0
DA:765,0
DA:773,0
DA:775,0
DA:776,0
DA:777,0
DA:780,0
DA:781,0
DA:784,0
DA:786,0
DA:793,0
DA:800,0
DA:801,0
DA:810,0
DA:812,0
DA:815,0
DA:817,0
DA:818,0
DA:819,0
DA:824,0
DA:825,0
DA:836,0
DA:838,0
DA:839,0
DA:847,0
DA:848,0
DA:851,0
DA:852,0
DA:853,0
DA:854,0
DA:856,0
DA:858,0
DA:859,0
DA:867,0
DA:869,0
DA:872,0
DA:874,0
DA:875,0
DA:876,0
DA:881,0
DA:882,0
DA:890,0
DA:891,0
DA:893,0
DA:894,0
DA:903,0
DA:904,0
DA:906,0
DA:907,0
DA:913,0
DA:914,0
DA:915,0
DA:916,0
DA:917,0
DA:921,0
DA:922,0
DA:923,0
DA:931,0
DA:932,0
DA:937,0
DA:938,0
DA:939,0
DA:947,0
DA:948,0
LF:309
LH:0
BRDA:11,0,0,0
BRDA:11,0,1,0
BRDA:12,1,0,0
BRDA:12,1,1,0
BRDA:15,2,0,0
BRDA:15,2,1,0
BRDA:17,3,0,0
BRDA:23,4,0,0
BRDA:23,4,1,0
BRDA:33,5,0,0
BRDA:33,5,1,0
BRDA:50,6,0,0
BRDA:50,6,1,0
BRDA:73,7,0,0
BRDA:73,7,1,0
BRDA:89,8,0,0
BRDA:89,8,1,0
BRDA:99,9,0,0
BRDA:102,10,0,0
BRDA:102,10,1,0
BRDA:107,11,0,0
BRDA:107,11,1,0
BRDA:130,12,0,0
BRDA:130,12,1,0
BRDA:130,13,0,0
BRDA:130,13,1,0
BRDA:131,14,0,0
BRDA:131,14,1,0
BRDA:142,15,0,0
BRDA:142,15,1,0
BRDA:142,16,0,0
BRDA:142,16,1,0
BRDA:143,17,0,0
BRDA:143,17,1,0
BRDA:143,18,0,0
BRDA:143,18,1,0
BRDA:144,19,0,0
BRDA:144,19,1,0
BRDA:144,20,0,0
BRDA:144,20,1,0
BRDA:144,20,2,0
BRDA:144,20,3,0
BRDA:148,21,0,0
BRDA:148,21,1,0
BRDA:148,22,0,0
BRDA:148,22,1,0
BRDA:151,23,0,0
BRDA:151,23,1,0
BRDA:155,24,0,0
BRDA:155,24,1,0
BRDA:155,25,0,0
BRDA:155,25,1,0
BRDA:170,26,0,0
BRDA:170,26,1,0
BRDA:170,27,0,0
BRDA:170,27,1,0
BRDA:171,28,0,0
BRDA:171,28,1,0
BRDA:176,29,0,0
BRDA:176,29,1,0
BRDA:182,30,0,0
BRDA:182,30,1,0
BRDA:182,31,0,0
BRDA:182,31,1,0
BRDA:183,32,0,0
BRDA:183,32,1,0
BRDA:188,33,0,0
BRDA:188,33,1,0
BRDA:206,34,0,0
BRDA:206,34,1,0
BRDA:210,35,0,0
BRDA:210,35,1,0
BRDA:236,36,0,0
BRDA:236,36,1,0
BRDA:238,37,0,0
BRDA:238,37,1,0
BRDA:273,38,0,0
BRDA:273,38,1,0
BRDA:275,39,0,0
BRDA:275,39,1,0
BRDA:299,40,0,0
BRDA:299,40,1,0
BRDA:302,41,0,0
BRDA:302,41,1,0
BRDA:322,42,0,0
BRDA:322,42,1,0
BRDA:323,43,0,0
BRDA:323,43,1,0
BRDA:324,44,0,0
BRDA:324,44,1,0
BRDA:325,45,0,0
BRDA:325,45,1,0
BRDA:331,46,0,0
BRDA:331,46,1,0
BRDA:334,47,0,0
BRDA:334,47,1,0
BRDA:342,48,0,0
BRDA:350,49,0,0
BRDA:350,49,1,0
BRDA:351,50,0,0
BRDA:351,50,1,0
BRDA:352,51,0,0
BRDA:352,51,1,0
BRDA:359,52,0,0
BRDA:359,52,1,0
BRDA:359,53,0,0
BRDA:359,53,1,0
BRDA:363,54,0,0
BRDA:363,54,1,0
BRDA:363,55,0,0
BRDA:363,55,1,0
BRDA:363,55,2,0
BRDA:364,56,0,0
BRDA:364,56,1,0
BRDA:374,57,0,0
BRDA:374,57,1,0
BRDA:387,58,0,0
BRDA:387,58,1,0
BRDA:390,59,0,0
BRDA:390,59,1,0
BRDA:406,60,0,0
BRDA:406,60,1,0
BRDA:409,61,0,0
BRDA:409,61,1,0
BRDA:424,62,0,0
BRDA:424,62,1,0
BRDA:425,63,0,0
BRDA:425,63,1,0
BRDA:426,64,0,0
BRDA:426,64,1,0
BRDA:427,65,0,0
BRDA:427,65,1,0
BRDA:432,66,0,0
BRDA:432,66,1,0
BRDA:453,67,0,0
BRDA:453,67,1,0
BRDA:456,68,0,0
BRDA:456,68,1,0
BRDA:475,69,0,0
BRDA:475,69,1,0
BRDA:478,70,0,0
BRDA:478,70,1,0
BRDA:511,71,0,0
BRDA:511,71,1,0
BRDA:517,72,0,0
BRDA:517,72,1,0
BRDA:520,73,0,0
BRDA:520,73,1,0
BRDA:540,74,0,0
BRDA:540,74,1,0
BRDA:550,75,0,0
BRDA:550,75,1,0
BRDA:553,76,0,0
BRDA:553,76,1,0
BRDA:554,77,0,0
BRDA:554,77,1,0
BRDA:572,78,0,0
BRDA:572,78,1,0
BRDA:584,79,0,0
BRDA:584,79,1,0
BRDA:592,80,0,0
BRDA:592,80,1,0
BRDA:594,81,0,0
BRDA:594,81,1,0
BRDA:605,82,0,0
BRDA:605,82,1,0
BRDA:606,83,0,0
BRDA:606,83,1,0
BRDA:606,83,2,0
BRDA:607,84,0,0
BRDA:607,84,1,0
BRDA:608,85,0,0
BRDA:608,85,1,0
BRDA:625,86,0,0
BRDA:625,86,1,0
BRDA:627,87,0,0
BRDA:627,87,1,0
BRDA:659,88,0,0
BRDA:659,88,1,0
BRDA:661,89,0,0
BRDA:661,89,1,0
BRDA:707,90,0,0
BRDA:707,90,1,0
BRDA:709,91,0,0
BRDA:709,91,1,0
BRDA:734,92,0,0
BRDA:734,92,1,0
BRDA:737,93,0,0
BRDA:737,93,1,0
BRDA:758,94,0,0
BRDA:758,94,1,0
BRDA:758,95,0,0
BRDA:758,95,1,0
BRDA:759,96,0,0
BRDA:759,96,1,0
BRDA:775,97,0,0
BRDA:775,97,1,0
BRDA:777,98,0,0
BRDA:777,98,1,0
BRDA:781,99,0,0
BRDA:781,99,1,0
BRDA:856,100,0,0
BRDA:856,100,1,0
BRDA:916,101,0,0
BRDA:916,101,1,0
BRDA:931,102,0,0
BRDA:931,102,1,0
BRDA:947,103,0,0
BRDA:947,103,1,0
BRF:209
BRH:0
end_of_record
TN:
SF:src/pages/dahboard-page/dashboard.js
FN:16,(anonymous_0)
FN:22,(anonymous_1)
FN:27,(anonymous_2)
FN:31,(anonymous_3)
FN:35,(anonymous_4)
FN:38,(anonymous_5)
FN:42,(anonymous_6)
FN:46,(anonymous_7)
FN:56,(anonymous_8)
FN:86,(anonymous_9)
FN:117,(anonymous_10)
FNF:11
FNH:3
FNDA:5,(anonymous_0)
FNDA:1,(anonymous_1)
FNDA:0,(anonymous_2)
FNDA:0,(anonymous_3)
FNDA:0,(anonymous_4)
FNDA:0,(anonymous_5)
FNDA:0,(anonymous_6)
FNDA:5,(anonymous_7)
FNDA:0,(anonymous_8)
FNDA:0,(anonymous_9)
FNDA:0,(anonymous_10)
DA:16,9
DA:17,5
DA:18,5
DA:19,5
DA:20,5
DA:22,5
DA:23,1
DA:24,1
DA:27,5
DA:28,0
DA:31,5
DA:32,0
DA:35,5
DA:36,0
DA:38,5
DA:39,0
DA:42,5
DA:43,0
DA:46,5
DA:47,5
DA:48,5
DA:49,5
DA:50,0
DA:51,0
DA:52,0
DA:55,5
DA:56,0
DA:58,0
DA:59,0
DA:66,5
DA:86,0
DA:117,0
LF:32
LH:19
BRDA:49,0,0,0
BRDA:49,0,1,5
BRDA:51,1,0,0
BRDA:51,1,1,0
BRDA:55,2,0,0
BRDA:55,2,1,5
BRDA:58,3,0,0
BRDA:58,3,1,0
BRDA:58,4,0,0
BRDA:58,4,1,0
BRDA:73,5,0,5
BRDA:73,5,1,0
BRDA:74,6,0,5
BRDA:74,6,1,5
BRDA:75,7,0,5
BRDA:75,7,1,0
BRDA:76,8,0,5
BRDA:76,8,1,0
BRDA:90,9,0,5
BRDA:90,9,1,5
BRDA:95,10,0,5
BRDA:95,10,1,0
BRDA:100,11,0,5
BRDA:100,11,1,0
BRDA:105,12,0,5
BRDA:105,12,1,0
BRDA:110,13,0,5
BRDA:110,13,1,0
BRDA:116,14,0,5
BRDA:116,14,1,0
BRF:30
BRH:14
end_of_record
TN:
SF:src/pages/login-page/login.js
FN:4,(anonymous_0)
FNF:1
FNH:1
FNDA:1,(anonymous_0)
DA:4,9
DA:5,1
LF:2
LH:2
BRF:0
BRH:0
end_of_record
TN:
SF:src/utils/textUtils.js
FN:10,normalizeText
FN:26,flexibleSearch
FN:31,(anonymous_2)
FN:44,searchInObject
FN:47,(anonymous_4)
FNF:5
FNH:5
FNDA:43,normalizeText
FNDA:18,flexibleSearch
FNDA:19,(anonymous_2)
FNDA:11,searchInObject
FNDA:12,(anonymous_4)
DA:11,43
DA:13,35
DA:27,18
DA:29,14
DA:31,14
DA:32,19
DA:33,19
DA:45,11
DA:47,8
DA:49,12
DA:50,12
DA:52,12
DA:53,13
DA:54,13
DA:57,12
DA:60,8
LF:16
LH:16
BRDA:11,0,0,8
BRDA:11,0,1,35
BRDA:11,1,0,43
BRDA:11,1,1,36
BRDA:27,2,0,4
BRDA:27,2,1,14
BRDA:27,3,0,18
BRDA:27,3,1,15
BRDA:27,3,2,15
BRDA:32,4,0,19
BRDA:32,4,1,4
BRDA:45,5,0,3
BRDA:45,5,1,8
BRDA:45,6,0,11
BRDA:45,6,1,9
BRDA:54,7,0,2
BRDA:54,7,1,11
BRDA:54,8,0,13
BRDA:54,8,1,12
BRDA:57,9,0,12
BRDA:57,9,1,2
BRF:21
BRH:21
end_of_record
